/home/natdanai/ROS_Source_Code/yahboomcar_ws/function_package_without_WiFi_module/yahboomcar_ws/install/yahboomcar_bringup/lib/python3.10/site-packages/yahboomcar_bringup/calibrate_linear.py
/home/natdanai/ROS_Source_Code/yahboomcar_ws/function_package_without_WiFi_module/yahboomcar_ws/install/yahboomcar_bringup/lib/python3.10/site-packages/yahboomcar_bringup/untitled.py
/home/natdanai/ROS_Source_Code/yahboomcar_ws/function_package_without_WiFi_module/yahboomcar_ws/install/yahboomcar_bringup/lib/python3.10/site-packages/yahboomcar_bringup/__init__.py
/home/natdanai/ROS_Source_Code/yahboomcar_ws/function_package_without_WiFi_module/yahboomcar_ws/install/yahboomcar_bringup/lib/python3.10/site-packages/yahboomcar_bringup/calibrate_angular.py
/home/natdanai/ROS_Source_Code/yahboomcar_ws/function_package_without_WiFi_module/yahboomcar_ws/install/yahboomcar_bringup/lib/python3.10/site-packages/yahboomcar_bringup/patrol.py
/home/natdanai/ROS_Source_Code/yahboomcar_ws/function_package_without_WiFi_module/yahboomcar_ws/install/yahboomcar_bringup/lib/python3.10/site-packages/yahboomcar_bringup/test.py
/home/natdanai/ROS_Source_Code/yahboomcar_ws/function_package_without_WiFi_module/yahboomcar_ws/install/yahboomcar_bringup/lib/python3.10/site-packages/yahboomcar_bringup/transform_utils.py
/home/natdanai/ROS_Source_Code/yahboomcar_ws/function_package_without_WiFi_module/yahboomcar_ws/install/yahboomcar_bringup/lib/python3.10/site-packages/yahboomcar_bringup/__pycache__/calibrate_linear.cpython-310.pyc
/home/natdanai/ROS_Source_Code/yahboomcar_ws/function_package_without_WiFi_module/yahboomcar_ws/install/yahboomcar_bringup/lib/python3.10/site-packages/yahboomcar_bringup/__pycache__/untitled.cpython-310.pyc
/home/natdanai/ROS_Source_Code/yahboomcar_ws/function_package_without_WiFi_module/yahboomcar_ws/install/yahboomcar_bringup/lib/python3.10/site-packages/yahboomcar_bringup/__pycache__/__init__.cpython-310.pyc
/home/natdanai/ROS_Source_Code/yahboomcar_ws/function_package_without_WiFi_module/yahboomcar_ws/install/yahboomcar_bringup/lib/python3.10/site-packages/yahboomcar_bringup/__pycache__/calibrate_angular.cpython-310.pyc
/home/natdanai/ROS_Source_Code/yahboomcar_ws/function_package_without_WiFi_module/yahboomcar_ws/install/yahboomcar_bringup/lib/python3.10/site-packages/yahboomcar_bringup/__pycache__/patrol.cpython-310.pyc
/home/natdanai/ROS_Source_Code/yahboomcar_ws/function_package_without_WiFi_module/yahboomcar_ws/install/yahboomcar_bringup/lib/python3.10/site-packages/yahboomcar_bringup/__pycache__/test.cpython-310.pyc
/home/natdanai/ROS_Source_Code/yahboomcar_ws/function_package_without_WiFi_module/yahboomcar_ws/install/yahboomcar_bringup/lib/python3.10/site-packages/yahboomcar_bringup/__pycache__/transform_utils.cpython-310.pyc
/home/natdanai/ROS_Source_Code/yahboomcar_ws/function_package_without_WiFi_module/yahboomcar_ws/install/yahboomcar_bringup/share/ament_index/resource_index/packages/yahboomcar_bringup
/home/natdanai/ROS_Source_Code/yahboomcar_ws/function_package_without_WiFi_module/yahboomcar_ws/install/yahboomcar_bringup/share/yahboomcar_bringup/package.xml
/home/natdanai/ROS_Source_Code/yahboomcar_ws/function_package_without_WiFi_module/yahboomcar_ws/install/yahboomcar_bringup/share/yahboomcar_bringup/launch/yahboomcar_bringup_launch.py
/home/natdanai/ROS_Source_Code/yahboomcar_ws/function_package_without_WiFi_module/yahboomcar_ws/install/yahboomcar_bringup/share/yahboomcar_description/rviz/yahboomcar.rviz
/home/natdanai/ROS_Source_Code/yahboomcar_ws/function_package_without_WiFi_module/yahboomcar_ws/install/yahboomcar_bringup/share/yahboomcar_bringup/param/ekf_yahboom.yaml
/home/natdanai/ROS_Source_Code/yahboomcar_ws/function_package_without_WiFi_module/yahboomcar_ws/install/yahboomcar_bringup/share/yahboomcar_bringup/param/imu_filter_param.yaml
/home/natdanai/ROS_Source_Code/yahboomcar_ws/function_package_without_WiFi_module/yahboomcar_ws/install/yahboomcar_bringup/lib/python3.10/site-packages/yahboomcar_bringup-0.0.0-py3.10.egg-info/zip-safe
/home/natdanai/ROS_Source_Code/yahboomcar_ws/function_package_without_WiFi_module/yahboomcar_ws/install/yahboomcar_bringup/lib/python3.10/site-packages/yahboomcar_bringup-0.0.0-py3.10.egg-info/PKG-INFO
/home/natdanai/ROS_Source_Code/yahboomcar_ws/function_package_without_WiFi_module/yahboomcar_ws/install/yahboomcar_bringup/lib/python3.10/site-packages/yahboomcar_bringup-0.0.0-py3.10.egg-info/entry_points.txt
/home/natdanai/ROS_Source_Code/yahboomcar_ws/function_package_without_WiFi_module/yahboomcar_ws/install/yahboomcar_bringup/lib/python3.10/site-packages/yahboomcar_bringup-0.0.0-py3.10.egg-info/dependency_links.txt
/home/natdanai/ROS_Source_Code/yahboomcar_ws/function_package_without_WiFi_module/yahboomcar_ws/install/yahboomcar_bringup/lib/python3.10/site-packages/yahboomcar_bringup-0.0.0-py3.10.egg-info/requires.txt
/home/natdanai/ROS_Source_Code/yahboomcar_ws/function_package_without_WiFi_module/yahboomcar_ws/install/yahboomcar_bringup/lib/python3.10/site-packages/yahboomcar_bringup-0.0.0-py3.10.egg-info/SOURCES.txt
/home/natdanai/ROS_Source_Code/yahboomcar_ws/function_package_without_WiFi_module/yahboomcar_ws/install/yahboomcar_bringup/lib/python3.10/site-packages/yahboomcar_bringup-0.0.0-py3.10.egg-info/top_level.txt
/home/natdanai/ROS_Source_Code/yahboomcar_ws/function_package_without_WiFi_module/yahboomcar_ws/install/yahboomcar_bringup/lib/yahboomcar_bringup/Ackman_driver_R2
/home/natdanai/ROS_Source_Code/yahboomcar_ws/function_package_without_WiFi_module/yahboomcar_ws/install/yahboomcar_bringup/lib/yahboomcar_bringup/Mcnamu_driver_X3
/home/natdanai/ROS_Source_Code/yahboomcar_ws/function_package_without_WiFi_module/yahboomcar_ws/install/yahboomcar_bringup/lib/yahboomcar_bringup/Mcnamu_driver_x1
/home/natdanai/ROS_Source_Code/yahboomcar_ws/function_package_without_WiFi_module/yahboomcar_ws/install/yahboomcar_bringup/lib/yahboomcar_bringup/calibrate_angular
/home/natdanai/ROS_Source_Code/yahboomcar_ws/function_package_without_WiFi_module/yahboomcar_ws/install/yahboomcar_bringup/lib/yahboomcar_bringup/calibrate_angular_R2
/home/natdanai/ROS_Source_Code/yahboomcar_ws/function_package_without_WiFi_module/yahboomcar_ws/install/yahboomcar_bringup/lib/yahboomcar_bringup/calibrate_linear
/home/natdanai/ROS_Source_Code/yahboomcar_ws/function_package_without_WiFi_module/yahboomcar_ws/install/yahboomcar_bringup/lib/yahboomcar_bringup/calibrate_linear_R2
/home/natdanai/ROS_Source_Code/yahboomcar_ws/function_package_without_WiFi_module/yahboomcar_ws/install/yahboomcar_bringup/lib/yahboomcar_bringup/patrol
/home/natdanai/ROS_Source_Code/yahboomcar_ws/function_package_without_WiFi_module/yahboomcar_ws/install/yahboomcar_bringup/lib/yahboomcar_bringup/patrol_4ROS
/home/natdanai/ROS_Source_Code/yahboomcar_ws/function_package_without_WiFi_module/yahboomcar_ws/install/yahboomcar_bringup/lib/yahboomcar_bringup/patrol_4ROS_R2
/home/natdanai/ROS_Source_Code/yahboomcar_ws/function_package_without_WiFi_module/yahboomcar_ws/install/yahboomcar_bringup/lib/yahboomcar_bringup/patrol_a1_R2
