[0.067s] DEBUG:colcon:Command line arguments: ['/usr/bin/colcon', 'build', '--packages-select', 'waypoint_nav']
[0.067s] DEBUG:colcon:Parsed command line arguments: Namespace(log_base=None, log_level=None, verb_name='build', build_base='build', install_base='install', merge_install=False, symlink_install=False, test_result_base=None, continue_on_error=False, executor='parallel', parallel_workers=16, event_handlers=None, ignore_user_meta=False, metas=['./colcon.meta'], base_paths=['.'], packages_ignore=None, packages_ignore_regex=None, paths=None, packages_up_to=None, packages_up_to_regex=None, packages_above=None, packages_above_and_dependencies=None, packages_above_depth=None, packages_select_by_dep=None, packages_skip_by_dep=None, packages_skip_up_to=None, packages_select_build_failed=False, packages_skip_build_finished=False, packages_select_test_failures=False, packages_skip_test_passed=False, packages_select=['waypoint_nav'], packages_skip=None, packages_select_regex=None, packages_skip_regex=None, packages_start=None, packages_end=None, allow_overriding=[], cmake_args=None, cmake_target=None, cmake_target_skip_unavailable=False, cmake_clean_cache=False, cmake_clean_first=False, cmake_force_configure=False, ament_cmake_args=None, catkin_cmake_args=None, catkin_skip_building_tests=False, verb_parser=<colcon_defaults.argument_parser.defaults.DefaultArgumentsDecorator object at 0x77c8b8e81690>, verb_extension=<colcon_core.verb.build.BuildVerb object at 0x77c8b8e81180>, main=<bound method BuildVerb.main of <colcon_core.verb.build.BuildVerb object at 0x77c8b8e81180>>)
[0.178s] Level 1:colcon.colcon_core.package_discovery:discover_packages(colcon_meta) check parameters
[0.178s] Level 1:colcon.colcon_core.package_discovery:discover_packages(recursive) check parameters
[0.178s] Level 1:colcon.colcon_core.package_discovery:discover_packages(ignore) check parameters
[0.178s] Level 1:colcon.colcon_core.package_discovery:discover_packages(path) check parameters
[0.178s] Level 1:colcon.colcon_core.package_discovery:discover_packages(colcon_meta) discover
[0.178s] Level 1:colcon.colcon_core.package_discovery:discover_packages(recursive) discover
[0.178s] INFO:colcon.colcon_core.package_discovery:Crawling recursively for packages in '/home/natdanai/ROS_Source_Code/yahboomcar_ws/function_package_without_WiFi_module/yahboomcar_ws'
[0.178s] Level 1:colcon.colcon_core.package_identification:_identify(.) by extensions ['ignore', 'ignore_ament_install']
[0.178s] Level 1:colcon.colcon_core.package_identification:_identify(.) by extension 'ignore'
[0.178s] Level 1:colcon.colcon_core.package_identification:_identify(.) by extension 'ignore_ament_install'
[0.178s] Level 1:colcon.colcon_core.package_identification:_identify(.) by extensions ['colcon_pkg']
[0.178s] Level 1:colcon.colcon_core.package_identification:_identify(.) by extension 'colcon_pkg'
[0.178s] Level 1:colcon.colcon_core.package_identification:_identify(.) by extensions ['colcon_meta']
[0.178s] Level 1:colcon.colcon_core.package_identification:_identify(.) by extension 'colcon_meta'
[0.178s] Level 1:colcon.colcon_core.package_identification:_identify(.) by extensions ['ros']
[0.178s] Level 1:colcon.colcon_core.package_identification:_identify(.) by extension 'ros'
[0.201s] Level 1:colcon.colcon_core.package_identification:_identify(.) by extensions ['cmake', 'python']
[0.201s] Level 1:colcon.colcon_core.package_identification:_identify(.) by extension 'cmake'
[0.201s] Level 1:colcon.colcon_core.package_identification:_identify(.) by extension 'python'
[0.202s] Level 1:colcon.colcon_core.package_identification:_identify(.) by extensions ['python_setup_py']
[0.202s] Level 1:colcon.colcon_core.package_identification:_identify(.) by extension 'python_setup_py'
[0.202s] Level 1:colcon.colcon_core.package_identification:_identify(build) by extensions ['ignore', 'ignore_ament_install']
[0.202s] Level 1:colcon.colcon_core.package_identification:_identify(build) by extension 'ignore'
[0.202s] Level 1:colcon.colcon_core.package_identification:_identify(build) ignored
[0.202s] Level 1:colcon.colcon_core.package_identification:_identify(install) by extensions ['ignore', 'ignore_ament_install']
[0.202s] Level 1:colcon.colcon_core.package_identification:_identify(install) by extension 'ignore'
[0.202s] Level 1:colcon.colcon_core.package_identification:_identify(install) ignored
[0.202s] Level 1:colcon.colcon_core.package_identification:_identify(log) by extensions ['ignore', 'ignore_ament_install']
[0.202s] Level 1:colcon.colcon_core.package_identification:_identify(log) by extension 'ignore'
[0.202s] Level 1:colcon.colcon_core.package_identification:_identify(log) ignored
[0.202s] Level 1:colcon.colcon_core.package_identification:_identify(src) by extensions ['ignore', 'ignore_ament_install']
[0.202s] Level 1:colcon.colcon_core.package_identification:_identify(src) by extension 'ignore'
[0.202s] Level 1:colcon.colcon_core.package_identification:_identify(src) by extension 'ignore_ament_install'
[0.202s] Level 1:colcon.colcon_core.package_identification:_identify(src) by extensions ['colcon_pkg']
[0.202s] Level 1:colcon.colcon_core.package_identification:_identify(src) by extension 'colcon_pkg'
[0.202s] Level 1:colcon.colcon_core.package_identification:_identify(src) by extensions ['colcon_meta']
[0.202s] Level 1:colcon.colcon_core.package_identification:_identify(src) by extension 'colcon_meta'
[0.202s] Level 1:colcon.colcon_core.package_identification:_identify(src) by extensions ['ros']
[0.202s] Level 1:colcon.colcon_core.package_identification:_identify(src) by extension 'ros'
[0.202s] Level 1:colcon.colcon_core.package_identification:_identify(src) by extensions ['cmake', 'python']
[0.202s] Level 1:colcon.colcon_core.package_identification:_identify(src) by extension 'cmake'
[0.202s] Level 1:colcon.colcon_core.package_identification:_identify(src) by extension 'python'
[0.202s] Level 1:colcon.colcon_core.package_identification:_identify(src) by extensions ['python_setup_py']
[0.202s] Level 1:colcon.colcon_core.package_identification:_identify(src) by extension 'python_setup_py'
[0.202s] Level 1:colcon.colcon_core.package_identification:_identify(src/laserscan_to_point_publisher) by extensions ['ignore', 'ignore_ament_install']
[0.202s] Level 1:colcon.colcon_core.package_identification:_identify(src/laserscan_to_point_publisher) by extension 'ignore'
[0.202s] Level 1:colcon.colcon_core.package_identification:_identify(src/laserscan_to_point_publisher) by extension 'ignore_ament_install'
[0.202s] Level 1:colcon.colcon_core.package_identification:_identify(src/laserscan_to_point_publisher) by extensions ['colcon_pkg']
[0.202s] Level 1:colcon.colcon_core.package_identification:_identify(src/laserscan_to_point_publisher) by extension 'colcon_pkg'
[0.202s] Level 1:colcon.colcon_core.package_identification:_identify(src/laserscan_to_point_publisher) by extensions ['colcon_meta']
[0.202s] Level 1:colcon.colcon_core.package_identification:_identify(src/laserscan_to_point_publisher) by extension 'colcon_meta'
[0.203s] Level 1:colcon.colcon_core.package_identification:_identify(src/laserscan_to_point_publisher) by extensions ['ros']
[0.203s] Level 1:colcon.colcon_core.package_identification:_identify(src/laserscan_to_point_publisher) by extension 'ros'
[0.204s] DEBUG:colcon.colcon_core.package_identification:Package 'src/laserscan_to_point_publisher' with type 'ros.ament_python' and name 'laserscan_to_point_publisher'
[0.204s] Level 1:colcon.colcon_core.package_identification:_identify(src/robot_localization) by extensions ['ignore', 'ignore_ament_install']
[0.204s] Level 1:colcon.colcon_core.package_identification:_identify(src/robot_localization) by extension 'ignore'
[0.204s] Level 1:colcon.colcon_core.package_identification:_identify(src/robot_localization) by extension 'ignore_ament_install'
[0.204s] Level 1:colcon.colcon_core.package_identification:_identify(src/robot_localization) by extensions ['colcon_pkg']
[0.204s] Level 1:colcon.colcon_core.package_identification:_identify(src/robot_localization) by extension 'colcon_pkg'
[0.204s] Level 1:colcon.colcon_core.package_identification:_identify(src/robot_localization) by extensions ['colcon_meta']
[0.204s] Level 1:colcon.colcon_core.package_identification:_identify(src/robot_localization) by extension 'colcon_meta'
[0.204s] Level 1:colcon.colcon_core.package_identification:_identify(src/robot_localization) by extensions ['ros']
[0.204s] Level 1:colcon.colcon_core.package_identification:_identify(src/robot_localization) by extension 'ros'
[0.204s] Level 1:colcon.colcon_core.package_identification:_identify(src/robot_localization) by extensions ['cmake', 'python']
[0.204s] Level 1:colcon.colcon_core.package_identification:_identify(src/robot_localization) by extension 'cmake'
[0.204s] Level 1:colcon.colcon_core.package_identification:_identify(src/robot_localization) by extension 'python'
[0.204s] Level 1:colcon.colcon_core.package_identification:_identify(src/robot_localization) by extensions ['python_setup_py']
[0.204s] Level 1:colcon.colcon_core.package_identification:_identify(src/robot_localization) by extension 'python_setup_py'
[0.204s] Level 1:colcon.colcon_core.package_identification:_identify(src/robot_pose_publisher_ros2) by extensions ['ignore', 'ignore_ament_install']
[0.205s] Level 1:colcon.colcon_core.package_identification:_identify(src/robot_pose_publisher_ros2) by extension 'ignore'
[0.205s] Level 1:colcon.colcon_core.package_identification:_identify(src/robot_pose_publisher_ros2) by extension 'ignore_ament_install'
[0.205s] Level 1:colcon.colcon_core.package_identification:_identify(src/robot_pose_publisher_ros2) by extensions ['colcon_pkg']
[0.205s] Level 1:colcon.colcon_core.package_identification:_identify(src/robot_pose_publisher_ros2) by extension 'colcon_pkg'
[0.205s] Level 1:colcon.colcon_core.package_identification:_identify(src/robot_pose_publisher_ros2) by extensions ['colcon_meta']
[0.205s] Level 1:colcon.colcon_core.package_identification:_identify(src/robot_pose_publisher_ros2) by extension 'colcon_meta'
[0.205s] Level 1:colcon.colcon_core.package_identification:_identify(src/robot_pose_publisher_ros2) by extensions ['ros']
[0.205s] Level 1:colcon.colcon_core.package_identification:_identify(src/robot_pose_publisher_ros2) by extension 'ros'
[0.205s] DEBUG:colcon.colcon_core.package_identification:Package 'src/robot_pose_publisher_ros2' with type 'ros.ament_cmake' and name 'robot_pose_publisher_ros2'
[0.205s] Level 1:colcon.colcon_core.package_identification:_identify(src/slam_gmapping) by extensions ['ignore', 'ignore_ament_install']
[0.205s] Level 1:colcon.colcon_core.package_identification:_identify(src/slam_gmapping) by extension 'ignore'
[0.205s] Level 1:colcon.colcon_core.package_identification:_identify(src/slam_gmapping) by extension 'ignore_ament_install'
[0.205s] Level 1:colcon.colcon_core.package_identification:_identify(src/slam_gmapping) by extensions ['colcon_pkg']
[0.205s] Level 1:colcon.colcon_core.package_identification:_identify(src/slam_gmapping) by extension 'colcon_pkg'
[0.205s] Level 1:colcon.colcon_core.package_identification:_identify(src/slam_gmapping) by extensions ['colcon_meta']
[0.205s] Level 1:colcon.colcon_core.package_identification:_identify(src/slam_gmapping) by extension 'colcon_meta'
[0.205s] Level 1:colcon.colcon_core.package_identification:_identify(src/slam_gmapping) by extensions ['ros']
[0.205s] Level 1:colcon.colcon_core.package_identification:_identify(src/slam_gmapping) by extension 'ros'
[0.205s] Level 1:colcon.colcon_core.package_identification:_identify(src/slam_gmapping) by extensions ['cmake', 'python']
[0.205s] Level 1:colcon.colcon_core.package_identification:_identify(src/slam_gmapping) by extension 'cmake'
[0.205s] Level 1:colcon.colcon_core.package_identification:_identify(src/slam_gmapping) by extension 'python'
[0.205s] Level 1:colcon.colcon_core.package_identification:_identify(src/slam_gmapping) by extensions ['python_setup_py']
[0.205s] Level 1:colcon.colcon_core.package_identification:_identify(src/slam_gmapping) by extension 'python_setup_py'
[0.206s] Level 1:colcon.colcon_core.package_identification:_identify(src/slam_gmapping/openslam_gmapping) by extensions ['ignore', 'ignore_ament_install']
[0.206s] Level 1:colcon.colcon_core.package_identification:_identify(src/slam_gmapping/openslam_gmapping) by extension 'ignore'
[0.206s] Level 1:colcon.colcon_core.package_identification:_identify(src/slam_gmapping/openslam_gmapping) by extension 'ignore_ament_install'
[0.206s] Level 1:colcon.colcon_core.package_identification:_identify(src/slam_gmapping/openslam_gmapping) by extensions ['colcon_pkg']
[0.206s] Level 1:colcon.colcon_core.package_identification:_identify(src/slam_gmapping/openslam_gmapping) by extension 'colcon_pkg'
[0.206s] Level 1:colcon.colcon_core.package_identification:_identify(src/slam_gmapping/openslam_gmapping) by extensions ['colcon_meta']
[0.206s] Level 1:colcon.colcon_core.package_identification:_identify(src/slam_gmapping/openslam_gmapping) by extension 'colcon_meta'
[0.206s] Level 1:colcon.colcon_core.package_identification:_identify(src/slam_gmapping/openslam_gmapping) by extensions ['ros']
[0.206s] Level 1:colcon.colcon_core.package_identification:_identify(src/slam_gmapping/openslam_gmapping) by extension 'ros'
[0.206s] DEBUG:colcon.colcon_core.package_identification:Package 'src/slam_gmapping/openslam_gmapping' with type 'ros.ament_cmake' and name 'openslam_gmapping'
[0.206s] Level 1:colcon.colcon_core.package_identification:_identify(src/slam_gmapping/slam_gmapping) by extensions ['ignore', 'ignore_ament_install']
[0.206s] Level 1:colcon.colcon_core.package_identification:_identify(src/slam_gmapping/slam_gmapping) by extension 'ignore'
[0.206s] Level 1:colcon.colcon_core.package_identification:_identify(src/slam_gmapping/slam_gmapping) by extension 'ignore_ament_install'
[0.206s] Level 1:colcon.colcon_core.package_identification:_identify(src/slam_gmapping/slam_gmapping) by extensions ['colcon_pkg']
[0.206s] Level 1:colcon.colcon_core.package_identification:_identify(src/slam_gmapping/slam_gmapping) by extension 'colcon_pkg'
[0.206s] Level 1:colcon.colcon_core.package_identification:_identify(src/slam_gmapping/slam_gmapping) by extensions ['colcon_meta']
[0.206s] Level 1:colcon.colcon_core.package_identification:_identify(src/slam_gmapping/slam_gmapping) by extension 'colcon_meta'
[0.206s] Level 1:colcon.colcon_core.package_identification:_identify(src/slam_gmapping/slam_gmapping) by extensions ['ros']
[0.206s] Level 1:colcon.colcon_core.package_identification:_identify(src/slam_gmapping/slam_gmapping) by extension 'ros'
[0.207s] DEBUG:colcon.colcon_core.package_identification:Package 'src/slam_gmapping/slam_gmapping' with type 'ros.ament_cmake' and name 'slam_gmapping'
[0.207s] Level 1:colcon.colcon_core.package_identification:_identify(src/waypoint_nav) by extensions ['ignore', 'ignore_ament_install']
[0.207s] Level 1:colcon.colcon_core.package_identification:_identify(src/waypoint_nav) by extension 'ignore'
[0.207s] Level 1:colcon.colcon_core.package_identification:_identify(src/waypoint_nav) by extension 'ignore_ament_install'
[0.207s] Level 1:colcon.colcon_core.package_identification:_identify(src/waypoint_nav) by extensions ['colcon_pkg']
[0.207s] Level 1:colcon.colcon_core.package_identification:_identify(src/waypoint_nav) by extension 'colcon_pkg'
[0.207s] Level 1:colcon.colcon_core.package_identification:_identify(src/waypoint_nav) by extensions ['colcon_meta']
[0.207s] Level 1:colcon.colcon_core.package_identification:_identify(src/waypoint_nav) by extension 'colcon_meta'
[0.207s] Level 1:colcon.colcon_core.package_identification:_identify(src/waypoint_nav) by extensions ['ros']
[0.207s] Level 1:colcon.colcon_core.package_identification:_identify(src/waypoint_nav) by extension 'ros'
[0.208s] DEBUG:colcon.colcon_core.package_identification:Package 'src/waypoint_nav' with type 'ros.ament_python' and name 'waypoint_nav'
[0.208s] Level 1:colcon.colcon_core.package_identification:_identify(src/yahboom_app_save_map) by extensions ['ignore', 'ignore_ament_install']
[0.208s] Level 1:colcon.colcon_core.package_identification:_identify(src/yahboom_app_save_map) by extension 'ignore'
[0.208s] Level 1:colcon.colcon_core.package_identification:_identify(src/yahboom_app_save_map) by extension 'ignore_ament_install'
[0.208s] Level 1:colcon.colcon_core.package_identification:_identify(src/yahboom_app_save_map) by extensions ['colcon_pkg']
[0.208s] Level 1:colcon.colcon_core.package_identification:_identify(src/yahboom_app_save_map) by extension 'colcon_pkg'
[0.208s] Level 1:colcon.colcon_core.package_identification:_identify(src/yahboom_app_save_map) by extensions ['colcon_meta']
[0.208s] Level 1:colcon.colcon_core.package_identification:_identify(src/yahboom_app_save_map) by extension 'colcon_meta'
[0.208s] Level 1:colcon.colcon_core.package_identification:_identify(src/yahboom_app_save_map) by extensions ['ros']
[0.208s] Level 1:colcon.colcon_core.package_identification:_identify(src/yahboom_app_save_map) by extension 'ros'
[0.208s] DEBUG:colcon.colcon_core.package_identification:Package 'src/yahboom_app_save_map' with type 'ros.ament_python' and name 'yahboom_app_save_map'
[0.208s] Level 1:colcon.colcon_core.package_identification:_identify(src/yahboom_esp32_camera) by extensions ['ignore', 'ignore_ament_install']
[0.208s] Level 1:colcon.colcon_core.package_identification:_identify(src/yahboom_esp32_camera) by extension 'ignore'
[0.208s] Level 1:colcon.colcon_core.package_identification:_identify(src/yahboom_esp32_camera) by extension 'ignore_ament_install'
[0.208s] Level 1:colcon.colcon_core.package_identification:_identify(src/yahboom_esp32_camera) by extensions ['colcon_pkg']
[0.209s] Level 1:colcon.colcon_core.package_identification:_identify(src/yahboom_esp32_camera) by extension 'colcon_pkg'
[0.209s] Level 1:colcon.colcon_core.package_identification:_identify(src/yahboom_esp32_camera) by extensions ['colcon_meta']
[0.209s] Level 1:colcon.colcon_core.package_identification:_identify(src/yahboom_esp32_camera) by extension 'colcon_meta'
[0.209s] Level 1:colcon.colcon_core.package_identification:_identify(src/yahboom_esp32_camera) by extensions ['ros']
[0.209s] Level 1:colcon.colcon_core.package_identification:_identify(src/yahboom_esp32_camera) by extension 'ros'
[0.209s] DEBUG:colcon.colcon_core.package_identification:Package 'src/yahboom_esp32_camera' with type 'ros.ament_python' and name 'yahboom_esp32_camera'
[0.209s] Level 1:colcon.colcon_core.package_identification:_identify(src/yahboom_esp32_mediapipe) by extensions ['ignore', 'ignore_ament_install']
[0.209s] Level 1:colcon.colcon_core.package_identification:_identify(src/yahboom_esp32_mediapipe) by extension 'ignore'
[0.209s] Level 1:colcon.colcon_core.package_identification:_identify(src/yahboom_esp32_mediapipe) by extension 'ignore_ament_install'
[0.209s] Level 1:colcon.colcon_core.package_identification:_identify(src/yahboom_esp32_mediapipe) by extensions ['colcon_pkg']
[0.209s] Level 1:colcon.colcon_core.package_identification:_identify(src/yahboom_esp32_mediapipe) by extension 'colcon_pkg'
[0.209s] Level 1:colcon.colcon_core.package_identification:_identify(src/yahboom_esp32_mediapipe) by extensions ['colcon_meta']
[0.209s] Level 1:colcon.colcon_core.package_identification:_identify(src/yahboom_esp32_mediapipe) by extension 'colcon_meta'
[0.209s] Level 1:colcon.colcon_core.package_identification:_identify(src/yahboom_esp32_mediapipe) by extensions ['ros']
[0.209s] Level 1:colcon.colcon_core.package_identification:_identify(src/yahboom_esp32_mediapipe) by extension 'ros'
[0.209s] DEBUG:colcon.colcon_core.package_identification:Package 'src/yahboom_esp32_mediapipe' with type 'ros.ament_python' and name 'yahboom_esp32_mediapipe'
[0.210s] Level 1:colcon.colcon_core.package_identification:_identify(src/yahboom_esp32ai_car) by extensions ['ignore', 'ignore_ament_install']
[0.210s] Level 1:colcon.colcon_core.package_identification:_identify(src/yahboom_esp32ai_car) by extension 'ignore'
[0.210s] Level 1:colcon.colcon_core.package_identification:_identify(src/yahboom_esp32ai_car) by extension 'ignore_ament_install'
[0.210s] Level 1:colcon.colcon_core.package_identification:_identify(src/yahboom_esp32ai_car) by extensions ['colcon_pkg']
[0.210s] Level 1:colcon.colcon_core.package_identification:_identify(src/yahboom_esp32ai_car) by extension 'colcon_pkg'
[0.210s] Level 1:colcon.colcon_core.package_identification:_identify(src/yahboom_esp32ai_car) by extensions ['colcon_meta']
[0.210s] Level 1:colcon.colcon_core.package_identification:_identify(src/yahboom_esp32ai_car) by extension 'colcon_meta'
[0.210s] Level 1:colcon.colcon_core.package_identification:_identify(src/yahboom_esp32ai_car) by extensions ['ros']
[0.210s] Level 1:colcon.colcon_core.package_identification:_identify(src/yahboom_esp32ai_car) by extension 'ros'
[0.210s] DEBUG:colcon.colcon_core.package_identification:Package 'src/yahboom_esp32ai_car' with type 'ros.ament_python' and name 'yahboom_esp32ai_car'
[0.210s] Level 1:colcon.colcon_core.package_identification:_identify(src/yahboom_web_savmap_interfaces) by extensions ['ignore', 'ignore_ament_install']
[0.210s] Level 1:colcon.colcon_core.package_identification:_identify(src/yahboom_web_savmap_interfaces) by extension 'ignore'
[0.210s] Level 1:colcon.colcon_core.package_identification:_identify(src/yahboom_web_savmap_interfaces) by extension 'ignore_ament_install'
[0.210s] Level 1:colcon.colcon_core.package_identification:_identify(src/yahboom_web_savmap_interfaces) by extensions ['colcon_pkg']
[0.210s] Level 1:colcon.colcon_core.package_identification:_identify(src/yahboom_web_savmap_interfaces) by extension 'colcon_pkg'
[0.210s] Level 1:colcon.colcon_core.package_identification:_identify(src/yahboom_web_savmap_interfaces) by extensions ['colcon_meta']
[0.210s] Level 1:colcon.colcon_core.package_identification:_identify(src/yahboom_web_savmap_interfaces) by extension 'colcon_meta'
[0.210s] Level 1:colcon.colcon_core.package_identification:_identify(src/yahboom_web_savmap_interfaces) by extensions ['ros']
[0.210s] Level 1:colcon.colcon_core.package_identification:_identify(src/yahboom_web_savmap_interfaces) by extension 'ros'
[0.211s] DEBUG:colcon.colcon_core.package_identification:Package 'src/yahboom_web_savmap_interfaces' with type 'ros.ament_cmake' and name 'yahboom_web_savmap_interfaces'
[0.211s] Level 1:colcon.colcon_core.package_identification:_identify(src/yahboomcar_base_node) by extensions ['ignore', 'ignore_ament_install']
[0.211s] Level 1:colcon.colcon_core.package_identification:_identify(src/yahboomcar_base_node) by extension 'ignore'
[0.211s] Level 1:colcon.colcon_core.package_identification:_identify(src/yahboomcar_base_node) by extension 'ignore_ament_install'
[0.211s] Level 1:colcon.colcon_core.package_identification:_identify(src/yahboomcar_base_node) by extensions ['colcon_pkg']
[0.211s] Level 1:colcon.colcon_core.package_identification:_identify(src/yahboomcar_base_node) by extension 'colcon_pkg'
[0.211s] Level 1:colcon.colcon_core.package_identification:_identify(src/yahboomcar_base_node) by extensions ['colcon_meta']
[0.211s] Level 1:colcon.colcon_core.package_identification:_identify(src/yahboomcar_base_node) by extension 'colcon_meta'
[0.211s] Level 1:colcon.colcon_core.package_identification:_identify(src/yahboomcar_base_node) by extensions ['ros']
[0.211s] Level 1:colcon.colcon_core.package_identification:_identify(src/yahboomcar_base_node) by extension 'ros'
[0.211s] DEBUG:colcon.colcon_core.package_identification:Package 'src/yahboomcar_base_node' with type 'ros.ament_cmake' and name 'yahboomcar_base_node'
[0.211s] Level 1:colcon.colcon_core.package_identification:_identify(src/yahboomcar_bringup) by extensions ['ignore', 'ignore_ament_install']
[0.212s] Level 1:colcon.colcon_core.package_identification:_identify(src/yahboomcar_bringup) by extension 'ignore'
[0.212s] Level 1:colcon.colcon_core.package_identification:_identify(src/yahboomcar_bringup) by extension 'ignore_ament_install'
[0.212s] Level 1:colcon.colcon_core.package_identification:_identify(src/yahboomcar_bringup) by extensions ['colcon_pkg']
[0.212s] Level 1:colcon.colcon_core.package_identification:_identify(src/yahboomcar_bringup) by extension 'colcon_pkg'
[0.212s] Level 1:colcon.colcon_core.package_identification:_identify(src/yahboomcar_bringup) by extensions ['colcon_meta']
[0.212s] Level 1:colcon.colcon_core.package_identification:_identify(src/yahboomcar_bringup) by extension 'colcon_meta'
[0.212s] Level 1:colcon.colcon_core.package_identification:_identify(src/yahboomcar_bringup) by extensions ['ros']
[0.212s] Level 1:colcon.colcon_core.package_identification:_identify(src/yahboomcar_bringup) by extension 'ros'
[0.212s] DEBUG:colcon.colcon_core.package_identification:Package 'src/yahboomcar_bringup' with type 'ros.ament_python' and name 'yahboomcar_bringup'
[0.212s] Level 1:colcon.colcon_core.package_identification:_identify(src/yahboomcar_ctrl) by extensions ['ignore', 'ignore_ament_install']
[0.212s] Level 1:colcon.colcon_core.package_identification:_identify(src/yahboomcar_ctrl) by extension 'ignore'
[0.212s] Level 1:colcon.colcon_core.package_identification:_identify(src/yahboomcar_ctrl) by extension 'ignore_ament_install'
[0.212s] Level 1:colcon.colcon_core.package_identification:_identify(src/yahboomcar_ctrl) by extensions ['colcon_pkg']
[0.212s] Level 1:colcon.colcon_core.package_identification:_identify(src/yahboomcar_ctrl) by extension 'colcon_pkg'
[0.212s] Level 1:colcon.colcon_core.package_identification:_identify(src/yahboomcar_ctrl) by extensions ['colcon_meta']
[0.212s] Level 1:colcon.colcon_core.package_identification:_identify(src/yahboomcar_ctrl) by extension 'colcon_meta'
[0.212s] Level 1:colcon.colcon_core.package_identification:_identify(src/yahboomcar_ctrl) by extensions ['ros']
[0.212s] Level 1:colcon.colcon_core.package_identification:_identify(src/yahboomcar_ctrl) by extension 'ros'
[0.213s] DEBUG:colcon.colcon_core.package_identification:Package 'src/yahboomcar_ctrl' with type 'ros.ament_python' and name 'yahboomcar_ctrl'
[0.213s] Level 1:colcon.colcon_core.package_identification:_identify(src/yahboomcar_description) by extensions ['ignore', 'ignore_ament_install']
[0.213s] Level 1:colcon.colcon_core.package_identification:_identify(src/yahboomcar_description) by extension 'ignore'
[0.213s] Level 1:colcon.colcon_core.package_identification:_identify(src/yahboomcar_description) by extension 'ignore_ament_install'
[0.213s] Level 1:colcon.colcon_core.package_identification:_identify(src/yahboomcar_description) by extensions ['colcon_pkg']
[0.213s] Level 1:colcon.colcon_core.package_identification:_identify(src/yahboomcar_description) by extension 'colcon_pkg'
[0.213s] Level 1:colcon.colcon_core.package_identification:_identify(src/yahboomcar_description) by extensions ['colcon_meta']
[0.213s] Level 1:colcon.colcon_core.package_identification:_identify(src/yahboomcar_description) by extension 'colcon_meta'
[0.213s] Level 1:colcon.colcon_core.package_identification:_identify(src/yahboomcar_description) by extensions ['ros']
[0.213s] Level 1:colcon.colcon_core.package_identification:_identify(src/yahboomcar_description) by extension 'ros'
[0.213s] DEBUG:colcon.colcon_core.package_identification:Package 'src/yahboomcar_description' with type 'ros.ament_python' and name 'yahboomcar_description'
[0.213s] Level 1:colcon.colcon_core.package_identification:_identify(src/yahboomcar_laser) by extensions ['ignore', 'ignore_ament_install']
[0.213s] Level 1:colcon.colcon_core.package_identification:_identify(src/yahboomcar_laser) by extension 'ignore'
[0.213s] Level 1:colcon.colcon_core.package_identification:_identify(src/yahboomcar_laser) by extension 'ignore_ament_install'
[0.213s] Level 1:colcon.colcon_core.package_identification:_identify(src/yahboomcar_laser) by extensions ['colcon_pkg']
[0.213s] Level 1:colcon.colcon_core.package_identification:_identify(src/yahboomcar_laser) by extension 'colcon_pkg'
[0.213s] Level 1:colcon.colcon_core.package_identification:_identify(src/yahboomcar_laser) by extensions ['colcon_meta']
[0.213s] Level 1:colcon.colcon_core.package_identification:_identify(src/yahboomcar_laser) by extension 'colcon_meta'
[0.213s] Level 1:colcon.colcon_core.package_identification:_identify(src/yahboomcar_laser) by extensions ['ros']
[0.213s] Level 1:colcon.colcon_core.package_identification:_identify(src/yahboomcar_laser) by extension 'ros'
[0.214s] DEBUG:colcon.colcon_core.package_identification:Package 'src/yahboomcar_laser' with type 'ros.ament_python' and name 'yahboomcar_laser'
[0.214s] Level 1:colcon.colcon_core.package_identification:_identify(src/yahboomcar_msgs) by extensions ['ignore', 'ignore_ament_install']
[0.214s] Level 1:colcon.colcon_core.package_identification:_identify(src/yahboomcar_msgs) by extension 'ignore'
[0.214s] Level 1:colcon.colcon_core.package_identification:_identify(src/yahboomcar_msgs) by extension 'ignore_ament_install'
[0.214s] Level 1:colcon.colcon_core.package_identification:_identify(src/yahboomcar_msgs) by extensions ['colcon_pkg']
[0.214s] Level 1:colcon.colcon_core.package_identification:_identify(src/yahboomcar_msgs) by extension 'colcon_pkg'
[0.214s] Level 1:colcon.colcon_core.package_identification:_identify(src/yahboomcar_msgs) by extensions ['colcon_meta']
[0.214s] Level 1:colcon.colcon_core.package_identification:_identify(src/yahboomcar_msgs) by extension 'colcon_meta'
[0.214s] Level 1:colcon.colcon_core.package_identification:_identify(src/yahboomcar_msgs) by extensions ['ros']
[0.214s] Level 1:colcon.colcon_core.package_identification:_identify(src/yahboomcar_msgs) by extension 'ros'
[0.214s] DEBUG:colcon.colcon_core.package_identification:Package 'src/yahboomcar_msgs' with type 'ros.ament_cmake' and name 'yahboomcar_msgs'
[0.214s] Level 1:colcon.colcon_core.package_identification:_identify(src/yahboomcar_multi) by extensions ['ignore', 'ignore_ament_install']
[0.214s] Level 1:colcon.colcon_core.package_identification:_identify(src/yahboomcar_multi) by extension 'ignore'
[0.214s] Level 1:colcon.colcon_core.package_identification:_identify(src/yahboomcar_multi) by extension 'ignore_ament_install'
[0.214s] Level 1:colcon.colcon_core.package_identification:_identify(src/yahboomcar_multi) by extensions ['colcon_pkg']
[0.214s] Level 1:colcon.colcon_core.package_identification:_identify(src/yahboomcar_multi) by extension 'colcon_pkg'
[0.215s] Level 1:colcon.colcon_core.package_identification:_identify(src/yahboomcar_multi) by extensions ['colcon_meta']
[0.215s] Level 1:colcon.colcon_core.package_identification:_identify(src/yahboomcar_multi) by extension 'colcon_meta'
[0.215s] Level 1:colcon.colcon_core.package_identification:_identify(src/yahboomcar_multi) by extensions ['ros']
[0.215s] Level 1:colcon.colcon_core.package_identification:_identify(src/yahboomcar_multi) by extension 'ros'
[0.215s] DEBUG:colcon.colcon_core.package_identification:Package 'src/yahboomcar_multi' with type 'ros.ament_python' and name 'yahboomcar_multi'
[0.215s] Level 1:colcon.colcon_core.package_identification:_identify(src/yahboomcar_nav) by extensions ['ignore', 'ignore_ament_install']
[0.215s] Level 1:colcon.colcon_core.package_identification:_identify(src/yahboomcar_nav) by extension 'ignore'
[0.215s] Level 1:colcon.colcon_core.package_identification:_identify(src/yahboomcar_nav) by extension 'ignore_ament_install'
[0.215s] Level 1:colcon.colcon_core.package_identification:_identify(src/yahboomcar_nav) by extensions ['colcon_pkg']
[0.215s] Level 1:colcon.colcon_core.package_identification:_identify(src/yahboomcar_nav) by extension 'colcon_pkg'
[0.215s] Level 1:colcon.colcon_core.package_identification:_identify(src/yahboomcar_nav) by extensions ['colcon_meta']
[0.215s] Level 1:colcon.colcon_core.package_identification:_identify(src/yahboomcar_nav) by extension 'colcon_meta'
[0.215s] Level 1:colcon.colcon_core.package_identification:_identify(src/yahboomcar_nav) by extensions ['ros']
[0.215s] Level 1:colcon.colcon_core.package_identification:_identify(src/yahboomcar_nav) by extension 'ros'
[0.215s] DEBUG:colcon.colcon_core.package_identification:Package 'src/yahboomcar_nav' with type 'ros.ament_python' and name 'yahboomcar_nav'
[0.215s] Level 1:colcon.colcon_core.package_discovery:discover_packages(recursive) using defaults
[0.215s] Level 1:colcon.colcon_core.package_discovery:discover_packages(ignore) discover
[0.215s] Level 1:colcon.colcon_core.package_discovery:discover_packages(ignore) using defaults
[0.215s] Level 1:colcon.colcon_core.package_discovery:discover_packages(path) discover
[0.215s] Level 1:colcon.colcon_core.package_discovery:discover_packages(path) using defaults
[0.229s] INFO:colcon.colcon_core.package_selection:Skipping not selected package 'laserscan_to_point_publisher' in 'src/laserscan_to_point_publisher'
[0.229s] INFO:colcon.colcon_core.package_selection:Skipping not selected package 'openslam_gmapping' in 'src/slam_gmapping/openslam_gmapping'
[0.229s] INFO:colcon.colcon_core.package_selection:Skipping not selected package 'robot_pose_publisher_ros2' in 'src/robot_pose_publisher_ros2'
[0.229s] INFO:colcon.colcon_core.package_selection:Skipping not selected package 'yahboom_app_save_map' in 'src/yahboom_app_save_map'
[0.229s] INFO:colcon.colcon_core.package_selection:Skipping not selected package 'yahboom_esp32_camera' in 'src/yahboom_esp32_camera'
[0.229s] INFO:colcon.colcon_core.package_selection:Skipping not selected package 'yahboom_esp32_mediapipe' in 'src/yahboom_esp32_mediapipe'
[0.229s] INFO:colcon.colcon_core.package_selection:Skipping not selected package 'yahboom_esp32ai_car' in 'src/yahboom_esp32ai_car'
[0.229s] INFO:colcon.colcon_core.package_selection:Skipping not selected package 'yahboom_web_savmap_interfaces' in 'src/yahboom_web_savmap_interfaces'
[0.229s] INFO:colcon.colcon_core.package_selection:Skipping not selected package 'yahboomcar_base_node' in 'src/yahboomcar_base_node'
[0.229s] INFO:colcon.colcon_core.package_selection:Skipping not selected package 'yahboomcar_bringup' in 'src/yahboomcar_bringup'
[0.229s] INFO:colcon.colcon_core.package_selection:Skipping not selected package 'yahboomcar_ctrl' in 'src/yahboomcar_ctrl'
[0.229s] INFO:colcon.colcon_core.package_selection:Skipping not selected package 'yahboomcar_description' in 'src/yahboomcar_description'
[0.230s] INFO:colcon.colcon_core.package_selection:Skipping not selected package 'yahboomcar_laser' in 'src/yahboomcar_laser'
[0.230s] INFO:colcon.colcon_core.package_selection:Skipping not selected package 'yahboomcar_msgs' in 'src/yahboomcar_msgs'
[0.230s] INFO:colcon.colcon_core.package_selection:Skipping not selected package 'yahboomcar_multi' in 'src/yahboomcar_multi'
[0.230s] INFO:colcon.colcon_core.package_selection:Skipping not selected package 'yahboomcar_nav' in 'src/yahboomcar_nav'
[0.230s] INFO:colcon.colcon_core.package_selection:Skipping not selected package 'slam_gmapping' in 'src/slam_gmapping/slam_gmapping'
[0.230s] Level 1:colcon.colcon_core.package_discovery:discover_packages(prefix_path) check parameters
[0.230s] Level 1:colcon.colcon_core.package_discovery:discover_packages(prefix_path) discover
[0.230s] WARNING:colcon.colcon_ros.prefix_path.ament:The path '/home/natdanai/ROS_Source_Code/yahboomcar_ws/function_package_without_WiFi_module/yahboomcar_ws/install/waypoint_nav' in the environment variable AMENT_PREFIX_PATH doesn't exist
[0.231s] DEBUG:colcon.colcon_installed_package_information.package_discovery:Found 17 installed packages in /home/natdanai/ROS_Source_Code/yahboomcar_ws/function_package_without_WiFi_module/yahboomcar_ws/install
[0.231s] DEBUG:colcon.colcon_installed_package_information.package_discovery:Found 2 installed packages in /home/natdanai/ROS_Source_Code/gmapping_ws/install
[0.232s] DEBUG:colcon.colcon_installed_package_information.package_discovery:Found 322 installed packages in /opt/ros/humble
[0.233s] Level 1:colcon.colcon_core.package_discovery:discover_packages(prefix_path) using defaults
[0.256s] Level 5:colcon.colcon_core.verb:set package 'waypoint_nav' build argument 'cmake_args' from command line to 'None'
[0.256s] Level 5:colcon.colcon_core.verb:set package 'waypoint_nav' build argument 'cmake_target' from command line to 'None'
[0.256s] Level 5:colcon.colcon_core.verb:set package 'waypoint_nav' build argument 'cmake_target_skip_unavailable' from command line to 'False'
[0.256s] Level 5:colcon.colcon_core.verb:set package 'waypoint_nav' build argument 'cmake_clean_cache' from command line to 'False'
[0.256s] Level 5:colcon.colcon_core.verb:set package 'waypoint_nav' build argument 'cmake_clean_first' from command line to 'False'
[0.256s] Level 5:colcon.colcon_core.verb:set package 'waypoint_nav' build argument 'cmake_force_configure' from command line to 'False'
[0.256s] Level 5:colcon.colcon_core.verb:set package 'waypoint_nav' build argument 'ament_cmake_args' from command line to 'None'
[0.256s] Level 5:colcon.colcon_core.verb:set package 'waypoint_nav' build argument 'catkin_cmake_args' from command line to 'None'
[0.256s] Level 5:colcon.colcon_core.verb:set package 'waypoint_nav' build argument 'catkin_skip_building_tests' from command line to 'False'
[0.256s] DEBUG:colcon.colcon_core.verb:Building package 'waypoint_nav' with the following arguments: {'ament_cmake_args': None, 'build_base': '/home/natdanai/ROS_Source_Code/yahboomcar_ws/function_package_without_WiFi_module/yahboomcar_ws/build/waypoint_nav', 'catkin_cmake_args': None, 'catkin_skip_building_tests': False, 'cmake_args': None, 'cmake_clean_cache': False, 'cmake_clean_first': False, 'cmake_force_configure': False, 'cmake_target': None, 'cmake_target_skip_unavailable': False, 'install_base': '/home/natdanai/ROS_Source_Code/yahboomcar_ws/function_package_without_WiFi_module/yahboomcar_ws/install/waypoint_nav', 'merge_install': False, 'path': '/home/natdanai/ROS_Source_Code/yahboomcar_ws/function_package_without_WiFi_module/yahboomcar_ws/src/waypoint_nav', 'symlink_install': False, 'test_result_base': None}
[0.257s] INFO:colcon.colcon_core.executor:Executing jobs using 'parallel' executor
[0.257s] DEBUG:colcon.colcon_parallel_executor.executor.parallel:run_until_complete
[0.258s] INFO:colcon.colcon_ros.task.ament_python.build:Building ROS package in '/home/natdanai/ROS_Source_Code/yahboomcar_ws/function_package_without_WiFi_module/yahboomcar_ws/src/waypoint_nav' with build type 'ament_python'
[0.258s] Level 1:colcon.colcon_core.shell:create_environment_hook('waypoint_nav', 'ament_prefix_path')
[0.259s] INFO:colcon.colcon_core.plugin_system:Skipping extension 'colcon_core.shell.bat': Not used on non-Windows systems
[0.259s] INFO:colcon.colcon_core.shell:Creating environment hook '/home/natdanai/ROS_Source_Code/yahboomcar_ws/function_package_without_WiFi_module/yahboomcar_ws/install/waypoint_nav/share/waypoint_nav/hook/ament_prefix_path.ps1'
[0.259s] INFO:colcon.colcon_core.shell:Creating environment descriptor '/home/natdanai/ROS_Source_Code/yahboomcar_ws/function_package_without_WiFi_module/yahboomcar_ws/install/waypoint_nav/share/waypoint_nav/hook/ament_prefix_path.dsv'
[0.259s] INFO:colcon.colcon_core.shell:Creating environment hook '/home/natdanai/ROS_Source_Code/yahboomcar_ws/function_package_without_WiFi_module/yahboomcar_ws/install/waypoint_nav/share/waypoint_nav/hook/ament_prefix_path.sh'
[0.260s] INFO:colcon.colcon_core.shell:Skip shell extension 'powershell' for command environment: Not usable outside of PowerShell
[0.260s] DEBUG:colcon.colcon_core.shell:Skip shell extension 'dsv' for command environment
[0.445s] INFO:colcon.colcon_core.task.python.build:Building Python package in '/home/natdanai/ROS_Source_Code/yahboomcar_ws/function_package_without_WiFi_module/yahboomcar_ws/src/waypoint_nav'
[0.445s] INFO:colcon.colcon_core.shell:Skip shell extension 'powershell' for command environment: Not usable outside of PowerShell
[0.445s] DEBUG:colcon.colcon_core.shell:Skip shell extension 'dsv' for command environment
[0.688s] DEBUG:colcon.colcon_core.event_handler.log_command:Invoking command in '/home/natdanai/ROS_Source_Code/yahboomcar_ws/function_package_without_WiFi_module/yahboomcar_ws/src/waypoint_nav': PYTHONPATH=/home/natdanai/ROS_Source_Code/yahboomcar_ws/function_package_without_WiFi_module/yahboomcar_ws/build/waypoint_nav/prefix_override:/usr/lib/python3/dist-packages/colcon_core/task/python/colcon_distutils_commands:/home/natdanai/ROS_Source_Code/yahboomcar_ws/function_package_without_WiFi_module/yahboomcar_ws/install/waypoint_nav/lib/python3.10/site-packages:${PYTHONPATH} /usr/bin/python3 -W ignore:setup.py install is deprecated -W ignore:easy_install command is deprecated setup.py egg_info --egg-base ../../build/waypoint_nav build --build-base /home/natdanai/ROS_Source_Code/yahboomcar_ws/function_package_without_WiFi_module/yahboomcar_ws/build/waypoint_nav/build install --record /home/natdanai/ROS_Source_Code/yahboomcar_ws/function_package_without_WiFi_module/yahboomcar_ws/build/waypoint_nav/install.log --single-version-externally-managed install_data
[0.891s] DEBUG:colcon.colcon_core.event_handler.log_command:Invoked command in '/home/natdanai/ROS_Source_Code/yahboomcar_ws/function_package_without_WiFi_module/yahboomcar_ws/src/waypoint_nav' returned '0': PYTHONPATH=/home/natdanai/ROS_Source_Code/yahboomcar_ws/function_package_without_WiFi_module/yahboomcar_ws/build/waypoint_nav/prefix_override:/usr/lib/python3/dist-packages/colcon_core/task/python/colcon_distutils_commands:/home/natdanai/ROS_Source_Code/yahboomcar_ws/function_package_without_WiFi_module/yahboomcar_ws/install/waypoint_nav/lib/python3.10/site-packages:${PYTHONPATH} /usr/bin/python3 -W ignore:setup.py install is deprecated -W ignore:easy_install command is deprecated setup.py egg_info --egg-base ../../build/waypoint_nav build --build-base /home/natdanai/ROS_Source_Code/yahboomcar_ws/function_package_without_WiFi_module/yahboomcar_ws/build/waypoint_nav/build install --record /home/natdanai/ROS_Source_Code/yahboomcar_ws/function_package_without_WiFi_module/yahboomcar_ws/build/waypoint_nav/install.log --single-version-externally-managed install_data
[0.894s] Level 1:colcon.colcon_core.environment:checking '/home/natdanai/ROS_Source_Code/yahboomcar_ws/function_package_without_WiFi_module/yahboomcar_ws/install/waypoint_nav' for CMake module files
[0.894s] Level 1:colcon.colcon_core.environment:checking '/home/natdanai/ROS_Source_Code/yahboomcar_ws/function_package_without_WiFi_module/yahboomcar_ws/install/waypoint_nav' for CMake config files
[0.895s] Level 1:colcon.colcon_core.environment:checking '/home/natdanai/ROS_Source_Code/yahboomcar_ws/function_package_without_WiFi_module/yahboomcar_ws/install/waypoint_nav/lib'
[0.895s] Level 1:colcon.colcon_core.environment:checking '/home/natdanai/ROS_Source_Code/yahboomcar_ws/function_package_without_WiFi_module/yahboomcar_ws/install/waypoint_nav/bin'
[0.895s] Level 1:colcon.colcon_core.environment:checking '/home/natdanai/ROS_Source_Code/yahboomcar_ws/function_package_without_WiFi_module/yahboomcar_ws/install/waypoint_nav/lib/pkgconfig/waypoint_nav.pc'
[0.895s] Level 1:colcon.colcon_core.environment:checking '/home/natdanai/ROS_Source_Code/yahboomcar_ws/function_package_without_WiFi_module/yahboomcar_ws/install/waypoint_nav/lib/python3.10/site-packages'
[0.895s] Level 1:colcon.colcon_core.shell:create_environment_hook('waypoint_nav', 'pythonpath')
[0.895s] INFO:colcon.colcon_core.shell:Creating environment hook '/home/natdanai/ROS_Source_Code/yahboomcar_ws/function_package_without_WiFi_module/yahboomcar_ws/install/waypoint_nav/share/waypoint_nav/hook/pythonpath.ps1'
[0.896s] INFO:colcon.colcon_core.shell:Creating environment descriptor '/home/natdanai/ROS_Source_Code/yahboomcar_ws/function_package_without_WiFi_module/yahboomcar_ws/install/waypoint_nav/share/waypoint_nav/hook/pythonpath.dsv'
[0.896s] INFO:colcon.colcon_core.shell:Creating environment hook '/home/natdanai/ROS_Source_Code/yahboomcar_ws/function_package_without_WiFi_module/yahboomcar_ws/install/waypoint_nav/share/waypoint_nav/hook/pythonpath.sh'
[0.896s] Level 1:colcon.colcon_core.environment:checking '/home/natdanai/ROS_Source_Code/yahboomcar_ws/function_package_without_WiFi_module/yahboomcar_ws/install/waypoint_nav/bin'
[0.896s] Level 1:colcon.colcon_core.environment:create_environment_scripts_only(waypoint_nav)
[0.897s] INFO:colcon.colcon_core.shell:Creating package script '/home/natdanai/ROS_Source_Code/yahboomcar_ws/function_package_without_WiFi_module/yahboomcar_ws/install/waypoint_nav/share/waypoint_nav/package.ps1'
[0.897s] INFO:colcon.colcon_core.shell:Creating package descriptor '/home/natdanai/ROS_Source_Code/yahboomcar_ws/function_package_without_WiFi_module/yahboomcar_ws/install/waypoint_nav/share/waypoint_nav/package.dsv'
[0.897s] INFO:colcon.colcon_core.shell:Creating package script '/home/natdanai/ROS_Source_Code/yahboomcar_ws/function_package_without_WiFi_module/yahboomcar_ws/install/waypoint_nav/share/waypoint_nav/package.sh'
[0.898s] INFO:colcon.colcon_core.shell:Creating package script '/home/natdanai/ROS_Source_Code/yahboomcar_ws/function_package_without_WiFi_module/yahboomcar_ws/install/waypoint_nav/share/waypoint_nav/package.bash'
[0.898s] INFO:colcon.colcon_core.shell:Creating package script '/home/natdanai/ROS_Source_Code/yahboomcar_ws/function_package_without_WiFi_module/yahboomcar_ws/install/waypoint_nav/share/waypoint_nav/package.zsh'
[0.898s] Level 1:colcon.colcon_core.environment:create_file_with_runtime_dependencies(/home/natdanai/ROS_Source_Code/yahboomcar_ws/function_package_without_WiFi_module/yahboomcar_ws/install/waypoint_nav/share/colcon-core/packages/waypoint_nav)
[0.899s] DEBUG:colcon.colcon_parallel_executor.executor.parallel:closing loop
[0.899s] DEBUG:colcon.colcon_parallel_executor.executor.parallel:loop closed
[0.899s] DEBUG:colcon.colcon_parallel_executor.executor.parallel:run_until_complete finished with '0'
[0.899s] DEBUG:colcon.colcon_core.event_reactor:joining thread
[0.902s] INFO:colcon.colcon_core.plugin_system:Skipping extension 'colcon_notification.desktop_notification.terminal_notifier': Not used on non-Darwin systems
[0.902s] INFO:colcon.colcon_core.plugin_system:Skipping extension 'colcon_notification.desktop_notification.win32': Not used on non-Windows systems
[0.902s] INFO:colcon.colcon_notification.desktop_notification:Sending desktop notification using 'notify2'
[0.910s] DEBUG:colcon.colcon_core.event_reactor:joined thread
[0.910s] INFO:colcon.colcon_core.shell:Creating prefix script '/home/natdanai/ROS_Source_Code/yahboomcar_ws/function_package_without_WiFi_module/yahboomcar_ws/install/local_setup.ps1'
[0.911s] INFO:colcon.colcon_core.shell:Creating prefix util module '/home/natdanai/ROS_Source_Code/yahboomcar_ws/function_package_without_WiFi_module/yahboomcar_ws/install/_local_setup_util_ps1.py'
[0.911s] INFO:colcon.colcon_core.shell:Creating prefix chain script '/home/natdanai/ROS_Source_Code/yahboomcar_ws/function_package_without_WiFi_module/yahboomcar_ws/install/setup.ps1'
[0.912s] INFO:colcon.colcon_core.shell:Creating prefix script '/home/natdanai/ROS_Source_Code/yahboomcar_ws/function_package_without_WiFi_module/yahboomcar_ws/install/local_setup.sh'
[0.913s] INFO:colcon.colcon_core.shell:Creating prefix util module '/home/natdanai/ROS_Source_Code/yahboomcar_ws/function_package_without_WiFi_module/yahboomcar_ws/install/_local_setup_util_sh.py'
[0.913s] INFO:colcon.colcon_core.shell:Creating prefix chain script '/home/natdanai/ROS_Source_Code/yahboomcar_ws/function_package_without_WiFi_module/yahboomcar_ws/install/setup.sh'
[0.914s] INFO:colcon.colcon_core.shell:Creating prefix script '/home/natdanai/ROS_Source_Code/yahboomcar_ws/function_package_without_WiFi_module/yahboomcar_ws/install/local_setup.bash'
[0.914s] INFO:colcon.colcon_core.shell:Creating prefix chain script '/home/natdanai/ROS_Source_Code/yahboomcar_ws/function_package_without_WiFi_module/yahboomcar_ws/install/setup.bash'
[0.915s] INFO:colcon.colcon_core.shell:Creating prefix script '/home/natdanai/ROS_Source_Code/yahboomcar_ws/function_package_without_WiFi_module/yahboomcar_ws/install/local_setup.zsh'
[0.916s] INFO:colcon.colcon_core.shell:Creating prefix chain script '/home/natdanai/ROS_Source_Code/yahboomcar_ws/function_package_without_WiFi_module/yahboomcar_ws/install/setup.zsh'
