/home/natdanai/ROS_Source_Code/yahboomcar_ws/function_package_without_WiFi_module/yahboomcar_ws/install/yahboomcar_nav/lib/python3.10/site-packages/yahboomcar_nav/stop_robot1_car.py
/home/natdanai/ROS_Source_Code/yahboomcar_ws/function_package_without_WiFi_module/yahboomcar_ws/install/yahboomcar_nav/lib/python3.10/site-packages/yahboomcar_nav/map_cartographer_launch.py
/home/natdanai/ROS_Source_Code/yahboomcar_ws/function_package_without_WiFi_module/yahboomcar_ws/install/yahboomcar_nav/lib/python3.10/site-packages/yahboomcar_nav/cartographer_launch.py
/home/natdanai/ROS_Source_Code/yahboomcar_ws/function_package_without_WiFi_module/yahboomcar_ws/install/yahboomcar_nav/lib/python3.10/site-packages/yahboomcar_nav/stop_robot2_car.py
/home/natdanai/ROS_Source_Code/yahboomcar_ws/function_package_without_WiFi_module/yahboomcar_ws/install/yahboomcar_nav/lib/python3.10/site-packages/yahboomcar_nav/__init__.py
/home/natdanai/ROS_Source_Code/yahboomcar_ws/function_package_without_WiFi_module/yahboomcar_ws/install/yahboomcar_nav/lib/python3.10/site-packages/yahboomcar_nav/stop_car.py
/home/natdanai/ROS_Source_Code/yahboomcar_ws/function_package_without_WiFi_module/yahboomcar_ws/install/yahboomcar_nav/lib/python3.10/site-packages/yahboomcar_nav/app_send_goal.py
/home/natdanai/ROS_Source_Code/yahboomcar_ws/function_package_without_WiFi_module/yahboomcar_ws/install/yahboomcar_nav/lib/python3.10/site-packages/yahboomcar_nav/__pycache__/stop_robot1_car.cpython-310.pyc
/home/natdanai/ROS_Source_Code/yahboomcar_ws/function_package_without_WiFi_module/yahboomcar_ws/install/yahboomcar_nav/lib/python3.10/site-packages/yahboomcar_nav/__pycache__/map_cartographer_launch.cpython-310.pyc
/home/natdanai/ROS_Source_Code/yahboomcar_ws/function_package_without_WiFi_module/yahboomcar_ws/install/yahboomcar_nav/lib/python3.10/site-packages/yahboomcar_nav/__pycache__/cartographer_launch.cpython-310.pyc
/home/natdanai/ROS_Source_Code/yahboomcar_ws/function_package_without_WiFi_module/yahboomcar_ws/install/yahboomcar_nav/lib/python3.10/site-packages/yahboomcar_nav/__pycache__/stop_robot2_car.cpython-310.pyc
/home/natdanai/ROS_Source_Code/yahboomcar_ws/function_package_without_WiFi_module/yahboomcar_ws/install/yahboomcar_nav/lib/python3.10/site-packages/yahboomcar_nav/__pycache__/__init__.cpython-310.pyc
/home/natdanai/ROS_Source_Code/yahboomcar_ws/function_package_without_WiFi_module/yahboomcar_ws/install/yahboomcar_nav/lib/python3.10/site-packages/yahboomcar_nav/__pycache__/stop_car.cpython-310.pyc
/home/natdanai/ROS_Source_Code/yahboomcar_ws/function_package_without_WiFi_module/yahboomcar_ws/install/yahboomcar_nav/lib/python3.10/site-packages/yahboomcar_nav/__pycache__/app_send_goal.cpython-310.pyc
/home/natdanai/ROS_Source_Code/yahboomcar_ws/function_package_without_WiFi_module/yahboomcar_ws/install/yahboomcar_nav/share/ament_index/resource_index/packages/yahboomcar_nav
/home/natdanai/ROS_Source_Code/yahboomcar_ws/function_package_without_WiFi_module/yahboomcar_ws/install/yahboomcar_nav/share/yahboomcar_nav/package.xml
/home/natdanai/ROS_Source_Code/yahboomcar_ws/function_package_without_WiFi_module/yahboomcar_ws/install/yahboomcar_nav/share/yahboomcar_nav/launch/map_cartographer_launch.py
/home/natdanai/ROS_Source_Code/yahboomcar_ws/function_package_without_WiFi_module/yahboomcar_ws/install/yahboomcar_nav/share/yahboomcar_nav/launch/occupancy_grid_launch.py
/home/natdanai/ROS_Source_Code/yahboomcar_ws/function_package_without_WiFi_module/yahboomcar_ws/install/yahboomcar_nav/share/yahboomcar_nav/launch/cartographer_launch.py
/home/natdanai/ROS_Source_Code/yahboomcar_ws/function_package_without_WiFi_module/yahboomcar_ws/install/yahboomcar_nav/share/yahboomcar_nav/launch/navigation_dwb_launch.py
/home/natdanai/ROS_Source_Code/yahboomcar_ws/function_package_without_WiFi_module/yahboomcar_ws/install/yahboomcar_nav/share/yahboomcar_nav/launch/navigation_dwb_app_launch.xml
/home/natdanai/ROS_Source_Code/yahboomcar_ws/function_package_without_WiFi_module/yahboomcar_ws/install/yahboomcar_nav/share/yahboomcar_nav/launch/display_launch.py
/home/natdanai/ROS_Source_Code/yahboomcar_ws/function_package_without_WiFi_module/yahboomcar_ws/install/yahboomcar_nav/share/yahboomcar_nav/launch/map_slam_toolbox_launch.py
/home/natdanai/ROS_Source_Code/yahboomcar_ws/function_package_without_WiFi_module/yahboomcar_ws/install/yahboomcar_nav/share/yahboomcar_nav/launch/map_gmapping_app_launch.xml
/home/natdanai/ROS_Source_Code/yahboomcar_ws/function_package_without_WiFi_module/yahboomcar_ws/install/yahboomcar_nav/share/yahboomcar_nav/launch/multi_nav_display_launch.py
/home/natdanai/ROS_Source_Code/yahboomcar_ws/function_package_without_WiFi_module/yahboomcar_ws/install/yahboomcar_nav/share/yahboomcar_nav/launch/map_gmapping_launch.py
/home/natdanai/ROS_Source_Code/yahboomcar_ws/function_package_without_WiFi_module/yahboomcar_ws/install/yahboomcar_nav/share/yahboomcar_nav/launch/map_cartographer_app_launch.xml
/home/natdanai/ROS_Source_Code/yahboomcar_ws/function_package_without_WiFi_module/yahboomcar_ws/install/yahboomcar_nav/share/yahboomcar_nav/launch/save_map_launch.py
/home/natdanai/ROS_Source_Code/yahboomcar_ws/function_package_without_WiFi_module/yahboomcar_ws/install/yahboomcar_nav/share/yahboomcar_nav/params/dwb_nav_params.yaml
/home/natdanai/ROS_Source_Code/yahboomcar_ws/function_package_without_WiFi_module/yahboomcar_ws/install/yahboomcar_nav/share/yahboomcar_nav/params/lds_2d.lua
/home/natdanai/ROS_Source_Code/yahboomcar_ws/function_package_without_WiFi_module/yahboomcar_ws/install/yahboomcar_nav/share/yahboomcar_nav/params/teb_nav_params.yaml
/home/natdanai/ROS_Source_Code/yahboomcar_ws/function_package_without_WiFi_module/yahboomcar_ws/install/yahboomcar_nav/share/yahboomcar_nav/params/robot1_nav_params.yaml
/home/natdanai/ROS_Source_Code/yahboomcar_ws/function_package_without_WiFi_module/yahboomcar_ws/install/yahboomcar_nav/share/yahboomcar_nav/params/robot2_nav_params.yaml
/home/natdanai/ROS_Source_Code/yahboomcar_ws/function_package_without_WiFi_module/yahboomcar_ws/install/yahboomcar_nav/share/yahboomcar_nav/maps/testaa.pgm
/home/natdanai/ROS_Source_Code/yahboomcar_ws/function_package_without_WiFi_module/yahboomcar_ws/install/yahboomcar_nav/share/yahboomcar_nav/maps/aa.yaml
/home/natdanai/ROS_Source_Code/yahboomcar_ws/function_package_without_WiFi_module/yahboomcar_ws/install/yahboomcar_nav/share/yahboomcar_nav/maps/Sss.pgm
/home/natdanai/ROS_Source_Code/yahboomcar_ws/function_package_without_WiFi_module/yahboomcar_ws/install/yahboomcar_nav/share/yahboomcar_nav/maps/test1219.yaml
/home/natdanai/ROS_Source_Code/yahboomcar_ws/function_package_without_WiFi_module/yahboomcar_ws/install/yahboomcar_nav/share/yahboomcar_nav/maps/yahboomcar.pgm
/home/natdanai/ROS_Source_Code/yahboomcar_ws/function_package_without_WiFi_module/yahboomcar_ws/install/yahboomcar_nav/share/yahboomcar_nav/maps/aa.pgm
/home/natdanai/ROS_Source_Code/yahboomcar_ws/function_package_without_WiFi_module/yahboomcar_ws/install/yahboomcar_nav/share/yahboomcar_nav/maps/yahboom_map.pgm
/home/natdanai/ROS_Source_Code/yahboomcar_ws/function_package_without_WiFi_module/yahboomcar_ws/install/yahboomcar_nav/share/yahboomcar_nav/maps/testaa.yaml
/home/natdanai/ROS_Source_Code/yahboomcar_ws/function_package_without_WiFi_module/yahboomcar_ws/install/yahboomcar_nav/share/yahboomcar_nav/maps/Sss.yaml
/home/natdanai/ROS_Source_Code/yahboomcar_ws/function_package_without_WiFi_module/yahboomcar_ws/install/yahboomcar_nav/share/yahboomcar_nav/maps/yahboom_map.yaml
/home/natdanai/ROS_Source_Code/yahboomcar_ws/function_package_without_WiFi_module/yahboomcar_ws/install/yahboomcar_nav/share/yahboomcar_nav/maps/test1219.pgm
/home/natdanai/ROS_Source_Code/yahboomcar_ws/function_package_without_WiFi_module/yahboomcar_ws/install/yahboomcar_nav/share/yahboomcar_nav/maps/yahboomcar.yaml
/home/natdanai/ROS_Source_Code/yahboomcar_ws/function_package_without_WiFi_module/yahboomcar_ws/install/yahboomcar_nav/share/yahboomcar_nav/rviz/view.rviz
/home/natdanai/ROS_Source_Code/yahboomcar_ws/function_package_without_WiFi_module/yahboomcar_ws/install/yahboomcar_nav/share/yahboomcar_nav/rviz/multi_nav.rviz
/home/natdanai/ROS_Source_Code/yahboomcar_ws/function_package_without_WiFi_module/yahboomcar_ws/install/yahboomcar_nav/lib/python3.10/site-packages/yahboomcar_nav-0.0.0-py3.10.egg-info/zip-safe
/home/natdanai/ROS_Source_Code/yahboomcar_ws/function_package_without_WiFi_module/yahboomcar_ws/install/yahboomcar_nav/lib/python3.10/site-packages/yahboomcar_nav-0.0.0-py3.10.egg-info/PKG-INFO
/home/natdanai/ROS_Source_Code/yahboomcar_ws/function_package_without_WiFi_module/yahboomcar_ws/install/yahboomcar_nav/lib/python3.10/site-packages/yahboomcar_nav-0.0.0-py3.10.egg-info/entry_points.txt
/home/natdanai/ROS_Source_Code/yahboomcar_ws/function_package_without_WiFi_module/yahboomcar_ws/install/yahboomcar_nav/lib/python3.10/site-packages/yahboomcar_nav-0.0.0-py3.10.egg-info/dependency_links.txt
/home/natdanai/ROS_Source_Code/yahboomcar_ws/function_package_without_WiFi_module/yahboomcar_ws/install/yahboomcar_nav/lib/python3.10/site-packages/yahboomcar_nav-0.0.0-py3.10.egg-info/requires.txt
/home/natdanai/ROS_Source_Code/yahboomcar_ws/function_package_without_WiFi_module/yahboomcar_ws/install/yahboomcar_nav/lib/python3.10/site-packages/yahboomcar_nav-0.0.0-py3.10.egg-info/SOURCES.txt
/home/natdanai/ROS_Source_Code/yahboomcar_ws/function_package_without_WiFi_module/yahboomcar_ws/install/yahboomcar_nav/lib/python3.10/site-packages/yahboomcar_nav-0.0.0-py3.10.egg-info/top_level.txt
/home/natdanai/ROS_Source_Code/yahboomcar_ws/function_package_without_WiFi_module/yahboomcar_ws/install/yahboomcar_nav/lib/yahboomcar_nav/app_send_goal
/home/natdanai/ROS_Source_Code/yahboomcar_ws/function_package_without_WiFi_module/yahboomcar_ws/install/yahboomcar_nav/lib/yahboomcar_nav/stop_car
/home/natdanai/ROS_Source_Code/yahboomcar_ws/function_package_without_WiFi_module/yahboomcar_ws/install/yahboomcar_nav/lib/yahboomcar_nav/stop_robot1_car
/home/natdanai/ROS_Source_Code/yahboomcar_ws/function_package_without_WiFi_module/yahboomcar_ws/install/yahboomcar_nav/lib/yahboomcar_nav/stop_robot2_car
