/home/natdanai/ROS_Source_Code/yahboomcar_ws/function_package_without_WiFi_module/yahboomcar_ws/install/yahboom_esp32_mediapipe/lib/python3.10/site-packages/yahboom_esp32_mediapipe/07_FaceDetection.py
/home/natdanai/ROS_Source_Code/yahboomcar_ws/function_package_without_WiFi_module/yahboomcar_ws/install/yahboom_esp32_mediapipe/lib/python3.10/site-packages/yahboom_esp32_mediapipe/06_FaceLandmarks.py
/home/natdanai/ROS_Source_Code/yahboomcar_ws/function_package_without_WiFi_module/yahboomcar_ws/install/yahboom_esp32_mediapipe/lib/python3.10/site-packages/yahboom_esp32_mediapipe/01_HandDetector.py
/home/natdanai/ROS_Source_Code/yahboomcar_ws/function_package_without_WiFi_module/yahboomcar_ws/install/yahboom_esp32_mediapipe/lib/python3.10/site-packages/yahboom_esp32_mediapipe/11_GestureRecognition.py
/home/natdanai/ROS_Source_Code/yahboomcar_ws/function_package_without_WiFi_module/yahboomcar_ws/install/yahboom_esp32_mediapipe/lib/python3.10/site-packages/yahboom_esp32_mediapipe/__init__.py
/home/natdanai/ROS_Source_Code/yahboomcar_ws/function_package_without_WiFi_module/yahboomcar_ws/install/yahboom_esp32_mediapipe/lib/python3.10/site-packages/yahboom_esp32_mediapipe/control_servo.py
/home/natdanai/ROS_Source_Code/yahboomcar_ws/function_package_without_WiFi_module/yahboomcar_ws/install/yahboom_esp32_mediapipe/lib/python3.10/site-packages/yahboom_esp32_mediapipe/04_FaceMesh.py
/home/natdanai/ROS_Source_Code/yahboomcar_ws/function_package_without_WiFi_module/yahboomcar_ws/install/yahboom_esp32_mediapipe/lib/python3.10/site-packages/yahboom_esp32_mediapipe/08_Objectron.py
/home/natdanai/ROS_Source_Code/yahboomcar_ws/function_package_without_WiFi_module/yahboomcar_ws/install/yahboom_esp32_mediapipe/lib/python3.10/site-packages/yahboom_esp32_mediapipe/03_Holistic.py
/home/natdanai/ROS_Source_Code/yahboomcar_ws/function_package_without_WiFi_module/yahboomcar_ws/install/yahboom_esp32_mediapipe/lib/python3.10/site-packages/yahboom_esp32_mediapipe/05_FaceEyeDetection.py
/home/natdanai/ROS_Source_Code/yahboomcar_ws/function_package_without_WiFi_module/yahboomcar_ws/install/yahboom_esp32_mediapipe/lib/python3.10/site-packages/yahboom_esp32_mediapipe/02_PoseDetector.py
/home/natdanai/ROS_Source_Code/yahboomcar_ws/function_package_without_WiFi_module/yahboomcar_ws/install/yahboom_esp32_mediapipe/lib/python3.10/site-packages/yahboom_esp32_mediapipe/09_VirtualPaint.py
/home/natdanai/ROS_Source_Code/yahboomcar_ws/function_package_without_WiFi_module/yahboomcar_ws/install/yahboom_esp32_mediapipe/lib/python3.10/site-packages/yahboom_esp32_mediapipe/10_HandCtrl.py
/home/natdanai/ROS_Source_Code/yahboomcar_ws/function_package_without_WiFi_module/yahboomcar_ws/install/yahboom_esp32_mediapipe/lib/python3.10/site-packages/yahboom_esp32_mediapipe/__pycache__/07_FaceDetection.cpython-310.pyc
/home/natdanai/ROS_Source_Code/yahboomcar_ws/function_package_without_WiFi_module/yahboomcar_ws/install/yahboom_esp32_mediapipe/lib/python3.10/site-packages/yahboom_esp32_mediapipe/__pycache__/06_FaceLandmarks.cpython-310.pyc
/home/natdanai/ROS_Source_Code/yahboomcar_ws/function_package_without_WiFi_module/yahboomcar_ws/install/yahboom_esp32_mediapipe/lib/python3.10/site-packages/yahboom_esp32_mediapipe/__pycache__/01_HandDetector.cpython-310.pyc
/home/natdanai/ROS_Source_Code/yahboomcar_ws/function_package_without_WiFi_module/yahboomcar_ws/install/yahboom_esp32_mediapipe/lib/python3.10/site-packages/yahboom_esp32_mediapipe/__pycache__/11_GestureRecognition.cpython-310.pyc
/home/natdanai/ROS_Source_Code/yahboomcar_ws/function_package_without_WiFi_module/yahboomcar_ws/install/yahboom_esp32_mediapipe/lib/python3.10/site-packages/yahboom_esp32_mediapipe/__pycache__/__init__.cpython-310.pyc
/home/natdanai/ROS_Source_Code/yahboomcar_ws/function_package_without_WiFi_module/yahboomcar_ws/install/yahboom_esp32_mediapipe/lib/python3.10/site-packages/yahboom_esp32_mediapipe/__pycache__/control_servo.cpython-310.pyc
/home/natdanai/ROS_Source_Code/yahboomcar_ws/function_package_without_WiFi_module/yahboomcar_ws/install/yahboom_esp32_mediapipe/lib/python3.10/site-packages/yahboom_esp32_mediapipe/__pycache__/04_FaceMesh.cpython-310.pyc
/home/natdanai/ROS_Source_Code/yahboomcar_ws/function_package_without_WiFi_module/yahboomcar_ws/install/yahboom_esp32_mediapipe/lib/python3.10/site-packages/yahboom_esp32_mediapipe/__pycache__/08_Objectron.cpython-310.pyc
/home/natdanai/ROS_Source_Code/yahboomcar_ws/function_package_without_WiFi_module/yahboomcar_ws/install/yahboom_esp32_mediapipe/lib/python3.10/site-packages/yahboom_esp32_mediapipe/__pycache__/03_Holistic.cpython-310.pyc
/home/natdanai/ROS_Source_Code/yahboomcar_ws/function_package_without_WiFi_module/yahboomcar_ws/install/yahboom_esp32_mediapipe/lib/python3.10/site-packages/yahboom_esp32_mediapipe/__pycache__/05_FaceEyeDetection.cpython-310.pyc
/home/natdanai/ROS_Source_Code/yahboomcar_ws/function_package_without_WiFi_module/yahboomcar_ws/install/yahboom_esp32_mediapipe/lib/python3.10/site-packages/yahboom_esp32_mediapipe/__pycache__/02_PoseDetector.cpython-310.pyc
/home/natdanai/ROS_Source_Code/yahboomcar_ws/function_package_without_WiFi_module/yahboomcar_ws/install/yahboom_esp32_mediapipe/lib/python3.10/site-packages/yahboom_esp32_mediapipe/__pycache__/09_VirtualPaint.cpython-310.pyc
/home/natdanai/ROS_Source_Code/yahboomcar_ws/function_package_without_WiFi_module/yahboomcar_ws/install/yahboom_esp32_mediapipe/lib/python3.10/site-packages/yahboom_esp32_mediapipe/__pycache__/10_HandCtrl.cpython-310.pyc
/home/natdanai/ROS_Source_Code/yahboomcar_ws/function_package_without_WiFi_module/yahboomcar_ws/install/yahboom_esp32_mediapipe/share/ament_index/resource_index/packages/yahboom_esp32_mediapipe
/home/natdanai/ROS_Source_Code/yahboomcar_ws/function_package_without_WiFi_module/yahboomcar_ws/install/yahboom_esp32_mediapipe/share/yahboom_esp32_mediapipe/package.xml
/home/natdanai/ROS_Source_Code/yahboomcar_ws/function_package_without_WiFi_module/yahboomcar_ws/install/yahboom_esp32_mediapipe/lib/python3.10/site-packages/yahboom_esp32_mediapipe-0.0.0-py3.10.egg-info/zip-safe
/home/natdanai/ROS_Source_Code/yahboomcar_ws/function_package_without_WiFi_module/yahboomcar_ws/install/yahboom_esp32_mediapipe/lib/python3.10/site-packages/yahboom_esp32_mediapipe-0.0.0-py3.10.egg-info/PKG-INFO
/home/natdanai/ROS_Source_Code/yahboomcar_ws/function_package_without_WiFi_module/yahboomcar_ws/install/yahboom_esp32_mediapipe/lib/python3.10/site-packages/yahboom_esp32_mediapipe-0.0.0-py3.10.egg-info/entry_points.txt
/home/natdanai/ROS_Source_Code/yahboomcar_ws/function_package_without_WiFi_module/yahboomcar_ws/install/yahboom_esp32_mediapipe/lib/python3.10/site-packages/yahboom_esp32_mediapipe-0.0.0-py3.10.egg-info/dependency_links.txt
/home/natdanai/ROS_Source_Code/yahboomcar_ws/function_package_without_WiFi_module/yahboomcar_ws/install/yahboom_esp32_mediapipe/lib/python3.10/site-packages/yahboom_esp32_mediapipe-0.0.0-py3.10.egg-info/requires.txt
/home/natdanai/ROS_Source_Code/yahboomcar_ws/function_package_without_WiFi_module/yahboomcar_ws/install/yahboom_esp32_mediapipe/lib/python3.10/site-packages/yahboom_esp32_mediapipe-0.0.0-py3.10.egg-info/SOURCES.txt
/home/natdanai/ROS_Source_Code/yahboomcar_ws/function_package_without_WiFi_module/yahboomcar_ws/install/yahboom_esp32_mediapipe/lib/python3.10/site-packages/yahboom_esp32_mediapipe-0.0.0-py3.10.egg-info/top_level.txt
/home/natdanai/ROS_Source_Code/yahboomcar_ws/function_package_without_WiFi_module/yahboomcar_ws/install/yahboom_esp32_mediapipe/lib/yahboom_esp32_mediapipe/01_HandDetector
/home/natdanai/ROS_Source_Code/yahboomcar_ws/function_package_without_WiFi_module/yahboomcar_ws/install/yahboom_esp32_mediapipe/lib/yahboom_esp32_mediapipe/02_PoseDetector
/home/natdanai/ROS_Source_Code/yahboomcar_ws/function_package_without_WiFi_module/yahboomcar_ws/install/yahboom_esp32_mediapipe/lib/yahboom_esp32_mediapipe/03_Holistic
/home/natdanai/ROS_Source_Code/yahboomcar_ws/function_package_without_WiFi_module/yahboomcar_ws/install/yahboom_esp32_mediapipe/lib/yahboom_esp32_mediapipe/04_FaceMesh
/home/natdanai/ROS_Source_Code/yahboomcar_ws/function_package_without_WiFi_module/yahboomcar_ws/install/yahboom_esp32_mediapipe/lib/yahboom_esp32_mediapipe/05_FaceEyeDetection
/home/natdanai/ROS_Source_Code/yahboomcar_ws/function_package_without_WiFi_module/yahboomcar_ws/install/yahboom_esp32_mediapipe/lib/yahboom_esp32_mediapipe/06_FaceLandmarks
/home/natdanai/ROS_Source_Code/yahboomcar_ws/function_package_without_WiFi_module/yahboomcar_ws/install/yahboom_esp32_mediapipe/lib/yahboom_esp32_mediapipe/07_FaceDetection
/home/natdanai/ROS_Source_Code/yahboomcar_ws/function_package_without_WiFi_module/yahboomcar_ws/install/yahboom_esp32_mediapipe/lib/yahboom_esp32_mediapipe/08_Objectron
/home/natdanai/ROS_Source_Code/yahboomcar_ws/function_package_without_WiFi_module/yahboomcar_ws/install/yahboom_esp32_mediapipe/lib/yahboom_esp32_mediapipe/09_VirtualPaint
/home/natdanai/ROS_Source_Code/yahboomcar_ws/function_package_without_WiFi_module/yahboomcar_ws/install/yahboom_esp32_mediapipe/lib/yahboom_esp32_mediapipe/10_HandCtrl
/home/natdanai/ROS_Source_Code/yahboomcar_ws/function_package_without_WiFi_module/yahboomcar_ws/install/yahboom_esp32_mediapipe/lib/yahboom_esp32_mediapipe/11_GestureRecognition
/home/natdanai/ROS_Source_Code/yahboomcar_ws/function_package_without_WiFi_module/yahboomcar_ws/install/yahboom_esp32_mediapipe/lib/yahboom_esp32_mediapipe/control_servo
