[0.006s] Invoking command in '/home/natdanai/ROS_Source_Code/gmapping_ws/build/openslam_gmapping': CMAKE_PREFIX_PATH=${CMAKE_PREFIX_PATH}:/home/natdanai/ROS_Source_Code/yahboomcar_ws/function_package_without_WiFi_module/yahboomcar_ws/install/yahboomcar_nav:/home/natdanai/ROS_Source_Code/yahboomcar_ws/function_package_without_WiFi_module/yahboomcar_ws/install/yahboomcar_description:/home/natdanai/ROS_Source_Code/yahboomcar_ws/function_package_without_WiFi_module/yahboomcar_ws/install/yahboomcar_ctrl:/home/natdanai/ROS_Source_Code/yahboomcar_ws/function_package_without_WiFi_module/yahboomcar_ws/install/yahboomcar_bringup:/opt/ros/humble /usr/bin/cmake /home/natdanai/ROS_Source_Code/gmapping_ws/src/openslam_gmapping -DCMAKE_INSTALL_PREFIX=/home/natdanai/ROS_Source_Code/gmapping_ws/install/openslam_gmapping
[0.066s] -- The C compiler identification is GNU 11.4.0
[0.114s] -- The CXX compiler identification is GNU 11.4.0
[0.120s] -- Detecting C compiler ABI info
[0.190s] -- Detecting C compiler ABI info - done
[0.195s] -- Check for working C compiler: /usr/bin/cc - skipped
[0.195s] -- Detecting C compile features
[0.195s] -- Detecting C compile features - done
[0.198s] -- Detecting CXX compiler ABI info
[0.291s] -- Detecting CXX compiler ABI info - done
[0.298s] -- Check for working CXX compiler: /usr/bin/c++ - skipped
[0.298s] -- Detecting CXX compile features
[0.299s] -- Detecting CXX compile features - done
[0.300s] -- Found ament_cmake: 1.3.13 (/opt/ros/humble/share/ament_cmake/cmake)
[0.421s] -- Found Python3: /usr/bin/python3 (found version "3.10.12") found components: Interpreter 
[0.564s] -- Configuring done
[0.573s] -- Generating done
[0.576s] -- Build files have been written to: /home/natdanai/ROS_Source_Code/gmapping_ws/build/openslam_gmapping
[0.580s] Invoked command in '/home/natdanai/ROS_Source_Code/gmapping_ws/build/openslam_gmapping' returned '0': CMAKE_PREFIX_PATH=${CMAKE_PREFIX_PATH}:/home/natdanai/ROS_Source_Code/yahboomcar_ws/function_package_without_WiFi_module/yahboomcar_ws/install/yahboomcar_nav:/home/natdanai/ROS_Source_Code/yahboomcar_ws/function_package_without_WiFi_module/yahboomcar_ws/install/yahboomcar_description:/home/natdanai/ROS_Source_Code/yahboomcar_ws/function_package_without_WiFi_module/yahboomcar_ws/install/yahboomcar_ctrl:/home/natdanai/ROS_Source_Code/yahboomcar_ws/function_package_without_WiFi_module/yahboomcar_ws/install/yahboomcar_bringup:/opt/ros/humble /usr/bin/cmake /home/natdanai/ROS_Source_Code/gmapping_ws/src/openslam_gmapping -DCMAKE_INSTALL_PREFIX=/home/natdanai/ROS_Source_Code/gmapping_ws/install/openslam_gmapping
[0.581s] Invoking command in '/home/natdanai/ROS_Source_Code/gmapping_ws/build/openslam_gmapping': CMAKE_PREFIX_PATH=${CMAKE_PREFIX_PATH}:/home/natdanai/ROS_Source_Code/yahboomcar_ws/function_package_without_WiFi_module/yahboomcar_ws/install/yahboomcar_nav:/home/natdanai/ROS_Source_Code/yahboomcar_ws/function_package_without_WiFi_module/yahboomcar_ws/install/yahboomcar_description:/home/natdanai/ROS_Source_Code/yahboomcar_ws/function_package_without_WiFi_module/yahboomcar_ws/install/yahboomcar_ctrl:/home/natdanai/ROS_Source_Code/yahboomcar_ws/function_package_without_WiFi_module/yahboomcar_ws/install/yahboomcar_bringup:/opt/ros/humble /usr/bin/cmake --build /home/natdanai/ROS_Source_Code/gmapping_ws/build/openslam_gmapping -- -j16 -l16
[0.635s] [  4%] [32mBuilding CXX object utils/CMakeFiles/utils.dir/stat.cpp.o[0m
[0.636s] [  9%] [32mBuilding CXX object sensor/sensor_base/CMakeFiles/sensor_base.dir/sensorreading.cpp.o[0m
[0.639s] [ 13%] [32mBuilding CXX object utils/CMakeFiles/utils.dir/movement.cpp.o[0m
[0.644s] [ 18%] [32mBuilding CXX object sensor/sensor_base/CMakeFiles/sensor_base.dir/sensor.cpp.o[0m
[0.813s] [ 22%] [32m[1mLinking CXX static library libsensor_base.a[0m
[0.839s] [ 22%] Built target sensor_base
[0.855s] [ 31%] [32mBuilding CXX object sensor/sensor_range/CMakeFiles/sensor_range.dir/rangereading.cpp.o[0m
[0.855s] [ 31%] [32mBuilding CXX object sensor/sensor_odometry/CMakeFiles/sensor_odometry.dir/odometryreading.cpp.o[0m
[0.855s] [ 36%] [32mBuilding CXX object sensor/sensor_range/CMakeFiles/sensor_range.dir/rangesensor.cpp.o[0m
[0.855s] [ 40%] [32mBuilding CXX object sensor/sensor_odometry/CMakeFiles/sensor_odometry.dir/odometrysensor.cpp.o[0m
[0.860s] [ 45%] [32m[1mLinking CXX static library libutils.a[0m
[0.883s] [ 45%] Built target utils
[1.044s] [ 50%] [32m[1mLinking CXX static library libsensor_odometry.a[0m
[1.070s] [ 50%] Built target sensor_odometry
[1.138s] [ 54%] [32m[1mLinking CXX static library libsensor_range.a[0m
[1.167s] [ 54%] Built target sensor_range
[1.186s] [ 59%] [32mBuilding CXX object scanmatcher/CMakeFiles/scanmatcher.dir/eig3.cpp.o[0m
[1.186s] [ 63%] [32mBuilding CXX object scanmatcher/CMakeFiles/scanmatcher.dir/scanmatcherprocessor.cpp.o[0m
[1.187s] [ 68%] [32mBuilding CXX object scanmatcher/CMakeFiles/scanmatcher.dir/scanmatcher.cpp.o[0m
[1.187s] [ 72%] [32mBuilding CXX object scanmatcher/CMakeFiles/scanmatcher.dir/smmap.cpp.o[0m
[2.031s] [ 77%] [32m[1mLinking CXX static library libscanmatcher.a[0m
[2.075s] [ 77%] Built target scanmatcher
[2.105s] [ 90%] [32mBuilding CXX object gridfastslam/CMakeFiles/gridfastslam.dir/gfsreader.cpp.o[0m
[2.105s] [ 90%] [32mBuilding CXX object gridfastslam/CMakeFiles/gridfastslam.dir/gridslamprocessor.cpp.o[0m
[2.105s] [ 90%] [32mBuilding CXX object gridfastslam/CMakeFiles/gridfastslam.dir/gridslamprocessor_tree.cpp.o[0m
[2.107s] [ 95%] [32mBuilding CXX object gridfastslam/CMakeFiles/gridfastslam.dir/motionmodel.cpp.o[0m
[3.095s] [100%] [32m[1mLinking CXX static library libgridfastslam.a[0m
[3.128s] [100%] Built target gridfastslam
[3.148s] Invoked command in '/home/natdanai/ROS_Source_Code/gmapping_ws/build/openslam_gmapping' returned '0': CMAKE_PREFIX_PATH=${CMAKE_PREFIX_PATH}:/home/natdanai/ROS_Source_Code/yahboomcar_ws/function_package_without_WiFi_module/yahboomcar_ws/install/yahboomcar_nav:/home/natdanai/ROS_Source_Code/yahboomcar_ws/function_package_without_WiFi_module/yahboomcar_ws/install/yahboomcar_description:/home/natdanai/ROS_Source_Code/yahboomcar_ws/function_package_without_WiFi_module/yahboomcar_ws/install/yahboomcar_ctrl:/home/natdanai/ROS_Source_Code/yahboomcar_ws/function_package_without_WiFi_module/yahboomcar_ws/install/yahboomcar_bringup:/opt/ros/humble /usr/bin/cmake --build /home/natdanai/ROS_Source_Code/gmapping_ws/build/openslam_gmapping -- -j16 -l16
[3.166s] Invoking command in '/home/natdanai/ROS_Source_Code/gmapping_ws/build/openslam_gmapping': CMAKE_PREFIX_PATH=${CMAKE_PREFIX_PATH}:/home/natdanai/ROS_Source_Code/yahboomcar_ws/function_package_without_WiFi_module/yahboomcar_ws/install/yahboomcar_nav:/home/natdanai/ROS_Source_Code/yahboomcar_ws/function_package_without_WiFi_module/yahboomcar_ws/install/yahboomcar_description:/home/natdanai/ROS_Source_Code/yahboomcar_ws/function_package_without_WiFi_module/yahboomcar_ws/install/yahboomcar_ctrl:/home/natdanai/ROS_Source_Code/yahboomcar_ws/function_package_without_WiFi_module/yahboomcar_ws/install/yahboomcar_bringup:/opt/ros/humble /usr/bin/cmake --install /home/natdanai/ROS_Source_Code/gmapping_ws/build/openslam_gmapping
[3.174s] -- Install configuration: ""
[3.174s] -- Installing: /home/natdanai/ROS_Source_Code/gmapping_ws/install/openslam_gmapping/share/openslam_gmapping/environment/library_path.sh
[3.174s] -- Installing: /home/natdanai/ROS_Source_Code/gmapping_ws/install/openslam_gmapping/share/openslam_gmapping/environment/library_path.dsv
[3.174s] -- Installing: /home/natdanai/ROS_Source_Code/gmapping_ws/install/openslam_gmapping/include/
[3.174s] -- Installing: /home/natdanai/ROS_Source_Code/gmapping_ws/install/openslam_gmapping/include//gmapping
[3.174s] -- Installing: /home/natdanai/ROS_Source_Code/gmapping_ws/install/openslam_gmapping/include//gmapping/sensor
[3.174s] -- Installing: /home/natdanai/ROS_Source_Code/gmapping_ws/install/openslam_gmapping/include//gmapping/sensor/sensor_odometry
[3.174s] -- Installing: /home/natdanai/ROS_Source_Code/gmapping_ws/install/openslam_gmapping/include//gmapping/sensor/sensor_odometry/odometrysensor.h
[3.174s] -- Installing: /home/natdanai/ROS_Source_Code/gmapping_ws/install/openslam_gmapping/include//gmapping/sensor/sensor_odometry/odometryreading.h
[3.174s] -- Installing: /home/natdanai/ROS_Source_Code/gmapping_ws/install/openslam_gmapping/include//gmapping/sensor/sensor_range
[3.174s] -- Installing: /home/natdanai/ROS_Source_Code/gmapping_ws/install/openslam_gmapping/include//gmapping/sensor/sensor_range/rangereading.h
[3.174s] -- Installing: /home/natdanai/ROS_Source_Code/gmapping_ws/install/openslam_gmapping/include//gmapping/sensor/sensor_range/rangesensor.h
[3.174s] -- Installing: /home/natdanai/ROS_Source_Code/gmapping_ws/install/openslam_gmapping/include//gmapping/sensor/sensor_base
[3.174s] -- Installing: /home/natdanai/ROS_Source_Code/gmapping_ws/install/openslam_gmapping/include//gmapping/sensor/sensor_base/sensorreading.h
[3.174s] -- Installing: /home/natdanai/ROS_Source_Code/gmapping_ws/install/openslam_gmapping/include//gmapping/sensor/sensor_base/sensor.h
[3.174s] -- Installing: /home/natdanai/ROS_Source_Code/gmapping_ws/install/openslam_gmapping/include//gmapping/gridfastslam
[3.175s] -- Installing: /home/natdanai/ROS_Source_Code/gmapping_ws/install/openslam_gmapping/include//gmapping/gridfastslam/motionmodel.h
[3.175s] -- Installing: /home/natdanai/ROS_Source_Code/gmapping_ws/install/openslam_gmapping/include//gmapping/gridfastslam/gridslamprocessor.h
[3.175s] -- Installing: /home/natdanai/ROS_Source_Code/gmapping_ws/install/openslam_gmapping/include//gmapping/gridfastslam/gridslamprocessor.hxx
[3.175s] -- Installing: /home/natdanai/ROS_Source_Code/gmapping_ws/install/openslam_gmapping/include//gmapping/log
[3.175s] -- Installing: /home/natdanai/ROS_Source_Code/gmapping_ws/install/openslam_gmapping/include//gmapping/log/sensorlog.h
[3.175s] -- Installing: /home/natdanai/ROS_Source_Code/gmapping_ws/install/openslam_gmapping/include//gmapping/log/configuration.h
[3.175s] -- Installing: /home/natdanai/ROS_Source_Code/gmapping_ws/install/openslam_gmapping/include//gmapping/utils
[3.175s] -- Installing: /home/natdanai/ROS_Source_Code/gmapping_ws/install/openslam_gmapping/include//gmapping/utils/autoptr.h
[3.175s] -- Installing: /home/natdanai/ROS_Source_Code/gmapping_ws/install/openslam_gmapping/include//gmapping/utils/gvalues.h
[3.175s] -- Installing: /home/natdanai/ROS_Source_Code/gmapping_ws/install/openslam_gmapping/include//gmapping/utils/macro_params.h
[3.175s] -- Installing: /home/natdanai/ROS_Source_Code/gmapping_ws/install/openslam_gmapping/include//gmapping/utils/stat.h
[3.175s] -- Installing: /home/natdanai/ROS_Source_Code/gmapping_ws/install/openslam_gmapping/include//gmapping/utils/point.h
[3.175s] -- Installing: /home/natdanai/ROS_Source_Code/gmapping_ws/install/openslam_gmapping/include//gmapping/utils/commandline.h
[3.177s] -- Installing: /home/natdanai/ROS_Source_Code/gmapping_ws/install/openslam_gmapping/include//gmapping/scanmatcher
[3.177s] -- Installing: /home/natdanai/ROS_Source_Code/gmapping_ws/install/openslam_gmapping/include//gmapping/scanmatcher/icp.h
[3.177s] -- Installing: /home/natdanai/ROS_Source_Code/gmapping_ws/install/openslam_gmapping/include//gmapping/scanmatcher/scanmatcher.h
[3.177s] -- Installing: /home/natdanai/ROS_Source_Code/gmapping_ws/install/openslam_gmapping/include//gmapping/scanmatcher/smmap.h
[3.177s] -- Installing: /home/natdanai/ROS_Source_Code/gmapping_ws/install/openslam_gmapping/include//gmapping/grid
[3.177s] -- Installing: /home/natdanai/ROS_Source_Code/gmapping_ws/install/openslam_gmapping/include//gmapping/grid/array2d.h
[3.177s] -- Installing: /home/natdanai/ROS_Source_Code/gmapping_ws/install/openslam_gmapping/include//gmapping/grid/map.h
[3.177s] -- Installing: /home/natdanai/ROS_Source_Code/gmapping_ws/install/openslam_gmapping/include//gmapping/grid/harray2d.h
[3.177s] -- Installing: /home/natdanai/ROS_Source_Code/gmapping_ws/install/openslam_gmapping/include//gmapping/grid/accessstate.h
[3.177s] -- Installing: /home/natdanai/ROS_Source_Code/gmapping_ws/install/openslam_gmapping/include//gmapping/particlefilter
[3.177s] -- Installing: /home/natdanai/ROS_Source_Code/gmapping_ws/install/openslam_gmapping/include//gmapping/particlefilter/particlefilter.h
[3.177s] -- Installing: /home/natdanai/ROS_Source_Code/gmapping_ws/install/openslam_gmapping/share/ament_index/resource_index/package_run_dependencies/openslam_gmapping
[3.177s] -- Installing: /home/natdanai/ROS_Source_Code/gmapping_ws/install/openslam_gmapping/share/ament_index/resource_index/parent_prefix_path/openslam_gmapping
[3.177s] -- Installing: /home/natdanai/ROS_Source_Code/gmapping_ws/install/openslam_gmapping/share/openslam_gmapping/environment/ament_prefix_path.sh
[3.177s] -- Installing: /home/natdanai/ROS_Source_Code/gmapping_ws/install/openslam_gmapping/share/openslam_gmapping/environment/ament_prefix_path.dsv
[3.178s] -- Installing: /home/natdanai/ROS_Source_Code/gmapping_ws/install/openslam_gmapping/share/openslam_gmapping/environment/path.sh
[3.178s] -- Installing: /home/natdanai/ROS_Source_Code/gmapping_ws/install/openslam_gmapping/share/openslam_gmapping/environment/path.dsv
[3.178s] -- Installing: /home/natdanai/ROS_Source_Code/gmapping_ws/install/openslam_gmapping/share/openslam_gmapping/local_setup.bash
[3.178s] -- Installing: /home/natdanai/ROS_Source_Code/gmapping_ws/install/openslam_gmapping/share/openslam_gmapping/local_setup.sh
[3.178s] -- Installing: /home/natdanai/ROS_Source_Code/gmapping_ws/install/openslam_gmapping/share/openslam_gmapping/local_setup.zsh
[3.178s] -- Installing: /home/natdanai/ROS_Source_Code/gmapping_ws/install/openslam_gmapping/share/openslam_gmapping/local_setup.dsv
[3.178s] -- Installing: /home/natdanai/ROS_Source_Code/gmapping_ws/install/openslam_gmapping/share/openslam_gmapping/package.dsv
[3.178s] -- Installing: /home/natdanai/ROS_Source_Code/gmapping_ws/install/openslam_gmapping/share/ament_index/resource_index/packages/openslam_gmapping
[3.178s] -- Installing: /home/natdanai/ROS_Source_Code/gmapping_ws/install/openslam_gmapping/share/openslam_gmapping/cmake/ament_cmake_export_libraries-extras.cmake
[3.178s] -- Installing: /home/natdanai/ROS_Source_Code/gmapping_ws/install/openslam_gmapping/share/openslam_gmapping/cmake/ament_cmake_export_include_directories-extras.cmake
[3.178s] -- Installing: /home/natdanai/ROS_Source_Code/gmapping_ws/install/openslam_gmapping/share/openslam_gmapping/cmake/openslam_gmappingConfig.cmake
[3.178s] -- Installing: /home/natdanai/ROS_Source_Code/gmapping_ws/install/openslam_gmapping/share/openslam_gmapping/cmake/openslam_gmappingConfig-version.cmake
[3.178s] -- Installing: /home/natdanai/ROS_Source_Code/gmapping_ws/install/openslam_gmapping/share/openslam_gmapping/package.xml
[3.178s] -- Installing: /home/natdanai/ROS_Source_Code/gmapping_ws/install/openslam_gmapping/lib/libgridfastslam.a
[3.179s] -- Installing: /home/natdanai/ROS_Source_Code/gmapping_ws/install/openslam_gmapping/lib/libscanmatcher.a
[3.179s] -- Up-to-date: /home/natdanai/ROS_Source_Code/gmapping_ws/install/openslam_gmapping/share/openslam_gmapping/environment/library_path.sh
[3.179s] -- Up-to-date: /home/natdanai/ROS_Source_Code/gmapping_ws/install/openslam_gmapping/share/openslam_gmapping/environment/library_path.dsv
[3.179s] -- Installing: /home/natdanai/ROS_Source_Code/gmapping_ws/install/openslam_gmapping/lib/libsensor_base.a
[3.179s] -- Up-to-date: /home/natdanai/ROS_Source_Code/gmapping_ws/install/openslam_gmapping/share/openslam_gmapping/environment/library_path.sh
[3.179s] -- Up-to-date: /home/natdanai/ROS_Source_Code/gmapping_ws/install/openslam_gmapping/share/openslam_gmapping/environment/library_path.dsv
[3.179s] -- Installing: /home/natdanai/ROS_Source_Code/gmapping_ws/install/openslam_gmapping/lib/libsensor_odometry.a
[3.179s] -- Installing: /home/natdanai/ROS_Source_Code/gmapping_ws/install/openslam_gmapping/lib/libsensor_range.a
[3.179s] -- Installing: /home/natdanai/ROS_Source_Code/gmapping_ws/install/openslam_gmapping/lib/libutils.a
[3.179s] -- Up-to-date: /home/natdanai/ROS_Source_Code/gmapping_ws/install/openslam_gmapping/share/openslam_gmapping/environment/library_path.sh
[3.180s] -- Up-to-date: /home/natdanai/ROS_Source_Code/gmapping_ws/install/openslam_gmapping/share/openslam_gmapping/environment/library_path.dsv
[3.181s] Invoked command in '/home/natdanai/ROS_Source_Code/gmapping_ws/build/openslam_gmapping' returned '0': CMAKE_PREFIX_PATH=${CMAKE_PREFIX_PATH}:/home/natdanai/ROS_Source_Code/yahboomcar_ws/function_package_without_WiFi_module/yahboomcar_ws/install/yahboomcar_nav:/home/natdanai/ROS_Source_Code/yahboomcar_ws/function_package_without_WiFi_module/yahboomcar_ws/install/yahboomcar_description:/home/natdanai/ROS_Source_Code/yahboomcar_ws/function_package_without_WiFi_module/yahboomcar_ws/install/yahboomcar_ctrl:/home/natdanai/ROS_Source_Code/yahboomcar_ws/function_package_without_WiFi_module/yahboomcar_ws/install/yahboomcar_bringup:/opt/ros/humble /usr/bin/cmake --install /home/natdanai/ROS_Source_Code/gmapping_ws/build/openslam_gmapping
