/home/natdanai/ROS_Source_Code/yahboomcar_ws/function_package_without_WiFi_module/yahboomcar_ws/install/yahboom_esp32_camera/lib/python3.10/site-packages/yahboom_esp32_camera/sub_img.py
/home/natdanai/ROS_Source_Code/yahboomcar_ws/function_package_without_WiFi_module/yahboomcar_ws/install/yahboom_esp32_camera/lib/python3.10/site-packages/yahboom_esp32_camera/calibrate_linear.py
/home/natdanai/ROS_Source_Code/yahboomcar_ws/function_package_without_WiFi_module/yahboomcar_ws/install/yahboom_esp32_camera/lib/python3.10/site-packages/yahboom_esp32_camera/untitled.py
/home/natdanai/ROS_Source_Code/yahboomcar_ws/function_package_without_WiFi_module/yahboomcar_ws/install/yahboom_esp32_camera/lib/python3.10/site-packages/yahboom_esp32_camera/__init__.py
/home/natdanai/ROS_Source_Code/yahboomcar_ws/function_package_without_WiFi_module/yahboomcar_ws/install/yahboom_esp32_camera/lib/python3.10/site-packages/yahboom_esp32_camera/calibrate_angular.py
/home/natdanai/ROS_Source_Code/yahboomcar_ws/function_package_without_WiFi_module/yahboomcar_ws/install/yahboom_esp32_camera/lib/python3.10/site-packages/yahboom_esp32_camera/patrol.py
/home/natdanai/ROS_Source_Code/yahboomcar_ws/function_package_without_WiFi_module/yahboomcar_ws/install/yahboom_esp32_camera/lib/python3.10/site-packages/yahboom_esp32_camera/test.py
/home/natdanai/ROS_Source_Code/yahboomcar_ws/function_package_without_WiFi_module/yahboomcar_ws/install/yahboom_esp32_camera/lib/python3.10/site-packages/yahboom_esp32_camera/transform_utils.py
/home/natdanai/ROS_Source_Code/yahboomcar_ws/function_package_without_WiFi_module/yahboomcar_ws/install/yahboom_esp32_camera/lib/python3.10/site-packages/yahboom_esp32_camera/__pycache__/sub_img.cpython-310.pyc
/home/natdanai/ROS_Source_Code/yahboomcar_ws/function_package_without_WiFi_module/yahboomcar_ws/install/yahboom_esp32_camera/lib/python3.10/site-packages/yahboom_esp32_camera/__pycache__/calibrate_linear.cpython-310.pyc
/home/natdanai/ROS_Source_Code/yahboomcar_ws/function_package_without_WiFi_module/yahboomcar_ws/install/yahboom_esp32_camera/lib/python3.10/site-packages/yahboom_esp32_camera/__pycache__/untitled.cpython-310.pyc
/home/natdanai/ROS_Source_Code/yahboomcar_ws/function_package_without_WiFi_module/yahboomcar_ws/install/yahboom_esp32_camera/lib/python3.10/site-packages/yahboom_esp32_camera/__pycache__/__init__.cpython-310.pyc
/home/natdanai/ROS_Source_Code/yahboomcar_ws/function_package_without_WiFi_module/yahboomcar_ws/install/yahboom_esp32_camera/lib/python3.10/site-packages/yahboom_esp32_camera/__pycache__/calibrate_angular.cpython-310.pyc
/home/natdanai/ROS_Source_Code/yahboomcar_ws/function_package_without_WiFi_module/yahboomcar_ws/install/yahboom_esp32_camera/lib/python3.10/site-packages/yahboom_esp32_camera/__pycache__/patrol.cpython-310.pyc
/home/natdanai/ROS_Source_Code/yahboomcar_ws/function_package_without_WiFi_module/yahboomcar_ws/install/yahboom_esp32_camera/lib/python3.10/site-packages/yahboom_esp32_camera/__pycache__/test.cpython-310.pyc
/home/natdanai/ROS_Source_Code/yahboomcar_ws/function_package_without_WiFi_module/yahboomcar_ws/install/yahboom_esp32_camera/lib/python3.10/site-packages/yahboom_esp32_camera/__pycache__/transform_utils.cpython-310.pyc
/home/natdanai/ROS_Source_Code/yahboomcar_ws/function_package_without_WiFi_module/yahboomcar_ws/install/yahboom_esp32_camera/share/ament_index/resource_index/packages/yahboom_esp32_camera
/home/natdanai/ROS_Source_Code/yahboomcar_ws/function_package_without_WiFi_module/yahboomcar_ws/install/yahboom_esp32_camera/share/yahboom_esp32_camera/package.xml
/home/natdanai/ROS_Source_Code/yahboomcar_ws/function_package_without_WiFi_module/yahboomcar_ws/install/yahboom_esp32_camera/share/yahboom_esp32_camera/launch/yahboom_esp32_camera_launch.py
/home/natdanai/ROS_Source_Code/yahboomcar_ws/function_package_without_WiFi_module/yahboomcar_ws/install/yahboom_esp32_camera/share/yahboomcar_description/rviz/yahboomcar.rviz
/home/natdanai/ROS_Source_Code/yahboomcar_ws/function_package_without_WiFi_module/yahboomcar_ws/install/yahboom_esp32_camera/share/yahboom_esp32_camera/param/imu_filter_param.yaml
/home/natdanai/ROS_Source_Code/yahboomcar_ws/function_package_without_WiFi_module/yahboomcar_ws/install/yahboom_esp32_camera/lib/python3.10/site-packages/yahboom_esp32_camera-0.0.0-py3.10.egg-info/zip-safe
/home/natdanai/ROS_Source_Code/yahboomcar_ws/function_package_without_WiFi_module/yahboomcar_ws/install/yahboom_esp32_camera/lib/python3.10/site-packages/yahboom_esp32_camera-0.0.0-py3.10.egg-info/PKG-INFO
/home/natdanai/ROS_Source_Code/yahboomcar_ws/function_package_without_WiFi_module/yahboomcar_ws/install/yahboom_esp32_camera/lib/python3.10/site-packages/yahboom_esp32_camera-0.0.0-py3.10.egg-info/entry_points.txt
/home/natdanai/ROS_Source_Code/yahboomcar_ws/function_package_without_WiFi_module/yahboomcar_ws/install/yahboom_esp32_camera/lib/python3.10/site-packages/yahboom_esp32_camera-0.0.0-py3.10.egg-info/dependency_links.txt
/home/natdanai/ROS_Source_Code/yahboomcar_ws/function_package_without_WiFi_module/yahboomcar_ws/install/yahboom_esp32_camera/lib/python3.10/site-packages/yahboom_esp32_camera-0.0.0-py3.10.egg-info/requires.txt
/home/natdanai/ROS_Source_Code/yahboomcar_ws/function_package_without_WiFi_module/yahboomcar_ws/install/yahboom_esp32_camera/lib/python3.10/site-packages/yahboom_esp32_camera-0.0.0-py3.10.egg-info/SOURCES.txt
/home/natdanai/ROS_Source_Code/yahboomcar_ws/function_package_without_WiFi_module/yahboomcar_ws/install/yahboom_esp32_camera/lib/python3.10/site-packages/yahboom_esp32_camera-0.0.0-py3.10.egg-info/top_level.txt
/home/natdanai/ROS_Source_Code/yahboomcar_ws/function_package_without_WiFi_module/yahboomcar_ws/install/yahboom_esp32_camera/lib/yahboom_esp32_camera/sub_img
