[0.438s] Invoking command in '/home/natdanai/ROS_Source_Code/yahboomcar_ws/function_package_without_WiFi_module/yahboomcar_ws/src/waypoint_nav': PYTHONPATH=/home/natdanai/ROS_Source_Code/build/waypoint_nav/prefix_override:/usr/lib/python3/dist-packages/colcon_core/task/python/colcon_distutils_commands:/home/natdanai/ROS_Source_Code/install/waypoint_nav/lib/python3.10/site-packages:${PYTHONPATH} /usr/bin/python3 -W ignore:setup.py install is deprecated -W ignore:easy_install command is deprecated setup.py egg_info --egg-base ../../../../../build/waypoint_nav build --build-base /home/natdanai/ROS_Source_Code/build/waypoint_nav/build install --record /home/natdanai/ROS_Source_Code/build/waypoint_nav/install.log --single-version-externally-managed install_data
[0.606s] running egg_info
[0.607s] creating ../../../../../build/waypoint_nav/waypoint_nav.egg-info
[0.607s] writing ../../../../../build/waypoint_nav/waypoint_nav.egg-info/PKG-INFO
[0.607s] writing dependency_links to ../../../../../build/waypoint_nav/waypoint_nav.egg-info/dependency_links.txt
[0.607s] writing entry points to ../../../../../build/waypoint_nav/waypoint_nav.egg-info/entry_points.txt
[0.607s] writing requirements to ../../../../../build/waypoint_nav/waypoint_nav.egg-info/requires.txt
[0.607s] writing top-level names to ../../../../../build/waypoint_nav/waypoint_nav.egg-info/top_level.txt
[0.607s] writing manifest file '../../../../../build/waypoint_nav/waypoint_nav.egg-info/SOURCES.txt'
[0.609s] reading manifest file '../../../../../build/waypoint_nav/waypoint_nav.egg-info/SOURCES.txt'
[0.609s] writing manifest file '../../../../../build/waypoint_nav/waypoint_nav.egg-info/SOURCES.txt'
[0.609s] running build
[0.609s] running build_py
[0.609s] creating /home/natdanai/ROS_Source_Code/build/waypoint_nav/build
[0.609s] creating /home/natdanai/ROS_Source_Code/build/waypoint_nav/build/lib
[0.609s] creating /home/natdanai/ROS_Source_Code/build/waypoint_nav/build/lib/waypoint_nav
[0.609s] copying waypoint_nav/__init__.py -> /home/natdanai/ROS_Source_Code/build/waypoint_nav/build/lib/waypoint_nav
[0.609s] copying waypoint_nav/run_waypoints.py -> /home/natdanai/ROS_Source_Code/build/waypoint_nav/build/lib/waypoint_nav
[0.609s] copying waypoint_nav/collect_points.py -> /home/natdanai/ROS_Source_Code/build/waypoint_nav/build/lib/waypoint_nav
[0.609s] running install
[0.610s] running install_lib
[0.610s] creating /home/natdanai/ROS_Source_Code/install/waypoint_nav/lib/python3.10/site-packages/waypoint_nav
[0.610s] copying /home/natdanai/ROS_Source_Code/build/waypoint_nav/build/lib/waypoint_nav/__init__.py -> /home/natdanai/ROS_Source_Code/install/waypoint_nav/lib/python3.10/site-packages/waypoint_nav
[0.610s] copying /home/natdanai/ROS_Source_Code/build/waypoint_nav/build/lib/waypoint_nav/run_waypoints.py -> /home/natdanai/ROS_Source_Code/install/waypoint_nav/lib/python3.10/site-packages/waypoint_nav
[0.610s] copying /home/natdanai/ROS_Source_Code/build/waypoint_nav/build/lib/waypoint_nav/collect_points.py -> /home/natdanai/ROS_Source_Code/install/waypoint_nav/lib/python3.10/site-packages/waypoint_nav
[0.610s] byte-compiling /home/natdanai/ROS_Source_Code/install/waypoint_nav/lib/python3.10/site-packages/waypoint_nav/__init__.py to __init__.cpython-310.pyc
[0.611s] byte-compiling /home/natdanai/ROS_Source_Code/install/waypoint_nav/lib/python3.10/site-packages/waypoint_nav/run_waypoints.py to run_waypoints.cpython-310.pyc
[0.612s] byte-compiling /home/natdanai/ROS_Source_Code/install/waypoint_nav/lib/python3.10/site-packages/waypoint_nav/collect_points.py to collect_points.cpython-310.pyc
[0.613s] running install_data
[0.613s] creating /home/natdanai/ROS_Source_Code/install/waypoint_nav/share/ament_index
[0.613s] creating /home/natdanai/ROS_Source_Code/install/waypoint_nav/share/ament_index/resource_index
[0.613s] creating /home/natdanai/ROS_Source_Code/install/waypoint_nav/share/ament_index/resource_index/packages
[0.613s] copying resource/waypoint_nav -> /home/natdanai/ROS_Source_Code/install/waypoint_nav/share/ament_index/resource_index/packages
[0.613s] copying package.xml -> /home/natdanai/ROS_Source_Code/install/waypoint_nav/share/waypoint_nav
[0.614s] running install_egg_info
[0.615s] Copying ../../../../../build/waypoint_nav/waypoint_nav.egg-info to /home/natdanai/ROS_Source_Code/install/waypoint_nav/lib/python3.10/site-packages/waypoint_nav-0.0.0-py3.10.egg-info
[0.615s] running install_scripts
[0.629s] Installing collect_points script to /home/natdanai/ROS_Source_Code/install/waypoint_nav/lib/waypoint_nav
[0.629s] Installing run_waypoints script to /home/natdanai/ROS_Source_Code/install/waypoint_nav/lib/waypoint_nav
[0.629s] writing list of installed files to '/home/natdanai/ROS_Source_Code/build/waypoint_nav/install.log'
[0.643s] Invoked command in '/home/natdanai/ROS_Source_Code/yahboomcar_ws/function_package_without_WiFi_module/yahboomcar_ws/src/waypoint_nav' returned '0': PYTHONPATH=/home/natdanai/ROS_Source_Code/build/waypoint_nav/prefix_override:/usr/lib/python3/dist-packages/colcon_core/task/python/colcon_distutils_commands:/home/natdanai/ROS_Source_Code/install/waypoint_nav/lib/python3.10/site-packages:${PYTHONPATH} /usr/bin/python3 -W ignore:setup.py install is deprecated -W ignore:easy_install command is deprecated setup.py egg_info --egg-base ../../../../../build/waypoint_nav build --build-base /home/natdanai/ROS_Source_Code/build/waypoint_nav/build install --record /home/natdanai/ROS_Source_Code/build/waypoint_nav/install.log --single-version-externally-managed install_data
