/home/natdanai/ROS_Source_Code/yahboomcar_ws/function_package_without_WiFi_module/yahboomcar_ws/install/waypoint_nav/lib/python3.10/site-packages/waypoint_nav/__init__.py
/home/natdanai/ROS_Source_Code/yahboomcar_ws/function_package_without_WiFi_module/yahboomcar_ws/install/waypoint_nav/lib/python3.10/site-packages/waypoint_nav/run_waypoints.py
/home/natdanai/ROS_Source_Code/yahboomcar_ws/function_package_without_WiFi_module/yahboomcar_ws/install/waypoint_nav/lib/python3.10/site-packages/waypoint_nav/check_points.py
/home/natdanai/ROS_Source_Code/yahboomcar_ws/function_package_without_WiFi_module/yahboomcar_ws/install/waypoint_nav/lib/python3.10/site-packages/waypoint_nav/collect_points.py
/home/natdanai/ROS_Source_Code/yahboomcar_ws/function_package_without_WiFi_module/yahboomcar_ws/install/waypoint_nav/lib/python3.10/site-packages/waypoint_nav/__pycache__/__init__.cpython-310.pyc
/home/natdanai/ROS_Source_Code/yahboomcar_ws/function_package_without_WiFi_module/yahboomcar_ws/install/waypoint_nav/lib/python3.10/site-packages/waypoint_nav/__pycache__/run_waypoints.cpython-310.pyc
/home/natdanai/ROS_Source_Code/yahboomcar_ws/function_package_without_WiFi_module/yahboomcar_ws/install/waypoint_nav/lib/python3.10/site-packages/waypoint_nav/__pycache__/check_points.cpython-310.pyc
/home/natdanai/ROS_Source_Code/yahboomcar_ws/function_package_without_WiFi_module/yahboomcar_ws/install/waypoint_nav/lib/python3.10/site-packages/waypoint_nav/__pycache__/collect_points.cpython-310.pyc
/home/natdanai/ROS_Source_Code/yahboomcar_ws/function_package_without_WiFi_module/yahboomcar_ws/install/waypoint_nav/share/ament_index/resource_index/packages/waypoint_nav
/home/natdanai/ROS_Source_Code/yahboomcar_ws/function_package_without_WiFi_module/yahboomcar_ws/install/waypoint_nav/share/waypoint_nav/package.xml
/home/natdanai/ROS_Source_Code/yahboomcar_ws/function_package_without_WiFi_module/yahboomcar_ws/install/waypoint_nav/lib/python3.10/site-packages/waypoint_nav-0.0.0-py3.10.egg-info/zip-safe
/home/natdanai/ROS_Source_Code/yahboomcar_ws/function_package_without_WiFi_module/yahboomcar_ws/install/waypoint_nav/lib/python3.10/site-packages/waypoint_nav-0.0.0-py3.10.egg-info/PKG-INFO
/home/natdanai/ROS_Source_Code/yahboomcar_ws/function_package_without_WiFi_module/yahboomcar_ws/install/waypoint_nav/lib/python3.10/site-packages/waypoint_nav-0.0.0-py3.10.egg-info/entry_points.txt
/home/natdanai/ROS_Source_Code/yahboomcar_ws/function_package_without_WiFi_module/yahboomcar_ws/install/waypoint_nav/lib/python3.10/site-packages/waypoint_nav-0.0.0-py3.10.egg-info/dependency_links.txt
/home/natdanai/ROS_Source_Code/yahboomcar_ws/function_package_without_WiFi_module/yahboomcar_ws/install/waypoint_nav/lib/python3.10/site-packages/waypoint_nav-0.0.0-py3.10.egg-info/requires.txt
/home/natdanai/ROS_Source_Code/yahboomcar_ws/function_package_without_WiFi_module/yahboomcar_ws/install/waypoint_nav/lib/python3.10/site-packages/waypoint_nav-0.0.0-py3.10.egg-info/SOURCES.txt
/home/natdanai/ROS_Source_Code/yahboomcar_ws/function_package_without_WiFi_module/yahboomcar_ws/install/waypoint_nav/lib/python3.10/site-packages/waypoint_nav-0.0.0-py3.10.egg-info/top_level.txt
/home/natdanai/ROS_Source_Code/yahboomcar_ws/function_package_without_WiFi_module/yahboomcar_ws/install/waypoint_nav/lib/waypoint_nav/check_points
/home/natdanai/ROS_Source_Code/yahboomcar_ws/function_package_without_WiFi_module/yahboomcar_ws/install/waypoint_nav/lib/waypoint_nav/collect_points
/home/natdanai/ROS_Source_Code/yahboomcar_ws/function_package_without_WiFi_module/yahboomcar_ws/install/waypoint_nav/lib/waypoint_nav/run_waypoints
