[0.007s] Invoking command in '/home/natdanai/ROS_Source_Code/gmapping_ws/build/slam_gmapping': AMENT_PREFIX_PATH=/home/natdanai/ROS_Source_Code/gmapping_ws/install/openslam_gmapping:${AMENT_PREFIX_PATH} CMAKE_PREFIX_PATH=/home/natdanai/ROS_Source_Code/gmapping_ws/install/openslam_gmapping:/home/natdanai/ROS_Source_Code/yahboomcar_ws/function_package_without_WiFi_module/yahboomcar_ws/install/yahboomcar_base_node:/home/natdanai/ROS_Source_Code/yahboomcar_ws/function_package_without_WiFi_module/yahboomcar_ws/install/yahboomcar_nav:/home/natdanai/ROS_Source_Code/yahboomcar_ws/function_package_without_WiFi_module/yahboomcar_ws/install/yahboomcar_description:/home/natdanai/ROS_Source_Code/yahboomcar_ws/function_package_without_WiFi_module/yahboomcar_ws/install/yahboomcar_ctrl:/home/natdanai/ROS_Source_Code/yahboomcar_ws/function_package_without_WiFi_module/yahboomcar_ws/install/yahboomcar_bringup:/opt/ros/humble LD_LIBRARY_PATH=/home/natdanai/ROS_Source_Code/gmapping_ws/install/openslam_gmapping/lib:${LD_LIBRARY_PATH} /usr/bin/cmake /home/natdanai/ROS_Source_Code/gmapping_ws/src/slam_gmapping -DCMAKE_INSTALL_PREFIX=/home/natdanai/ROS_Source_Code/gmapping_ws/install/slam_gmapping
[0.077s] -- The C compiler identification is GNU 11.4.0
[0.125s] -- The CXX compiler identification is GNU 11.4.0
[0.131s] -- Detecting C compiler ABI info
[0.190s] -- Detecting C compiler ABI info - done
[0.199s] -- Check for working C compiler: /usr/bin/cc - skipped
[0.199s] -- Detecting C compile features
[0.199s] -- Detecting C compile features - done
[0.201s] -- Detecting CXX compiler ABI info
[0.264s] -- Detecting CXX compiler ABI info - done
[0.269s] -- Check for working CXX compiler: /usr/bin/c++ - skipped
[0.269s] -- Detecting CXX compile features
[0.270s] -- Detecting CXX compile features - done
[0.270s] [0m -fuse-ld=lld -Wl,--disable-new-dtags[0m
[0.271s] -- Found ament_cmake: 1.3.13 (/opt/ros/humble/share/ament_cmake/cmake)
[0.389s] -- Found Python3: /usr/bin/python3 (found version "3.10.12") found components: Interpreter 
[0.451s] -- Found std_msgs: 4.9.1 (/opt/ros/humble/share/std_msgs/cmake)
[0.476s] -- Found rosidl_generator_c: 3.1.8 (/opt/ros/humble/share/rosidl_generator_c/cmake)
[0.480s] -- Found rosidl_adapter: 3.1.8 (/opt/ros/humble/share/rosidl_adapter/cmake)
[0.485s] -- Found rosidl_generator_cpp: 3.1.8 (/opt/ros/humble/share/rosidl_generator_cpp/cmake)
[0.493s] -- Using all available rosidl_typesupport_c: rosidl_typesupport_fastrtps_c;rosidl_typesupport_introspection_c
[0.504s] -- Using all available rosidl_typesupport_cpp: rosidl_typesupport_fastrtps_cpp;rosidl_typesupport_introspection_cpp
[0.521s] -- Found nav_msgs: 4.9.1 (/opt/ros/humble/share/nav_msgs/cmake)
[0.541s] -- Found tf2: 0.25.19 (/opt/ros/humble/share/tf2/cmake)
[0.548s] -- Found tf2_ros: 0.25.19 (/opt/ros/humble/share/tf2_ros/cmake)
[0.590s] -- Found rmw_implementation_cmake: 6.1.2 (/opt/ros/humble/share/rmw_implementation_cmake/cmake)
[0.591s] -- Found rmw_fastrtps_cpp: 6.2.10 (/opt/ros/humble/share/rmw_fastrtps_cpp/cmake)
[0.688s] -- Found OpenSSL: /usr/lib/x86_64-linux-gnu/libcrypto.so (found version "3.0.2")  
[0.718s] -- Found FastRTPS: /opt/ros/humble/include  
[0.748s] -- Using RMW implementation 'rmw_fastrtps_cpp' as default
[0.754s] -- Looking for pthread.h
[0.825s] -- Looking for pthread.h - found
[0.825s] -- Performing Test CMAKE_HAVE_LIBC_PTHREAD
[0.915s] -- Performing Test CMAKE_HAVE_LIBC_PTHREAD - Success
[0.916s] -- Found Threads: TRUE  
[0.990s] -- Found tf2_geometry_msgs: 0.25.19 (/opt/ros/humble/share/tf2_geometry_msgs/cmake)
[1.006s] -- Found eigen3_cmake_module: 0.1.1 (/opt/ros/humble/share/eigen3_cmake_module/cmake)
[1.007s] -- Found Eigen3: TRUE (found version "3.4.0") 
[1.007s] -- Ensuring Eigen3 include directory is part of orocos-kdl CMake target
[1.011s] -- Found sensor_msgs: 4.9.1 (/opt/ros/humble/share/sensor_msgs/cmake)
[1.035s] -- Found visualization_msgs: 4.9.1 (/opt/ros/humble/share/visualization_msgs/cmake)
[1.049s] -- Found openslam_gmapping: 0.1.2 (/home/natdanai/ROS_Source_Code/gmapping_ws/install/openslam_gmapping/share/openslam_gmapping/cmake)
[1.051s] -- Found ament_lint_auto: 0.12.15 (/opt/ros/humble/share/ament_lint_auto/cmake)
[1.133s] -- Added test 'cppcheck' to perform static code analysis on C / C++ code
[1.133s] -- Configured cppcheck include dirs: /home/natdanai/ROS_Source_Code/gmapping_ws/src/slam_gmapping/include
[1.133s] -- Configured cppcheck exclude dirs and/or files: 
[1.134s] -- Added test 'flake8' to check Python code syntax and style conventions
[1.134s] -- Added test 'lint_cmake' to check CMake code style
[1.134s] -- Added test 'pep257' to check Python code against some of the docstring style conventions in PEP 257
[1.135s] -- Added test 'uncrustify' to check C / C++ code style
[1.135s] -- Configured uncrustify additional arguments: 
[1.135s] -- Added test 'xmllint' to check XML markup files
[1.136s] -- Configuring done
[1.145s] -- Generating done
[1.148s] -- Build files have been written to: /home/natdanai/ROS_Source_Code/gmapping_ws/build/slam_gmapping
[1.157s] Invoked command in '/home/natdanai/ROS_Source_Code/gmapping_ws/build/slam_gmapping' returned '0': AMENT_PREFIX_PATH=/home/natdanai/ROS_Source_Code/gmapping_ws/install/openslam_gmapping:${AMENT_PREFIX_PATH} CMAKE_PREFIX_PATH=/home/natdanai/ROS_Source_Code/gmapping_ws/install/openslam_gmapping:/home/natdanai/ROS_Source_Code/yahboomcar_ws/function_package_without_WiFi_module/yahboomcar_ws/install/yahboomcar_base_node:/home/natdanai/ROS_Source_Code/yahboomcar_ws/function_package_without_WiFi_module/yahboomcar_ws/install/yahboomcar_nav:/home/natdanai/ROS_Source_Code/yahboomcar_ws/function_package_without_WiFi_module/yahboomcar_ws/install/yahboomcar_description:/home/natdanai/ROS_Source_Code/yahboomcar_ws/function_package_without_WiFi_module/yahboomcar_ws/install/yahboomcar_ctrl:/home/natdanai/ROS_Source_Code/yahboomcar_ws/function_package_without_WiFi_module/yahboomcar_ws/install/yahboomcar_bringup:/opt/ros/humble LD_LIBRARY_PATH=/home/natdanai/ROS_Source_Code/gmapping_ws/install/openslam_gmapping/lib:${LD_LIBRARY_PATH} /usr/bin/cmake /home/natdanai/ROS_Source_Code/gmapping_ws/src/slam_gmapping -DCMAKE_INSTALL_PREFIX=/home/natdanai/ROS_Source_Code/gmapping_ws/install/slam_gmapping
[1.158s] Invoking command in '/home/natdanai/ROS_Source_Code/gmapping_ws/build/slam_gmapping': AMENT_PREFIX_PATH=/home/natdanai/ROS_Source_Code/gmapping_ws/install/openslam_gmapping:${AMENT_PREFIX_PATH} CMAKE_PREFIX_PATH=/home/natdanai/ROS_Source_Code/gmapping_ws/install/openslam_gmapping:/home/natdanai/ROS_Source_Code/yahboomcar_ws/function_package_without_WiFi_module/yahboomcar_ws/install/yahboomcar_base_node:/home/natdanai/ROS_Source_Code/yahboomcar_ws/function_package_without_WiFi_module/yahboomcar_ws/install/yahboomcar_nav:/home/natdanai/ROS_Source_Code/yahboomcar_ws/function_package_without_WiFi_module/yahboomcar_ws/install/yahboomcar_description:/home/natdanai/ROS_Source_Code/yahboomcar_ws/function_package_without_WiFi_module/yahboomcar_ws/install/yahboomcar_ctrl:/home/natdanai/ROS_Source_Code/yahboomcar_ws/function_package_without_WiFi_module/yahboomcar_ws/install/yahboomcar_bringup:/opt/ros/humble LD_LIBRARY_PATH=/home/natdanai/ROS_Source_Code/gmapping_ws/install/openslam_gmapping/lib:${LD_LIBRARY_PATH} /usr/bin/cmake --build /home/natdanai/ROS_Source_Code/gmapping_ws/build/slam_gmapping -- -j16 -l16
[1.202s] [ 50%] [32mBuilding CXX object CMakeFiles/slam_gmapping.dir/src/slam_gmapping.cpp.o[0m
[1.369s] In file included from [01m[K/home/natdanai/ROS_Source_Code/gmapping_ws/src/slam_gmapping/include/slam_gmapping/slam_gmapping.h:38[m[K,
[1.369s]                  from [01m[K/home/natdanai/ROS_Source_Code/gmapping_ws/src/slam_gmapping/src/slam_gmapping.cpp:24[m[K:
[1.369s] [01m[K/opt/ros/humble/include/tf2_geometry_msgs/tf2_geometry_msgs/tf2_geometry_msgs.h:35:2:[m[K [01;35m[Kwarning: [m[K#warning This header is obsolete, please include tf2_geometry_msgs/tf2_geometry_msgs.hpp instead [[01;35m[K]8;;https://gcc.gnu.org/onlinedocs/gcc/Warning-Options.html#index-Wcpp-Wcpp]8;;[m[K]
[1.369s]    35 | #[01;35m[Kwarning[m[K This header is obsolete, please include tf2_geometry_msgs/tf2_geometry_msgs.hpp instead
[1.369s]       |  [01;35m[K^~~~~~~[m[K
[2.893s] In file included from [01m[K/home/natdanai/ROS_Source_Code/gmapping_ws/install/openslam_gmapping/include/gmapping/gridfastslam/gridslamprocessor.h:9[m[K,
[2.893s]                  from [01m[K/home/natdanai/ROS_Source_Code/gmapping_ws/src/slam_gmapping/include/slam_gmapping/slam_gmapping.h:45[m[K,
[2.893s]                  from [01m[K/home/natdanai/ROS_Source_Code/gmapping_ws/src/slam_gmapping/src/slam_gmapping.cpp:24[m[K:
[2.893s] [01m[K/home/natdanai/ROS_Source_Code/gmapping_ws/install/openslam_gmapping/include/gmapping/particlefilter/particlefilter.h:[m[K In function ‘[01m[Kvoid rle(OutputIterator&, const Iterator&, const Iterator&)[m[K’:
[2.893s] [01m[K/home/natdanai/ROS_Source_Code/gmapping_ws/install/openslam_gmapping/include/gmapping/particlefilter/particlefilter.h:140:9:[m[K [01;35m[Kwarning: [m[Kthis ‘[01m[Kif[m[K’ clause does not guard... [[01;35m[K]8;;https://gcc.gnu.org/onlinedocs/gcc/Warning-Options.html#index-Wmisleading-indentation-Wmisleading-indentation]8;;[m[K]
[2.893s]   140 |         [01;35m[Kif[m[K (count>0)
[2.893s]       |         [01;35m[K^~[m[K
[2.893s] [01m[K/home/natdanai/ROS_Source_Code/gmapping_ws/install/openslam_gmapping/include/gmapping/particlefilter/particlefilter.h:142:17:[m[K [01;36m[Knote: [m[K...this statement, but the latter is misleadingly indented as if it were guarded by the ‘[01m[Kif[m[K’
[2.893s]   142 |                 [01;36m[Kout[m[K++;
[2.893s]       |                 [01;36m[K^~~[m[K
[8.676s] [100%] [32m[1mLinking CXX executable slam_gmapping[0m
[9.062s] [100%] Built target slam_gmapping
[9.072s] Invoked command in '/home/natdanai/ROS_Source_Code/gmapping_ws/build/slam_gmapping' returned '0': AMENT_PREFIX_PATH=/home/natdanai/ROS_Source_Code/gmapping_ws/install/openslam_gmapping:${AMENT_PREFIX_PATH} CMAKE_PREFIX_PATH=/home/natdanai/ROS_Source_Code/gmapping_ws/install/openslam_gmapping:/home/natdanai/ROS_Source_Code/yahboomcar_ws/function_package_without_WiFi_module/yahboomcar_ws/install/yahboomcar_base_node:/home/natdanai/ROS_Source_Code/yahboomcar_ws/function_package_without_WiFi_module/yahboomcar_ws/install/yahboomcar_nav:/home/natdanai/ROS_Source_Code/yahboomcar_ws/function_package_without_WiFi_module/yahboomcar_ws/install/yahboomcar_description:/home/natdanai/ROS_Source_Code/yahboomcar_ws/function_package_without_WiFi_module/yahboomcar_ws/install/yahboomcar_ctrl:/home/natdanai/ROS_Source_Code/yahboomcar_ws/function_package_without_WiFi_module/yahboomcar_ws/install/yahboomcar_bringup:/opt/ros/humble LD_LIBRARY_PATH=/home/natdanai/ROS_Source_Code/gmapping_ws/install/openslam_gmapping/lib:${LD_LIBRARY_PATH} /usr/bin/cmake --build /home/natdanai/ROS_Source_Code/gmapping_ws/build/slam_gmapping -- -j16 -l16
[9.073s] Invoking command in '/home/natdanai/ROS_Source_Code/gmapping_ws/build/slam_gmapping': AMENT_PREFIX_PATH=/home/natdanai/ROS_Source_Code/gmapping_ws/install/openslam_gmapping:${AMENT_PREFIX_PATH} CMAKE_PREFIX_PATH=/home/natdanai/ROS_Source_Code/gmapping_ws/install/openslam_gmapping:/home/natdanai/ROS_Source_Code/yahboomcar_ws/function_package_without_WiFi_module/yahboomcar_ws/install/yahboomcar_base_node:/home/natdanai/ROS_Source_Code/yahboomcar_ws/function_package_without_WiFi_module/yahboomcar_ws/install/yahboomcar_nav:/home/natdanai/ROS_Source_Code/yahboomcar_ws/function_package_without_WiFi_module/yahboomcar_ws/install/yahboomcar_description:/home/natdanai/ROS_Source_Code/yahboomcar_ws/function_package_without_WiFi_module/yahboomcar_ws/install/yahboomcar_ctrl:/home/natdanai/ROS_Source_Code/yahboomcar_ws/function_package_without_WiFi_module/yahboomcar_ws/install/yahboomcar_bringup:/opt/ros/humble LD_LIBRARY_PATH=/home/natdanai/ROS_Source_Code/gmapping_ws/install/openslam_gmapping/lib:${LD_LIBRARY_PATH} /usr/bin/cmake --install /home/natdanai/ROS_Source_Code/gmapping_ws/build/slam_gmapping
[9.079s] -- Install configuration: ""
[9.079s] -- Installing: /home/natdanai/ROS_Source_Code/gmapping_ws/install/slam_gmapping/lib/slam_gmapping/slam_gmapping
[9.082s] -- Set runtime path of "/home/natdanai/ROS_Source_Code/gmapping_ws/install/slam_gmapping/lib/slam_gmapping/slam_gmapping" to ""
[9.082s] -- Installing: /home/natdanai/ROS_Source_Code/gmapping_ws/install/slam_gmapping/share/slam_gmapping/launch
[9.082s] -- Installing: /home/natdanai/ROS_Source_Code/gmapping_ws/install/slam_gmapping/share/slam_gmapping/launch/slam_gmapping.launch.py
[9.082s] -- Up-to-date: /home/natdanai/ROS_Source_Code/gmapping_ws/install/slam_gmapping/share/slam_gmapping/launch
[9.082s] -- Up-to-date: /home/natdanai/ROS_Source_Code/gmapping_ws/install/slam_gmapping/share/slam_gmapping/launch/slam_gmapping.launch.py
[9.083s] -- Installing: /home/natdanai/ROS_Source_Code/gmapping_ws/install/slam_gmapping/share/slam_gmapping/params
[9.083s] -- Installing: /home/natdanai/ROS_Source_Code/gmapping_ws/install/slam_gmapping/share/slam_gmapping/params/slam_gmapping.yaml
[9.083s] -- Installing: /home/natdanai/ROS_Source_Code/gmapping_ws/install/slam_gmapping/share/ament_index/resource_index/package_run_dependencies/slam_gmapping
[9.083s] -- Installing: /home/natdanai/ROS_Source_Code/gmapping_ws/install/slam_gmapping/share/ament_index/resource_index/parent_prefix_path/slam_gmapping
[9.083s] -- Installing: /home/natdanai/ROS_Source_Code/gmapping_ws/install/slam_gmapping/share/slam_gmapping/environment/ament_prefix_path.sh
[9.083s] -- Installing: /home/natdanai/ROS_Source_Code/gmapping_ws/install/slam_gmapping/share/slam_gmapping/environment/ament_prefix_path.dsv
[9.083s] -- Installing: /home/natdanai/ROS_Source_Code/gmapping_ws/install/slam_gmapping/share/slam_gmapping/environment/path.sh
[9.083s] -- Installing: /home/natdanai/ROS_Source_Code/gmapping_ws/install/slam_gmapping/share/slam_gmapping/environment/path.dsv
[9.083s] -- Installing: /home/natdanai/ROS_Source_Code/gmapping_ws/install/slam_gmapping/share/slam_gmapping/local_setup.bash
[9.083s] -- Installing: /home/natdanai/ROS_Source_Code/gmapping_ws/install/slam_gmapping/share/slam_gmapping/local_setup.sh
[9.083s] -- Installing: /home/natdanai/ROS_Source_Code/gmapping_ws/install/slam_gmapping/share/slam_gmapping/local_setup.zsh
[9.083s] -- Installing: /home/natdanai/ROS_Source_Code/gmapping_ws/install/slam_gmapping/share/slam_gmapping/local_setup.dsv
[9.083s] -- Installing: /home/natdanai/ROS_Source_Code/gmapping_ws/install/slam_gmapping/share/slam_gmapping/package.dsv
[9.083s] -- Installing: /home/natdanai/ROS_Source_Code/gmapping_ws/install/slam_gmapping/share/ament_index/resource_index/packages/slam_gmapping
[9.084s] -- Installing: /home/natdanai/ROS_Source_Code/gmapping_ws/install/slam_gmapping/share/slam_gmapping/cmake/slam_gmappingConfig.cmake
[9.084s] -- Installing: /home/natdanai/ROS_Source_Code/gmapping_ws/install/slam_gmapping/share/slam_gmapping/cmake/slam_gmappingConfig-version.cmake
[9.084s] -- Installing: /home/natdanai/ROS_Source_Code/gmapping_ws/install/slam_gmapping/share/slam_gmapping/package.xml
[9.087s] Invoked command in '/home/natdanai/ROS_Source_Code/gmapping_ws/build/slam_gmapping' returned '0': AMENT_PREFIX_PATH=/home/natdanai/ROS_Source_Code/gmapping_ws/install/openslam_gmapping:${AMENT_PREFIX_PATH} CMAKE_PREFIX_PATH=/home/natdanai/ROS_Source_Code/gmapping_ws/install/openslam_gmapping:/home/natdanai/ROS_Source_Code/yahboomcar_ws/function_package_without_WiFi_module/yahboomcar_ws/install/yahboomcar_base_node:/home/natdanai/ROS_Source_Code/yahboomcar_ws/function_package_without_WiFi_module/yahboomcar_ws/install/yahboomcar_nav:/home/natdanai/ROS_Source_Code/yahboomcar_ws/function_package_without_WiFi_module/yahboomcar_ws/install/yahboomcar_description:/home/natdanai/ROS_Source_Code/yahboomcar_ws/function_package_without_WiFi_module/yahboomcar_ws/install/yahboomcar_ctrl:/home/natdanai/ROS_Source_Code/yahboomcar_ws/function_package_without_WiFi_module/yahboomcar_ws/install/yahboomcar_bringup:/opt/ros/humble LD_LIBRARY_PATH=/home/natdanai/ROS_Source_Code/gmapping_ws/install/openslam_gmapping/lib:${LD_LIBRARY_PATH} /usr/bin/cmake --install /home/natdanai/ROS_Source_Code/gmapping_ws/build/slam_gmapping
