[0.449s] Invoking command in '/home/natdanai/ROS_Source_Code/yahboomcar_ws/function_package_without_WiFi_module/yahboomcar_ws/src/waypoint_nav': PYTHONPATH=/home/natdanai/ROS_Source_Code/yahboomcar_ws/function_package_without_WiFi_module/yahboomcar_ws/build/waypoint_nav/prefix_override:/usr/lib/python3/dist-packages/colcon_core/task/python/colcon_distutils_commands:/home/natdanai/ROS_Source_Code/yahboomcar_ws/function_package_without_WiFi_module/yahboomcar_ws/install/waypoint_nav/lib/python3.10/site-packages:${PYTHONPATH} /usr/bin/python3 -W ignore:setup.py install is deprecated -W ignore:easy_install command is deprecated setup.py egg_info --egg-base ../../build/waypoint_nav build --build-base /home/natdanai/ROS_Source_Code/yahboomcar_ws/function_package_without_WiFi_module/yahboomcar_ws/build/waypoint_nav/build install --record /home/natdanai/ROS_Source_Code/yahboomcar_ws/function_package_without_WiFi_module/yahboomcar_ws/build/waypoint_nav/install.log --single-version-externally-managed install_data
[0.620s] running egg_info
[0.620s] writing ../../build/waypoint_nav/waypoint_nav.egg-info/PKG-INFO
[0.620s] writing dependency_links to ../../build/waypoint_nav/waypoint_nav.egg-info/dependency_links.txt
[0.621s] writing entry points to ../../build/waypoint_nav/waypoint_nav.egg-info/entry_points.txt
[0.621s] writing requirements to ../../build/waypoint_nav/waypoint_nav.egg-info/requires.txt
[0.621s] writing top-level names to ../../build/waypoint_nav/waypoint_nav.egg-info/top_level.txt
[0.622s] reading manifest file '../../build/waypoint_nav/waypoint_nav.egg-info/SOURCES.txt'
[0.622s] writing manifest file '../../build/waypoint_nav/waypoint_nav.egg-info/SOURCES.txt'
[0.622s] running build
[0.622s] running build_py
[0.622s] running install
[0.623s] running install_lib
[0.623s] running install_data
[0.623s] running install_egg_info
[0.625s] removing '/home/natdanai/ROS_Source_Code/yahboomcar_ws/function_package_without_WiFi_module/yahboomcar_ws/install/waypoint_nav/lib/python3.10/site-packages/waypoint_nav-0.0.0-py3.10.egg-info' (and everything under it)
[0.625s] Copying ../../build/waypoint_nav/waypoint_nav.egg-info to /home/natdanai/ROS_Source_Code/yahboomcar_ws/function_package_without_WiFi_module/yahboomcar_ws/install/waypoint_nav/lib/python3.10/site-packages/waypoint_nav-0.0.0-py3.10.egg-info
[0.625s] running install_scripts
[0.639s] Installing check_points script to /home/natdanai/ROS_Source_Code/yahboomcar_ws/function_package_without_WiFi_module/yahboomcar_ws/install/waypoint_nav/lib/waypoint_nav
[0.639s] Installing collect_points script to /home/natdanai/ROS_Source_Code/yahboomcar_ws/function_package_without_WiFi_module/yahboomcar_ws/install/waypoint_nav/lib/waypoint_nav
[0.639s] Installing run_waypoints script to /home/natdanai/ROS_Source_Code/yahboomcar_ws/function_package_without_WiFi_module/yahboomcar_ws/install/waypoint_nav/lib/waypoint_nav
[0.639s] writing list of installed files to '/home/natdanai/ROS_Source_Code/yahboomcar_ws/function_package_without_WiFi_module/yahboomcar_ws/build/waypoint_nav/install.log'
[0.653s] Invoked command in '/home/natdanai/ROS_Source_Code/yahboomcar_ws/function_package_without_WiFi_module/yahboomcar_ws/src/waypoint_nav' returned '0': PYTHONPATH=/home/natdanai/ROS_Source_Code/yahboomcar_ws/function_package_without_WiFi_module/yahboomcar_ws/build/waypoint_nav/prefix_override:/usr/lib/python3/dist-packages/colcon_core/task/python/colcon_distutils_commands:/home/natdanai/ROS_Source_Code/yahboomcar_ws/function_package_without_WiFi_module/yahboomcar_ws/install/waypoint_nav/lib/python3.10/site-packages:${PYTHONPATH} /usr/bin/python3 -W ignore:setup.py install is deprecated -W ignore:easy_install command is deprecated setup.py egg_info --egg-base ../../build/waypoint_nav build --build-base /home/natdanai/ROS_Source_Code/yahboomcar_ws/function_package_without_WiFi_module/yahboomcar_ws/build/waypoint_nav/build install --record /home/natdanai/ROS_Source_Code/yahboomcar_ws/function_package_without_WiFi_module/yahboomcar_ws/build/waypoint_nav/install.log --single-version-externally-managed install_data
