/home/natdanai/ROS_Source_Code/yahboomcar_ws/function_package_without_WiFi_module/yahboomcar_ws/install/yahboom_esp32ai_car/lib/python3.10/site-packages/yahboom_esp32ai_car/RobotCtrl.py
/home/natdanai/ROS_Source_Code/yahboomcar_ws/function_package_without_WiFi_module/yahboomcar_ws/install/yahboom_esp32ai_car/lib/python3.10/site-packages/yahboom_esp32ai_car/__init__.py
/home/natdanai/ROS_Source_Code/yahboomcar_ws/function_package_without_WiFi_module/yahboomcar_ws/install/yahboom_esp32ai_car/lib/python3.10/site-packages/yahboom_esp32ai_car/colorTracker.py
/home/natdanai/ROS_Source_Code/yahboomcar_ws/function_package_without_WiFi_module/yahboomcar_ws/install/yahboom_esp32ai_car/lib/python3.10/site-packages/yahboom_esp32ai_car/mono_Tracker.py
/home/natdanai/ROS_Source_Code/yahboomcar_ws/function_package_without_WiFi_module/yahboomcar_ws/install/yahboom_esp32ai_car/lib/python3.10/site-packages/yahboom_esp32ai_car/face_fllow.py
/home/natdanai/ROS_Source_Code/yahboomcar_ws/function_package_without_WiFi_module/yahboomcar_ws/install/yahboom_esp32ai_car/lib/python3.10/site-packages/yahboom_esp32ai_car/FingerCtrl.py
/home/natdanai/ROS_Source_Code/yahboomcar_ws/function_package_without_WiFi_module/yahboomcar_ws/install/yahboom_esp32ai_car/lib/python3.10/site-packages/yahboom_esp32ai_car/qrTracker.py
/home/natdanai/ROS_Source_Code/yahboomcar_ws/function_package_without_WiFi_module/yahboomcar_ws/install/yahboom_esp32ai_car/lib/python3.10/site-packages/yahboom_esp32ai_car/follow_line.py
/home/natdanai/ROS_Source_Code/yahboomcar_ws/function_package_without_WiFi_module/yahboomcar_ws/install/yahboom_esp32ai_car/lib/python3.10/site-packages/yahboom_esp32ai_car/control_shape.py
/home/natdanai/ROS_Source_Code/yahboomcar_ws/function_package_without_WiFi_module/yahboomcar_ws/install/yahboom_esp32ai_car/lib/python3.10/site-packages/yahboom_esp32ai_car/astra_common.py
/home/natdanai/ROS_Source_Code/yahboomcar_ws/function_package_without_WiFi_module/yahboomcar_ws/install/yahboom_esp32ai_car/lib/python3.10/site-packages/yahboom_esp32ai_car/follow_common.py
/home/natdanai/ROS_Source_Code/yahboomcar_ws/function_package_without_WiFi_module/yahboomcar_ws/install/yahboom_esp32ai_car/lib/python3.10/site-packages/yahboom_esp32ai_car/HandCtrl.py
/home/natdanai/ROS_Source_Code/yahboomcar_ws/function_package_without_WiFi_module/yahboomcar_ws/install/yahboom_esp32ai_car/lib/python3.10/site-packages/yahboom_esp32ai_car/media_library.py
/home/natdanai/ROS_Source_Code/yahboomcar_ws/function_package_without_WiFi_module/yahboomcar_ws/install/yahboom_esp32ai_car/lib/python3.10/site-packages/yahboom_esp32ai_car/colorHSV.py
/home/natdanai/ROS_Source_Code/yahboomcar_ws/function_package_without_WiFi_module/yahboomcar_ws/install/yahboom_esp32ai_car/lib/python3.10/site-packages/yahboom_esp32ai_car/__pycache__/RobotCtrl.cpython-310.pyc
/home/natdanai/ROS_Source_Code/yahboomcar_ws/function_package_without_WiFi_module/yahboomcar_ws/install/yahboom_esp32ai_car/lib/python3.10/site-packages/yahboom_esp32ai_car/__pycache__/__init__.cpython-310.pyc
/home/natdanai/ROS_Source_Code/yahboomcar_ws/function_package_without_WiFi_module/yahboomcar_ws/install/yahboom_esp32ai_car/lib/python3.10/site-packages/yahboom_esp32ai_car/__pycache__/colorTracker.cpython-310.pyc
/home/natdanai/ROS_Source_Code/yahboomcar_ws/function_package_without_WiFi_module/yahboomcar_ws/install/yahboom_esp32ai_car/lib/python3.10/site-packages/yahboom_esp32ai_car/__pycache__/mono_Tracker.cpython-310.pyc
/home/natdanai/ROS_Source_Code/yahboomcar_ws/function_package_without_WiFi_module/yahboomcar_ws/install/yahboom_esp32ai_car/lib/python3.10/site-packages/yahboom_esp32ai_car/__pycache__/face_fllow.cpython-310.pyc
/home/natdanai/ROS_Source_Code/yahboomcar_ws/function_package_without_WiFi_module/yahboomcar_ws/install/yahboom_esp32ai_car/lib/python3.10/site-packages/yahboom_esp32ai_car/__pycache__/FingerCtrl.cpython-310.pyc
/home/natdanai/ROS_Source_Code/yahboomcar_ws/function_package_without_WiFi_module/yahboomcar_ws/install/yahboom_esp32ai_car/lib/python3.10/site-packages/yahboom_esp32ai_car/__pycache__/qrTracker.cpython-310.pyc
/home/natdanai/ROS_Source_Code/yahboomcar_ws/function_package_without_WiFi_module/yahboomcar_ws/install/yahboom_esp32ai_car/lib/python3.10/site-packages/yahboom_esp32ai_car/__pycache__/follow_line.cpython-310.pyc
/home/natdanai/ROS_Source_Code/yahboomcar_ws/function_package_without_WiFi_module/yahboomcar_ws/install/yahboom_esp32ai_car/lib/python3.10/site-packages/yahboom_esp32ai_car/__pycache__/control_shape.cpython-310.pyc
/home/natdanai/ROS_Source_Code/yahboomcar_ws/function_package_without_WiFi_module/yahboomcar_ws/install/yahboom_esp32ai_car/lib/python3.10/site-packages/yahboom_esp32ai_car/__pycache__/astra_common.cpython-310.pyc
/home/natdanai/ROS_Source_Code/yahboomcar_ws/function_package_without_WiFi_module/yahboomcar_ws/install/yahboom_esp32ai_car/lib/python3.10/site-packages/yahboom_esp32ai_car/__pycache__/follow_common.cpython-310.pyc
/home/natdanai/ROS_Source_Code/yahboomcar_ws/function_package_without_WiFi_module/yahboomcar_ws/install/yahboom_esp32ai_car/lib/python3.10/site-packages/yahboom_esp32ai_car/__pycache__/HandCtrl.cpython-310.pyc
/home/natdanai/ROS_Source_Code/yahboomcar_ws/function_package_without_WiFi_module/yahboomcar_ws/install/yahboom_esp32ai_car/lib/python3.10/site-packages/yahboom_esp32ai_car/__pycache__/media_library.cpython-310.pyc
/home/natdanai/ROS_Source_Code/yahboomcar_ws/function_package_without_WiFi_module/yahboomcar_ws/install/yahboom_esp32ai_car/lib/python3.10/site-packages/yahboom_esp32ai_car/__pycache__/colorHSV.cpython-310.pyc
/home/natdanai/ROS_Source_Code/yahboomcar_ws/function_package_without_WiFi_module/yahboomcar_ws/install/yahboom_esp32ai_car/share/ament_index/resource_index/packages/yahboom_esp32ai_car
/home/natdanai/ROS_Source_Code/yahboomcar_ws/function_package_without_WiFi_module/yahboomcar_ws/install/yahboom_esp32ai_car/share/yahboom_esp32ai_car/package.xml
/home/natdanai/ROS_Source_Code/yahboomcar_ws/function_package_without_WiFi_module/yahboomcar_ws/install/yahboom_esp32ai_car/lib/python3.10/site-packages/yahboom_esp32ai_car-0.0.0-py3.10.egg-info/zip-safe
/home/natdanai/ROS_Source_Code/yahboomcar_ws/function_package_without_WiFi_module/yahboomcar_ws/install/yahboom_esp32ai_car/lib/python3.10/site-packages/yahboom_esp32ai_car-0.0.0-py3.10.egg-info/PKG-INFO
/home/natdanai/ROS_Source_Code/yahboomcar_ws/function_package_without_WiFi_module/yahboomcar_ws/install/yahboom_esp32ai_car/lib/python3.10/site-packages/yahboom_esp32ai_car-0.0.0-py3.10.egg-info/entry_points.txt
/home/natdanai/ROS_Source_Code/yahboomcar_ws/function_package_without_WiFi_module/yahboomcar_ws/install/yahboom_esp32ai_car/lib/python3.10/site-packages/yahboom_esp32ai_car-0.0.0-py3.10.egg-info/dependency_links.txt
/home/natdanai/ROS_Source_Code/yahboomcar_ws/function_package_without_WiFi_module/yahboomcar_ws/install/yahboom_esp32ai_car/lib/python3.10/site-packages/yahboom_esp32ai_car-0.0.0-py3.10.egg-info/requires.txt
/home/natdanai/ROS_Source_Code/yahboomcar_ws/function_package_without_WiFi_module/yahboomcar_ws/install/yahboom_esp32ai_car/lib/python3.10/site-packages/yahboom_esp32ai_car-0.0.0-py3.10.egg-info/SOURCES.txt
/home/natdanai/ROS_Source_Code/yahboomcar_ws/function_package_without_WiFi_module/yahboomcar_ws/install/yahboom_esp32ai_car/lib/python3.10/site-packages/yahboom_esp32ai_car-0.0.0-py3.10.egg-info/top_level.txt
/home/natdanai/ROS_Source_Code/yahboomcar_ws/function_package_without_WiFi_module/yahboomcar_ws/install/yahboom_esp32ai_car/lib/yahboom_esp32ai_car/FingerCtrl
/home/natdanai/ROS_Source_Code/yahboomcar_ws/function_package_without_WiFi_module/yahboomcar_ws/install/yahboom_esp32ai_car/lib/yahboom_esp32ai_car/HandCtrl
/home/natdanai/ROS_Source_Code/yahboomcar_ws/function_package_without_WiFi_module/yahboomcar_ws/install/yahboom_esp32ai_car/lib/yahboom_esp32ai_car/RobotCtrl
/home/natdanai/ROS_Source_Code/yahboomcar_ws/function_package_without_WiFi_module/yahboomcar_ws/install/yahboom_esp32ai_car/lib/yahboom_esp32ai_car/colorHSV
/home/natdanai/ROS_Source_Code/yahboomcar_ws/function_package_without_WiFi_module/yahboomcar_ws/install/yahboom_esp32ai_car/lib/yahboom_esp32ai_car/colorTracker
/home/natdanai/ROS_Source_Code/yahboomcar_ws/function_package_without_WiFi_module/yahboomcar_ws/install/yahboom_esp32ai_car/lib/yahboom_esp32ai_car/control_shape
/home/natdanai/ROS_Source_Code/yahboomcar_ws/function_package_without_WiFi_module/yahboomcar_ws/install/yahboom_esp32ai_car/lib/yahboom_esp32ai_car/face_fllow
/home/natdanai/ROS_Source_Code/yahboomcar_ws/function_package_without_WiFi_module/yahboomcar_ws/install/yahboom_esp32ai_car/lib/yahboom_esp32ai_car/follow_line
/home/natdanai/ROS_Source_Code/yahboomcar_ws/function_package_without_WiFi_module/yahboomcar_ws/install/yahboom_esp32ai_car/lib/yahboom_esp32ai_car/mono_Tracker
/home/natdanai/ROS_Source_Code/yahboomcar_ws/function_package_without_WiFi_module/yahboomcar_ws/install/yahboom_esp32ai_car/lib/yahboom_esp32ai_car/qrTracker
