[0.073s] DEBUG:colcon:Command line arguments: ['/usr/bin/colcon', 'build', '--symlink-install']
[0.073s] DEBUG:colcon:Parsed command line arguments: Namespace(log_base=None, log_level=None, verb_name='build', build_base='build', install_base='install', merge_install=False, symlink_install=True, test_result_base=None, continue_on_error=False, executor='parallel', parallel_workers=16, event_handlers=None, ignore_user_meta=False, metas=['./colcon.meta'], base_paths=['.'], packages_ignore=None, packages_ignore_regex=None, paths=None, packages_up_to=None, packages_up_to_regex=None, packages_above=None, packages_above_and_dependencies=None, packages_above_depth=None, packages_select_by_dep=None, packages_skip_by_dep=None, packages_skip_up_to=None, packages_select_build_failed=False, packages_skip_build_finished=False, packages_select_test_failures=False, packages_skip_test_passed=False, packages_select=None, packages_skip=None, packages_select_regex=None, packages_skip_regex=None, packages_start=None, packages_end=None, allow_overriding=[], cmake_args=None, cmake_target=None, cmake_target_skip_unavailable=False, cmake_clean_cache=False, cmake_clean_first=False, cmake_force_configure=False, ament_cmake_args=None, catkin_cmake_args=None, catkin_skip_building_tests=False, verb_parser=<colcon_defaults.argument_parser.defaults.DefaultArgumentsDecorator object at 0x7bdfef598850>, verb_extension=<colcon_core.verb.build.BuildVerb object at 0x7bdfef598340>, main=<bound method BuildVerb.main of <colcon_core.verb.build.BuildVerb object at 0x7bdfef598340>>)
[0.180s] Level 1:colcon.colcon_core.package_discovery:discover_packages(colcon_meta) check parameters
[0.180s] Level 1:colcon.colcon_core.package_discovery:discover_packages(recursive) check parameters
[0.180s] Level 1:colcon.colcon_core.package_discovery:discover_packages(ignore) check parameters
[0.180s] Level 1:colcon.colcon_core.package_discovery:discover_packages(path) check parameters
[0.180s] Level 1:colcon.colcon_core.package_discovery:discover_packages(colcon_meta) discover
[0.180s] Level 1:colcon.colcon_core.package_discovery:discover_packages(recursive) discover
[0.180s] INFO:colcon.colcon_core.package_discovery:Crawling recursively for packages in '/home/natdanai/ROS_Source_Code'
[0.180s] Level 1:colcon.colcon_core.package_identification:_identify(.) by extensions ['ignore', 'ignore_ament_install']
[0.180s] Level 1:colcon.colcon_core.package_identification:_identify(.) by extension 'ignore'
[0.180s] Level 1:colcon.colcon_core.package_identification:_identify(.) by extension 'ignore_ament_install'
[0.180s] Level 1:colcon.colcon_core.package_identification:_identify(.) by extensions ['colcon_pkg']
[0.180s] Level 1:colcon.colcon_core.package_identification:_identify(.) by extension 'colcon_pkg'
[0.180s] Level 1:colcon.colcon_core.package_identification:_identify(.) by extensions ['colcon_meta']
[0.180s] Level 1:colcon.colcon_core.package_identification:_identify(.) by extension 'colcon_meta'
[0.180s] Level 1:colcon.colcon_core.package_identification:_identify(.) by extensions ['ros']
[0.180s] Level 1:colcon.colcon_core.package_identification:_identify(.) by extension 'ros'
[0.206s] Level 1:colcon.colcon_core.package_identification:_identify(.) by extensions ['cmake', 'python']
[0.206s] Level 1:colcon.colcon_core.package_identification:_identify(.) by extension 'cmake'
[0.206s] Level 1:colcon.colcon_core.package_identification:_identify(.) by extension 'python'
[0.206s] Level 1:colcon.colcon_core.package_identification:_identify(.) by extensions ['python_setup_py']
[0.206s] Level 1:colcon.colcon_core.package_identification:_identify(.) by extension 'python_setup_py'
[0.206s] Level 1:colcon.colcon_core.package_identification:_identify(build) by extensions ['ignore', 'ignore_ament_install']
[0.206s] Level 1:colcon.colcon_core.package_identification:_identify(build) by extension 'ignore'
[0.206s] Level 1:colcon.colcon_core.package_identification:_identify(build) ignored
[0.206s] Level 1:colcon.colcon_core.package_identification:_identify(gmapping_ws) by extensions ['ignore', 'ignore_ament_install']
[0.206s] Level 1:colcon.colcon_core.package_identification:_identify(gmapping_ws) by extension 'ignore'
[0.206s] Level 1:colcon.colcon_core.package_identification:_identify(gmapping_ws) by extension 'ignore_ament_install'
[0.206s] Level 1:colcon.colcon_core.package_identification:_identify(gmapping_ws) by extensions ['colcon_pkg']
[0.206s] Level 1:colcon.colcon_core.package_identification:_identify(gmapping_ws) by extension 'colcon_pkg'
[0.206s] Level 1:colcon.colcon_core.package_identification:_identify(gmapping_ws) by extensions ['colcon_meta']
[0.206s] Level 1:colcon.colcon_core.package_identification:_identify(gmapping_ws) by extension 'colcon_meta'
[0.206s] Level 1:colcon.colcon_core.package_identification:_identify(gmapping_ws) by extensions ['ros']
[0.207s] Level 1:colcon.colcon_core.package_identification:_identify(gmapping_ws) by extension 'ros'
[0.207s] Level 1:colcon.colcon_core.package_identification:_identify(gmapping_ws) by extensions ['cmake', 'python']
[0.207s] Level 1:colcon.colcon_core.package_identification:_identify(gmapping_ws) by extension 'cmake'
[0.207s] Level 1:colcon.colcon_core.package_identification:_identify(gmapping_ws) by extension 'python'
[0.207s] Level 1:colcon.colcon_core.package_identification:_identify(gmapping_ws) by extensions ['python_setup_py']
[0.207s] Level 1:colcon.colcon_core.package_identification:_identify(gmapping_ws) by extension 'python_setup_py'
[0.207s] Level 1:colcon.colcon_core.package_identification:_identify(gmapping_ws/build) by extensions ['ignore', 'ignore_ament_install']
[0.207s] Level 1:colcon.colcon_core.package_identification:_identify(gmapping_ws/build) by extension 'ignore'
[0.207s] Level 1:colcon.colcon_core.package_identification:_identify(gmapping_ws/build) ignored
[0.207s] Level 1:colcon.colcon_core.package_identification:_identify(gmapping_ws/install) by extensions ['ignore', 'ignore_ament_install']
[0.207s] Level 1:colcon.colcon_core.package_identification:_identify(gmapping_ws/install) by extension 'ignore'
[0.207s] Level 1:colcon.colcon_core.package_identification:_identify(gmapping_ws/install) ignored
[0.207s] Level 1:colcon.colcon_core.package_identification:_identify(gmapping_ws/log) by extensions ['ignore', 'ignore_ament_install']
[0.207s] Level 1:colcon.colcon_core.package_identification:_identify(gmapping_ws/log) by extension 'ignore'
[0.207s] Level 1:colcon.colcon_core.package_identification:_identify(gmapping_ws/log) ignored
[0.207s] Level 1:colcon.colcon_core.package_identification:_identify(gmapping_ws/src) by extensions ['ignore', 'ignore_ament_install']
[0.207s] Level 1:colcon.colcon_core.package_identification:_identify(gmapping_ws/src) by extension 'ignore'
[0.207s] Level 1:colcon.colcon_core.package_identification:_identify(gmapping_ws/src) by extension 'ignore_ament_install'
[0.207s] Level 1:colcon.colcon_core.package_identification:_identify(gmapping_ws/src) by extensions ['colcon_pkg']
[0.207s] Level 1:colcon.colcon_core.package_identification:_identify(gmapping_ws/src) by extension 'colcon_pkg'
[0.207s] Level 1:colcon.colcon_core.package_identification:_identify(gmapping_ws/src) by extensions ['colcon_meta']
[0.207s] Level 1:colcon.colcon_core.package_identification:_identify(gmapping_ws/src) by extension 'colcon_meta'
[0.207s] Level 1:colcon.colcon_core.package_identification:_identify(gmapping_ws/src) by extensions ['ros']
[0.207s] Level 1:colcon.colcon_core.package_identification:_identify(gmapping_ws/src) by extension 'ros'
[0.207s] Level 1:colcon.colcon_core.package_identification:_identify(gmapping_ws/src) by extensions ['cmake', 'python']
[0.207s] Level 1:colcon.colcon_core.package_identification:_identify(gmapping_ws/src) by extension 'cmake'
[0.207s] Level 1:colcon.colcon_core.package_identification:_identify(gmapping_ws/src) by extension 'python'
[0.207s] Level 1:colcon.colcon_core.package_identification:_identify(gmapping_ws/src) by extensions ['python_setup_py']
[0.207s] Level 1:colcon.colcon_core.package_identification:_identify(gmapping_ws/src) by extension 'python_setup_py'
[0.207s] Level 1:colcon.colcon_core.package_identification:_identify(gmapping_ws/src/openslam_gmapping) by extensions ['ignore', 'ignore_ament_install']
[0.207s] Level 1:colcon.colcon_core.package_identification:_identify(gmapping_ws/src/openslam_gmapping) by extension 'ignore'
[0.207s] Level 1:colcon.colcon_core.package_identification:_identify(gmapping_ws/src/openslam_gmapping) by extension 'ignore_ament_install'
[0.207s] Level 1:colcon.colcon_core.package_identification:_identify(gmapping_ws/src/openslam_gmapping) by extensions ['colcon_pkg']
[0.207s] Level 1:colcon.colcon_core.package_identification:_identify(gmapping_ws/src/openslam_gmapping) by extension 'colcon_pkg'
[0.207s] Level 1:colcon.colcon_core.package_identification:_identify(gmapping_ws/src/openslam_gmapping) by extensions ['colcon_meta']
[0.208s] Level 1:colcon.colcon_core.package_identification:_identify(gmapping_ws/src/openslam_gmapping) by extension 'colcon_meta'
[0.208s] Level 1:colcon.colcon_core.package_identification:_identify(gmapping_ws/src/openslam_gmapping) by extensions ['ros']
[0.208s] Level 1:colcon.colcon_core.package_identification:_identify(gmapping_ws/src/openslam_gmapping) by extension 'ros'
[0.209s] DEBUG:colcon.colcon_core.package_identification:Package 'gmapping_ws/src/openslam_gmapping' with type 'ros.ament_cmake' and name 'openslam_gmapping'
[0.209s] Level 1:colcon.colcon_core.package_identification:_identify(gmapping_ws/src/slam_gmapping) by extensions ['ignore', 'ignore_ament_install']
[0.209s] Level 1:colcon.colcon_core.package_identification:_identify(gmapping_ws/src/slam_gmapping) by extension 'ignore'
[0.209s] Level 1:colcon.colcon_core.package_identification:_identify(gmapping_ws/src/slam_gmapping) by extension 'ignore_ament_install'
[0.209s] Level 1:colcon.colcon_core.package_identification:_identify(gmapping_ws/src/slam_gmapping) by extensions ['colcon_pkg']
[0.209s] Level 1:colcon.colcon_core.package_identification:_identify(gmapping_ws/src/slam_gmapping) by extension 'colcon_pkg'
[0.209s] Level 1:colcon.colcon_core.package_identification:_identify(gmapping_ws/src/slam_gmapping) by extensions ['colcon_meta']
[0.209s] Level 1:colcon.colcon_core.package_identification:_identify(gmapping_ws/src/slam_gmapping) by extension 'colcon_meta'
[0.209s] Level 1:colcon.colcon_core.package_identification:_identify(gmapping_ws/src/slam_gmapping) by extensions ['ros']
[0.210s] Level 1:colcon.colcon_core.package_identification:_identify(gmapping_ws/src/slam_gmapping) by extension 'ros'
[0.210s] DEBUG:colcon.colcon_core.package_identification:Package 'gmapping_ws/src/slam_gmapping' with type 'ros.ament_cmake' and name 'slam_gmapping'
[0.210s] Level 1:colcon.colcon_core.package_identification:_identify(imu_ws) by extensions ['ignore', 'ignore_ament_install']
[0.210s] Level 1:colcon.colcon_core.package_identification:_identify(imu_ws) by extension 'ignore'
[0.210s] Level 1:colcon.colcon_core.package_identification:_identify(imu_ws) by extension 'ignore_ament_install'
[0.210s] Level 1:colcon.colcon_core.package_identification:_identify(imu_ws) by extensions ['colcon_pkg']
[0.210s] Level 1:colcon.colcon_core.package_identification:_identify(imu_ws) by extension 'colcon_pkg'
[0.211s] Level 1:colcon.colcon_core.package_identification:_identify(imu_ws) by extensions ['colcon_meta']
[0.211s] Level 1:colcon.colcon_core.package_identification:_identify(imu_ws) by extension 'colcon_meta'
[0.211s] Level 1:colcon.colcon_core.package_identification:_identify(imu_ws) by extensions ['ros']
[0.211s] Level 1:colcon.colcon_core.package_identification:_identify(imu_ws) by extension 'ros'
[0.211s] Level 1:colcon.colcon_core.package_identification:_identify(imu_ws) by extensions ['cmake', 'python']
[0.211s] Level 1:colcon.colcon_core.package_identification:_identify(imu_ws) by extension 'cmake'
[0.211s] Level 1:colcon.colcon_core.package_identification:_identify(imu_ws) by extension 'python'
[0.211s] Level 1:colcon.colcon_core.package_identification:_identify(imu_ws) by extensions ['python_setup_py']
[0.211s] Level 1:colcon.colcon_core.package_identification:_identify(imu_ws) by extension 'python_setup_py'
[0.211s] Level 1:colcon.colcon_core.package_identification:_identify(imu_ws/src) by extensions ['ignore', 'ignore_ament_install']
[0.211s] Level 1:colcon.colcon_core.package_identification:_identify(imu_ws/src) by extension 'ignore'
[0.211s] Level 1:colcon.colcon_core.package_identification:_identify(imu_ws/src) by extension 'ignore_ament_install'
[0.211s] Level 1:colcon.colcon_core.package_identification:_identify(imu_ws/src) by extensions ['colcon_pkg']
[0.211s] Level 1:colcon.colcon_core.package_identification:_identify(imu_ws/src) by extension 'colcon_pkg'
[0.211s] Level 1:colcon.colcon_core.package_identification:_identify(imu_ws/src) by extensions ['colcon_meta']
[0.211s] Level 1:colcon.colcon_core.package_identification:_identify(imu_ws/src) by extension 'colcon_meta'
[0.211s] Level 1:colcon.colcon_core.package_identification:_identify(imu_ws/src) by extensions ['ros']
[0.211s] Level 1:colcon.colcon_core.package_identification:_identify(imu_ws/src) by extension 'ros'
[0.211s] Level 1:colcon.colcon_core.package_identification:_identify(imu_ws/src) by extensions ['cmake', 'python']
[0.211s] Level 1:colcon.colcon_core.package_identification:_identify(imu_ws/src) by extension 'cmake'
[0.211s] Level 1:colcon.colcon_core.package_identification:_identify(imu_ws/src) by extension 'python'
[0.211s] Level 1:colcon.colcon_core.package_identification:_identify(imu_ws/src) by extensions ['python_setup_py']
[0.211s] Level 1:colcon.colcon_core.package_identification:_identify(imu_ws/src) by extension 'python_setup_py'
[0.211s] Level 1:colcon.colcon_core.package_identification:_identify(imu_ws/src/imu_tools-humble) by extensions ['ignore', 'ignore_ament_install']
[0.211s] Level 1:colcon.colcon_core.package_identification:_identify(imu_ws/src/imu_tools-humble) by extension 'ignore'
[0.211s] Level 1:colcon.colcon_core.package_identification:_identify(imu_ws/src/imu_tools-humble) by extension 'ignore_ament_install'
[0.211s] Level 1:colcon.colcon_core.package_identification:_identify(imu_ws/src/imu_tools-humble) by extensions ['colcon_pkg']
[0.211s] Level 1:colcon.colcon_core.package_identification:_identify(imu_ws/src/imu_tools-humble) by extension 'colcon_pkg'
[0.211s] Level 1:colcon.colcon_core.package_identification:_identify(imu_ws/src/imu_tools-humble) by extensions ['colcon_meta']
[0.211s] Level 1:colcon.colcon_core.package_identification:_identify(imu_ws/src/imu_tools-humble) by extension 'colcon_meta'
[0.211s] Level 1:colcon.colcon_core.package_identification:_identify(imu_ws/src/imu_tools-humble) by extensions ['ros']
[0.211s] Level 1:colcon.colcon_core.package_identification:_identify(imu_ws/src/imu_tools-humble) by extension 'ros'
[0.211s] Level 1:colcon.colcon_core.package_identification:_identify(imu_ws/src/imu_tools-humble) by extensions ['cmake', 'python']
[0.211s] Level 1:colcon.colcon_core.package_identification:_identify(imu_ws/src/imu_tools-humble) by extension 'cmake'
[0.211s] Level 1:colcon.colcon_core.package_identification:_identify(imu_ws/src/imu_tools-humble) by extension 'python'
[0.211s] Level 1:colcon.colcon_core.package_identification:_identify(imu_ws/src/imu_tools-humble) by extensions ['python_setup_py']
[0.211s] Level 1:colcon.colcon_core.package_identification:_identify(imu_ws/src/imu_tools-humble) by extension 'python_setup_py'
[0.211s] Level 1:colcon.colcon_core.package_identification:_identify(imu_ws/src/imu_tools-humble/imu_complementary_filter) by extensions ['ignore', 'ignore_ament_install']
[0.211s] Level 1:colcon.colcon_core.package_identification:_identify(imu_ws/src/imu_tools-humble/imu_complementary_filter) by extension 'ignore'
[0.212s] Level 1:colcon.colcon_core.package_identification:_identify(imu_ws/src/imu_tools-humble/imu_complementary_filter) by extension 'ignore_ament_install'
[0.212s] Level 1:colcon.colcon_core.package_identification:_identify(imu_ws/src/imu_tools-humble/imu_complementary_filter) by extensions ['colcon_pkg']
[0.212s] Level 1:colcon.colcon_core.package_identification:_identify(imu_ws/src/imu_tools-humble/imu_complementary_filter) by extension 'colcon_pkg'
[0.212s] Level 1:colcon.colcon_core.package_identification:_identify(imu_ws/src/imu_tools-humble/imu_complementary_filter) by extensions ['colcon_meta']
[0.212s] Level 1:colcon.colcon_core.package_identification:_identify(imu_ws/src/imu_tools-humble/imu_complementary_filter) by extension 'colcon_meta'
[0.212s] Level 1:colcon.colcon_core.package_identification:_identify(imu_ws/src/imu_tools-humble/imu_complementary_filter) by extensions ['ros']
[0.212s] Level 1:colcon.colcon_core.package_identification:_identify(imu_ws/src/imu_tools-humble/imu_complementary_filter) by extension 'ros'
[0.212s] DEBUG:colcon.colcon_core.package_identification:Package 'imu_ws/src/imu_tools-humble/imu_complementary_filter' with type 'ros.ament_cmake' and name 'imu_complementary_filter'
[0.212s] Level 1:colcon.colcon_core.package_identification:_identify(imu_ws/src/imu_tools-humble/imu_filter_madgwick) by extensions ['ignore', 'ignore_ament_install']
[0.212s] Level 1:colcon.colcon_core.package_identification:_identify(imu_ws/src/imu_tools-humble/imu_filter_madgwick) by extension 'ignore'
[0.212s] Level 1:colcon.colcon_core.package_identification:_identify(imu_ws/src/imu_tools-humble/imu_filter_madgwick) by extension 'ignore_ament_install'
[0.212s] Level 1:colcon.colcon_core.package_identification:_identify(imu_ws/src/imu_tools-humble/imu_filter_madgwick) by extensions ['colcon_pkg']
[0.212s] Level 1:colcon.colcon_core.package_identification:_identify(imu_ws/src/imu_tools-humble/imu_filter_madgwick) by extension 'colcon_pkg'
[0.212s] Level 1:colcon.colcon_core.package_identification:_identify(imu_ws/src/imu_tools-humble/imu_filter_madgwick) by extensions ['colcon_meta']
[0.212s] Level 1:colcon.colcon_core.package_identification:_identify(imu_ws/src/imu_tools-humble/imu_filter_madgwick) by extension 'colcon_meta'
[0.212s] Level 1:colcon.colcon_core.package_identification:_identify(imu_ws/src/imu_tools-humble/imu_filter_madgwick) by extensions ['ros']
[0.212s] Level 1:colcon.colcon_core.package_identification:_identify(imu_ws/src/imu_tools-humble/imu_filter_madgwick) by extension 'ros'
[0.213s] DEBUG:colcon.colcon_core.package_identification:Package 'imu_ws/src/imu_tools-humble/imu_filter_madgwick' with type 'ros.ament_cmake' and name 'imu_filter_madgwick'
[0.213s] Level 1:colcon.colcon_core.package_identification:_identify(imu_ws/src/imu_tools-humble/imu_tools) by extensions ['ignore', 'ignore_ament_install']
[0.213s] Level 1:colcon.colcon_core.package_identification:_identify(imu_ws/src/imu_tools-humble/imu_tools) by extension 'ignore'
[0.213s] Level 1:colcon.colcon_core.package_identification:_identify(imu_ws/src/imu_tools-humble/imu_tools) by extension 'ignore_ament_install'
[0.213s] Level 1:colcon.colcon_core.package_identification:_identify(imu_ws/src/imu_tools-humble/imu_tools) by extensions ['colcon_pkg']
[0.213s] Level 1:colcon.colcon_core.package_identification:_identify(imu_ws/src/imu_tools-humble/imu_tools) by extension 'colcon_pkg'
[0.213s] Level 1:colcon.colcon_core.package_identification:_identify(imu_ws/src/imu_tools-humble/imu_tools) by extensions ['colcon_meta']
[0.213s] Level 1:colcon.colcon_core.package_identification:_identify(imu_ws/src/imu_tools-humble/imu_tools) by extension 'colcon_meta'
[0.213s] Level 1:colcon.colcon_core.package_identification:_identify(imu_ws/src/imu_tools-humble/imu_tools) by extensions ['ros']
[0.213s] Level 1:colcon.colcon_core.package_identification:_identify(imu_ws/src/imu_tools-humble/imu_tools) by extension 'ros'
[0.214s] DEBUG:colcon.colcon_core.package_identification:Package 'imu_ws/src/imu_tools-humble/imu_tools' with type 'ros.ament_cmake' and name 'imu_tools'
[0.214s] Level 1:colcon.colcon_core.package_identification:_identify(imu_ws/src/imu_tools-humble/rviz_imu_plugin) by extensions ['ignore', 'ignore_ament_install']
[0.214s] Level 1:colcon.colcon_core.package_identification:_identify(imu_ws/src/imu_tools-humble/rviz_imu_plugin) by extension 'ignore'
[0.214s] Level 1:colcon.colcon_core.package_identification:_identify(imu_ws/src/imu_tools-humble/rviz_imu_plugin) by extension 'ignore_ament_install'
[0.214s] Level 1:colcon.colcon_core.package_identification:_identify(imu_ws/src/imu_tools-humble/rviz_imu_plugin) by extensions ['colcon_pkg']
[0.214s] Level 1:colcon.colcon_core.package_identification:_identify(imu_ws/src/imu_tools-humble/rviz_imu_plugin) by extension 'colcon_pkg'
[0.214s] Level 1:colcon.colcon_core.package_identification:_identify(imu_ws/src/imu_tools-humble/rviz_imu_plugin) by extensions ['colcon_meta']
[0.214s] Level 1:colcon.colcon_core.package_identification:_identify(imu_ws/src/imu_tools-humble/rviz_imu_plugin) by extension 'colcon_meta'
[0.214s] Level 1:colcon.colcon_core.package_identification:_identify(imu_ws/src/imu_tools-humble/rviz_imu_plugin) by extensions ['ros']
[0.214s] Level 1:colcon.colcon_core.package_identification:_identify(imu_ws/src/imu_tools-humble/rviz_imu_plugin) by extension 'ros'
[0.215s] DEBUG:colcon.colcon_core.package_identification:Package 'imu_ws/src/imu_tools-humble/rviz_imu_plugin' with type 'ros.ament_cmake' and name 'rviz_imu_plugin'
[0.215s] Level 1:colcon.colcon_core.package_identification:_identify(install) by extensions ['ignore', 'ignore_ament_install']
[0.215s] Level 1:colcon.colcon_core.package_identification:_identify(install) by extension 'ignore'
[0.215s] Level 1:colcon.colcon_core.package_identification:_identify(install) ignored
[0.215s] Level 1:colcon.colcon_core.package_identification:_identify(log) by extensions ['ignore', 'ignore_ament_install']
[0.215s] Level 1:colcon.colcon_core.package_identification:_identify(log) by extension 'ignore'
[0.215s] Level 1:colcon.colcon_core.package_identification:_identify(log) ignored
[0.215s] Level 1:colcon.colcon_core.package_identification:_identify(yahboomcar_ros2_ws) by extensions ['ignore', 'ignore_ament_install']
[0.215s] Level 1:colcon.colcon_core.package_identification:_identify(yahboomcar_ros2_ws) by extension 'ignore'
[0.215s] Level 1:colcon.colcon_core.package_identification:_identify(yahboomcar_ros2_ws) by extension 'ignore_ament_install'
[0.215s] Level 1:colcon.colcon_core.package_identification:_identify(yahboomcar_ros2_ws) by extensions ['colcon_pkg']
[0.215s] Level 1:colcon.colcon_core.package_identification:_identify(yahboomcar_ros2_ws) by extension 'colcon_pkg'
[0.215s] Level 1:colcon.colcon_core.package_identification:_identify(yahboomcar_ros2_ws) by extensions ['colcon_meta']
[0.216s] Level 1:colcon.colcon_core.package_identification:_identify(yahboomcar_ros2_ws) by extension 'colcon_meta'
[0.216s] Level 1:colcon.colcon_core.package_identification:_identify(yahboomcar_ros2_ws) by extensions ['ros']
[0.216s] Level 1:colcon.colcon_core.package_identification:_identify(yahboomcar_ros2_ws) by extension 'ros'
[0.216s] Level 1:colcon.colcon_core.package_identification:_identify(yahboomcar_ros2_ws) by extensions ['cmake', 'python']
[0.216s] Level 1:colcon.colcon_core.package_identification:_identify(yahboomcar_ros2_ws) by extension 'cmake'
[0.216s] Level 1:colcon.colcon_core.package_identification:_identify(yahboomcar_ros2_ws) by extension 'python'
[0.216s] Level 1:colcon.colcon_core.package_identification:_identify(yahboomcar_ros2_ws) by extensions ['python_setup_py']
[0.216s] Level 1:colcon.colcon_core.package_identification:_identify(yahboomcar_ros2_ws) by extension 'python_setup_py'
[0.216s] Level 1:colcon.colcon_core.package_identification:_identify(yahboomcar_ros2_ws/yahboomcar_ws) by extensions ['ignore', 'ignore_ament_install']
[0.216s] Level 1:colcon.colcon_core.package_identification:_identify(yahboomcar_ros2_ws/yahboomcar_ws) by extension 'ignore'
[0.216s] Level 1:colcon.colcon_core.package_identification:_identify(yahboomcar_ros2_ws/yahboomcar_ws) by extension 'ignore_ament_install'
[0.216s] Level 1:colcon.colcon_core.package_identification:_identify(yahboomcar_ros2_ws/yahboomcar_ws) by extensions ['colcon_pkg']
[0.216s] Level 1:colcon.colcon_core.package_identification:_identify(yahboomcar_ros2_ws/yahboomcar_ws) by extension 'colcon_pkg'
[0.216s] Level 1:colcon.colcon_core.package_identification:_identify(yahboomcar_ros2_ws/yahboomcar_ws) by extensions ['colcon_meta']
[0.216s] Level 1:colcon.colcon_core.package_identification:_identify(yahboomcar_ros2_ws/yahboomcar_ws) by extension 'colcon_meta'
[0.216s] Level 1:colcon.colcon_core.package_identification:_identify(yahboomcar_ros2_ws/yahboomcar_ws) by extensions ['ros']
[0.216s] Level 1:colcon.colcon_core.package_identification:_identify(yahboomcar_ros2_ws/yahboomcar_ws) by extension 'ros'
[0.216s] Level 1:colcon.colcon_core.package_identification:_identify(yahboomcar_ros2_ws/yahboomcar_ws) by extensions ['cmake', 'python']
[0.216s] Level 1:colcon.colcon_core.package_identification:_identify(yahboomcar_ros2_ws/yahboomcar_ws) by extension 'cmake'
[0.216s] Level 1:colcon.colcon_core.package_identification:_identify(yahboomcar_ros2_ws/yahboomcar_ws) by extension 'python'
[0.216s] Level 1:colcon.colcon_core.package_identification:_identify(yahboomcar_ros2_ws/yahboomcar_ws) by extensions ['python_setup_py']
[0.216s] Level 1:colcon.colcon_core.package_identification:_identify(yahboomcar_ros2_ws/yahboomcar_ws) by extension 'python_setup_py'
[0.216s] Level 1:colcon.colcon_core.package_identification:_identify(yahboomcar_ros2_ws/yahboomcar_ws/src) by extensions ['ignore', 'ignore_ament_install']
[0.216s] Level 1:colcon.colcon_core.package_identification:_identify(yahboomcar_ros2_ws/yahboomcar_ws/src) by extension 'ignore'
[0.216s] Level 1:colcon.colcon_core.package_identification:_identify(yahboomcar_ros2_ws/yahboomcar_ws/src) by extension 'ignore_ament_install'
[0.216s] Level 1:colcon.colcon_core.package_identification:_identify(yahboomcar_ros2_ws/yahboomcar_ws/src) by extensions ['colcon_pkg']
[0.216s] Level 1:colcon.colcon_core.package_identification:_identify(yahboomcar_ros2_ws/yahboomcar_ws/src) by extension 'colcon_pkg'
[0.216s] Level 1:colcon.colcon_core.package_identification:_identify(yahboomcar_ros2_ws/yahboomcar_ws/src) by extensions ['colcon_meta']
[0.216s] Level 1:colcon.colcon_core.package_identification:_identify(yahboomcar_ros2_ws/yahboomcar_ws/src) by extension 'colcon_meta'
[0.216s] Level 1:colcon.colcon_core.package_identification:_identify(yahboomcar_ros2_ws/yahboomcar_ws/src) by extensions ['ros']
[0.216s] Level 1:colcon.colcon_core.package_identification:_identify(yahboomcar_ros2_ws/yahboomcar_ws/src) by extension 'ros'
[0.216s] Level 1:colcon.colcon_core.package_identification:_identify(yahboomcar_ros2_ws/yahboomcar_ws/src) by extensions ['cmake', 'python']
[0.216s] Level 1:colcon.colcon_core.package_identification:_identify(yahboomcar_ros2_ws/yahboomcar_ws/src) by extension 'cmake'
[0.216s] Level 1:colcon.colcon_core.package_identification:_identify(yahboomcar_ros2_ws/yahboomcar_ws/src) by extension 'python'
[0.216s] Level 1:colcon.colcon_core.package_identification:_identify(yahboomcar_ros2_ws/yahboomcar_ws/src) by extensions ['python_setup_py']
[0.216s] Level 1:colcon.colcon_core.package_identification:_identify(yahboomcar_ros2_ws/yahboomcar_ws/src) by extension 'python_setup_py'
[0.216s] Level 1:colcon.colcon_core.package_identification:_identify(yahboomcar_ros2_ws/yahboomcar_ws/src/pkg_action) by extensions ['ignore', 'ignore_ament_install']
[0.216s] Level 1:colcon.colcon_core.package_identification:_identify(yahboomcar_ros2_ws/yahboomcar_ws/src/pkg_action) by extension 'ignore'
[0.216s] Level 1:colcon.colcon_core.package_identification:_identify(yahboomcar_ros2_ws/yahboomcar_ws/src/pkg_action) by extension 'ignore_ament_install'
[0.216s] Level 1:colcon.colcon_core.package_identification:_identify(yahboomcar_ros2_ws/yahboomcar_ws/src/pkg_action) by extensions ['colcon_pkg']
[0.217s] Level 1:colcon.colcon_core.package_identification:_identify(yahboomcar_ros2_ws/yahboomcar_ws/src/pkg_action) by extension 'colcon_pkg'
[0.217s] Level 1:colcon.colcon_core.package_identification:_identify(yahboomcar_ros2_ws/yahboomcar_ws/src/pkg_action) by extensions ['colcon_meta']
[0.217s] Level 1:colcon.colcon_core.package_identification:_identify(yahboomcar_ros2_ws/yahboomcar_ws/src/pkg_action) by extension 'colcon_meta'
[0.217s] Level 1:colcon.colcon_core.package_identification:_identify(yahboomcar_ros2_ws/yahboomcar_ws/src/pkg_action) by extensions ['ros']
[0.217s] Level 1:colcon.colcon_core.package_identification:_identify(yahboomcar_ros2_ws/yahboomcar_ws/src/pkg_action) by extension 'ros'
[0.217s] DEBUG:colcon.colcon_core.package_identification:Package 'yahboomcar_ros2_ws/yahboomcar_ws/src/pkg_action' with type 'ros.ament_python' and name 'pkg_action'
[0.217s] Level 1:colcon.colcon_core.package_identification:_identify(yahboomcar_ros2_ws/yahboomcar_ws/src/pkg_helloworld_py) by extensions ['ignore', 'ignore_ament_install']
[0.217s] Level 1:colcon.colcon_core.package_identification:_identify(yahboomcar_ros2_ws/yahboomcar_ws/src/pkg_helloworld_py) by extension 'ignore'
[0.217s] Level 1:colcon.colcon_core.package_identification:_identify(yahboomcar_ros2_ws/yahboomcar_ws/src/pkg_helloworld_py) by extension 'ignore_ament_install'
[0.217s] Level 1:colcon.colcon_core.package_identification:_identify(yahboomcar_ros2_ws/yahboomcar_ws/src/pkg_helloworld_py) by extensions ['colcon_pkg']
[0.217s] Level 1:colcon.colcon_core.package_identification:_identify(yahboomcar_ros2_ws/yahboomcar_ws/src/pkg_helloworld_py) by extension 'colcon_pkg'
[0.217s] Level 1:colcon.colcon_core.package_identification:_identify(yahboomcar_ros2_ws/yahboomcar_ws/src/pkg_helloworld_py) by extensions ['colcon_meta']
[0.217s] Level 1:colcon.colcon_core.package_identification:_identify(yahboomcar_ros2_ws/yahboomcar_ws/src/pkg_helloworld_py) by extension 'colcon_meta'
[0.217s] Level 1:colcon.colcon_core.package_identification:_identify(yahboomcar_ros2_ws/yahboomcar_ws/src/pkg_helloworld_py) by extensions ['ros']
[0.217s] Level 1:colcon.colcon_core.package_identification:_identify(yahboomcar_ros2_ws/yahboomcar_ws/src/pkg_helloworld_py) by extension 'ros'
[0.218s] DEBUG:colcon.colcon_core.package_identification:Package 'yahboomcar_ros2_ws/yahboomcar_ws/src/pkg_helloworld_py' with type 'ros.ament_python' and name 'pkg_helloworld_py'
[0.218s] Level 1:colcon.colcon_core.package_identification:_identify(yahboomcar_ros2_ws/yahboomcar_ws/src/pkg_interfaces) by extensions ['ignore', 'ignore_ament_install']
[0.218s] Level 1:colcon.colcon_core.package_identification:_identify(yahboomcar_ros2_ws/yahboomcar_ws/src/pkg_interfaces) by extension 'ignore'
[0.218s] Level 1:colcon.colcon_core.package_identification:_identify(yahboomcar_ros2_ws/yahboomcar_ws/src/pkg_interfaces) by extension 'ignore_ament_install'
[0.218s] Level 1:colcon.colcon_core.package_identification:_identify(yahboomcar_ros2_ws/yahboomcar_ws/src/pkg_interfaces) by extensions ['colcon_pkg']
[0.218s] Level 1:colcon.colcon_core.package_identification:_identify(yahboomcar_ros2_ws/yahboomcar_ws/src/pkg_interfaces) by extension 'colcon_pkg'
[0.218s] Level 1:colcon.colcon_core.package_identification:_identify(yahboomcar_ros2_ws/yahboomcar_ws/src/pkg_interfaces) by extensions ['colcon_meta']
[0.218s] Level 1:colcon.colcon_core.package_identification:_identify(yahboomcar_ros2_ws/yahboomcar_ws/src/pkg_interfaces) by extension 'colcon_meta'
[0.218s] Level 1:colcon.colcon_core.package_identification:_identify(yahboomcar_ros2_ws/yahboomcar_ws/src/pkg_interfaces) by extensions ['ros']
[0.218s] Level 1:colcon.colcon_core.package_identification:_identify(yahboomcar_ros2_ws/yahboomcar_ws/src/pkg_interfaces) by extension 'ros'
[0.218s] DEBUG:colcon.colcon_core.package_identification:Package 'yahboomcar_ros2_ws/yahboomcar_ws/src/pkg_interfaces' with type 'ros.ament_cmake' and name 'pkg_interfaces'
[0.218s] Level 1:colcon.colcon_core.package_identification:_identify(yahboomcar_ros2_ws/yahboomcar_ws/src/pkg_metapackage) by extensions ['ignore', 'ignore_ament_install']
[0.218s] Level 1:colcon.colcon_core.package_identification:_identify(yahboomcar_ros2_ws/yahboomcar_ws/src/pkg_metapackage) by extension 'ignore'
[0.218s] Level 1:colcon.colcon_core.package_identification:_identify(yahboomcar_ros2_ws/yahboomcar_ws/src/pkg_metapackage) by extension 'ignore_ament_install'
[0.218s] Level 1:colcon.colcon_core.package_identification:_identify(yahboomcar_ros2_ws/yahboomcar_ws/src/pkg_metapackage) by extensions ['colcon_pkg']
[0.218s] Level 1:colcon.colcon_core.package_identification:_identify(yahboomcar_ros2_ws/yahboomcar_ws/src/pkg_metapackage) by extension 'colcon_pkg'
[0.218s] Level 1:colcon.colcon_core.package_identification:_identify(yahboomcar_ros2_ws/yahboomcar_ws/src/pkg_metapackage) by extensions ['colcon_meta']
[0.218s] Level 1:colcon.colcon_core.package_identification:_identify(yahboomcar_ros2_ws/yahboomcar_ws/src/pkg_metapackage) by extension 'colcon_meta'
[0.218s] Level 1:colcon.colcon_core.package_identification:_identify(yahboomcar_ros2_ws/yahboomcar_ws/src/pkg_metapackage) by extensions ['ros']
[0.218s] Level 1:colcon.colcon_core.package_identification:_identify(yahboomcar_ros2_ws/yahboomcar_ws/src/pkg_metapackage) by extension 'ros'
[0.219s] DEBUG:colcon.colcon_core.package_identification:Package 'yahboomcar_ros2_ws/yahboomcar_ws/src/pkg_metapackage' with type 'ros.ament_cmake' and name 'pkg_metapackage'
[0.219s] Level 1:colcon.colcon_core.package_identification:_identify(yahboomcar_ros2_ws/yahboomcar_ws/src/pkg_param) by extensions ['ignore', 'ignore_ament_install']
[0.219s] Level 1:colcon.colcon_core.package_identification:_identify(yahboomcar_ros2_ws/yahboomcar_ws/src/pkg_param) by extension 'ignore'
[0.219s] Level 1:colcon.colcon_core.package_identification:_identify(yahboomcar_ros2_ws/yahboomcar_ws/src/pkg_param) by extension 'ignore_ament_install'
[0.219s] Level 1:colcon.colcon_core.package_identification:_identify(yahboomcar_ros2_ws/yahboomcar_ws/src/pkg_param) by extensions ['colcon_pkg']
[0.219s] Level 1:colcon.colcon_core.package_identification:_identify(yahboomcar_ros2_ws/yahboomcar_ws/src/pkg_param) by extension 'colcon_pkg'
[0.219s] Level 1:colcon.colcon_core.package_identification:_identify(yahboomcar_ros2_ws/yahboomcar_ws/src/pkg_param) by extensions ['colcon_meta']
[0.219s] Level 1:colcon.colcon_core.package_identification:_identify(yahboomcar_ros2_ws/yahboomcar_ws/src/pkg_param) by extension 'colcon_meta'
[0.219s] Level 1:colcon.colcon_core.package_identification:_identify(yahboomcar_ros2_ws/yahboomcar_ws/src/pkg_param) by extensions ['ros']
[0.219s] Level 1:colcon.colcon_core.package_identification:_identify(yahboomcar_ros2_ws/yahboomcar_ws/src/pkg_param) by extension 'ros'
[0.219s] DEBUG:colcon.colcon_core.package_identification:Package 'yahboomcar_ros2_ws/yahboomcar_ws/src/pkg_param' with type 'ros.ament_python' and name 'pkg_param'
[0.219s] Level 1:colcon.colcon_core.package_identification:_identify(yahboomcar_ros2_ws/yahboomcar_ws/src/pkg_service) by extensions ['ignore', 'ignore_ament_install']
[0.219s] Level 1:colcon.colcon_core.package_identification:_identify(yahboomcar_ros2_ws/yahboomcar_ws/src/pkg_service) by extension 'ignore'
[0.219s] Level 1:colcon.colcon_core.package_identification:_identify(yahboomcar_ros2_ws/yahboomcar_ws/src/pkg_service) by extension 'ignore_ament_install'
[0.220s] Level 1:colcon.colcon_core.package_identification:_identify(yahboomcar_ros2_ws/yahboomcar_ws/src/pkg_service) by extensions ['colcon_pkg']
[0.220s] Level 1:colcon.colcon_core.package_identification:_identify(yahboomcar_ros2_ws/yahboomcar_ws/src/pkg_service) by extension 'colcon_pkg'
[0.220s] Level 1:colcon.colcon_core.package_identification:_identify(yahboomcar_ros2_ws/yahboomcar_ws/src/pkg_service) by extensions ['colcon_meta']
[0.220s] Level 1:colcon.colcon_core.package_identification:_identify(yahboomcar_ros2_ws/yahboomcar_ws/src/pkg_service) by extension 'colcon_meta'
[0.220s] Level 1:colcon.colcon_core.package_identification:_identify(yahboomcar_ros2_ws/yahboomcar_ws/src/pkg_service) by extensions ['ros']
[0.220s] Level 1:colcon.colcon_core.package_identification:_identify(yahboomcar_ros2_ws/yahboomcar_ws/src/pkg_service) by extension 'ros'
[0.220s] DEBUG:colcon.colcon_core.package_identification:Package 'yahboomcar_ros2_ws/yahboomcar_ws/src/pkg_service' with type 'ros.ament_python' and name 'pkg_service'
[0.220s] Level 1:colcon.colcon_core.package_identification:_identify(yahboomcar_ros2_ws/yahboomcar_ws/src/pkg_tf) by extensions ['ignore', 'ignore_ament_install']
[0.220s] Level 1:colcon.colcon_core.package_identification:_identify(yahboomcar_ros2_ws/yahboomcar_ws/src/pkg_tf) by extension 'ignore'
[0.220s] Level 1:colcon.colcon_core.package_identification:_identify(yahboomcar_ros2_ws/yahboomcar_ws/src/pkg_tf) by extension 'ignore_ament_install'
[0.220s] Level 1:colcon.colcon_core.package_identification:_identify(yahboomcar_ros2_ws/yahboomcar_ws/src/pkg_tf) by extensions ['colcon_pkg']
[0.220s] Level 1:colcon.colcon_core.package_identification:_identify(yahboomcar_ros2_ws/yahboomcar_ws/src/pkg_tf) by extension 'colcon_pkg'
[0.220s] Level 1:colcon.colcon_core.package_identification:_identify(yahboomcar_ros2_ws/yahboomcar_ws/src/pkg_tf) by extensions ['colcon_meta']
[0.220s] Level 1:colcon.colcon_core.package_identification:_identify(yahboomcar_ros2_ws/yahboomcar_ws/src/pkg_tf) by extension 'colcon_meta'
[0.220s] Level 1:colcon.colcon_core.package_identification:_identify(yahboomcar_ros2_ws/yahboomcar_ws/src/pkg_tf) by extensions ['ros']
[0.220s] Level 1:colcon.colcon_core.package_identification:_identify(yahboomcar_ros2_ws/yahboomcar_ws/src/pkg_tf) by extension 'ros'
[0.221s] DEBUG:colcon.colcon_core.package_identification:Package 'yahboomcar_ros2_ws/yahboomcar_ws/src/pkg_tf' with type 'ros.ament_python' and name 'pkg_tf'
[0.221s] Level 1:colcon.colcon_core.package_identification:_identify(yahboomcar_ros2_ws/yahboomcar_ws/src/pkg_topic) by extensions ['ignore', 'ignore_ament_install']
[0.221s] Level 1:colcon.colcon_core.package_identification:_identify(yahboomcar_ros2_ws/yahboomcar_ws/src/pkg_topic) by extension 'ignore'
[0.221s] Level 1:colcon.colcon_core.package_identification:_identify(yahboomcar_ros2_ws/yahboomcar_ws/src/pkg_topic) by extension 'ignore_ament_install'
[0.221s] Level 1:colcon.colcon_core.package_identification:_identify(yahboomcar_ros2_ws/yahboomcar_ws/src/pkg_topic) by extensions ['colcon_pkg']
[0.221s] Level 1:colcon.colcon_core.package_identification:_identify(yahboomcar_ros2_ws/yahboomcar_ws/src/pkg_topic) by extension 'colcon_pkg'
[0.221s] Level 1:colcon.colcon_core.package_identification:_identify(yahboomcar_ros2_ws/yahboomcar_ws/src/pkg_topic) by extensions ['colcon_meta']
[0.221s] Level 1:colcon.colcon_core.package_identification:_identify(yahboomcar_ros2_ws/yahboomcar_ws/src/pkg_topic) by extension 'colcon_meta'
[0.221s] Level 1:colcon.colcon_core.package_identification:_identify(yahboomcar_ros2_ws/yahboomcar_ws/src/pkg_topic) by extensions ['ros']
[0.221s] Level 1:colcon.colcon_core.package_identification:_identify(yahboomcar_ros2_ws/yahboomcar_ws/src/pkg_topic) by extension 'ros'
[0.221s] DEBUG:colcon.colcon_core.package_identification:Package 'yahboomcar_ros2_ws/yahboomcar_ws/src/pkg_topic' with type 'ros.ament_python' and name 'pkg_topic'
[0.221s] Level 1:colcon.colcon_core.package_identification:_identify(yahboomcar_ws) by extensions ['ignore', 'ignore_ament_install']
[0.221s] Level 1:colcon.colcon_core.package_identification:_identify(yahboomcar_ws) by extension 'ignore'
[0.221s] Level 1:colcon.colcon_core.package_identification:_identify(yahboomcar_ws) by extension 'ignore_ament_install'
[0.221s] Level 1:colcon.colcon_core.package_identification:_identify(yahboomcar_ws) by extensions ['colcon_pkg']
[0.221s] Level 1:colcon.colcon_core.package_identification:_identify(yahboomcar_ws) by extension 'colcon_pkg'
[0.221s] Level 1:colcon.colcon_core.package_identification:_identify(yahboomcar_ws) by extensions ['colcon_meta']
[0.222s] Level 1:colcon.colcon_core.package_identification:_identify(yahboomcar_ws) by extension 'colcon_meta'
[0.222s] Level 1:colcon.colcon_core.package_identification:_identify(yahboomcar_ws) by extensions ['ros']
[0.222s] Level 1:colcon.colcon_core.package_identification:_identify(yahboomcar_ws) by extension 'ros'
[0.222s] Level 1:colcon.colcon_core.package_identification:_identify(yahboomcar_ws) by extensions ['cmake', 'python']
[0.222s] Level 1:colcon.colcon_core.package_identification:_identify(yahboomcar_ws) by extension 'cmake'
[0.222s] Level 1:colcon.colcon_core.package_identification:_identify(yahboomcar_ws) by extension 'python'
[0.222s] Level 1:colcon.colcon_core.package_identification:_identify(yahboomcar_ws) by extensions ['python_setup_py']
[0.222s] Level 1:colcon.colcon_core.package_identification:_identify(yahboomcar_ws) by extension 'python_setup_py'
[0.222s] Level 1:colcon.colcon_core.package_identification:_identify(yahboomcar_ws/function_package_with_WiFi_module) by extensions ['ignore', 'ignore_ament_install']
[0.222s] Level 1:colcon.colcon_core.package_identification:_identify(yahboomcar_ws/function_package_with_WiFi_module) by extension 'ignore'
[0.222s] Level 1:colcon.colcon_core.package_identification:_identify(yahboomcar_ws/function_package_with_WiFi_module) by extension 'ignore_ament_install'
[0.222s] Level 1:colcon.colcon_core.package_identification:_identify(yahboomcar_ws/function_package_with_WiFi_module) by extensions ['colcon_pkg']
[0.222s] Level 1:colcon.colcon_core.package_identification:_identify(yahboomcar_ws/function_package_with_WiFi_module) by extension 'colcon_pkg'
[0.222s] Level 1:colcon.colcon_core.package_identification:_identify(yahboomcar_ws/function_package_with_WiFi_module) by extensions ['colcon_meta']
[0.222s] Level 1:colcon.colcon_core.package_identification:_identify(yahboomcar_ws/function_package_with_WiFi_module) by extension 'colcon_meta'
[0.222s] Level 1:colcon.colcon_core.package_identification:_identify(yahboomcar_ws/function_package_with_WiFi_module) by extensions ['ros']
[0.222s] Level 1:colcon.colcon_core.package_identification:_identify(yahboomcar_ws/function_package_with_WiFi_module) by extension 'ros'
[0.222s] Level 1:colcon.colcon_core.package_identification:_identify(yahboomcar_ws/function_package_with_WiFi_module) by extensions ['cmake', 'python']
[0.222s] Level 1:colcon.colcon_core.package_identification:_identify(yahboomcar_ws/function_package_with_WiFi_module) by extension 'cmake'
[0.222s] Level 1:colcon.colcon_core.package_identification:_identify(yahboomcar_ws/function_package_with_WiFi_module) by extension 'python'
[0.222s] Level 1:colcon.colcon_core.package_identification:_identify(yahboomcar_ws/function_package_with_WiFi_module) by extensions ['python_setup_py']
[0.222s] Level 1:colcon.colcon_core.package_identification:_identify(yahboomcar_ws/function_package_with_WiFi_module) by extension 'python_setup_py'
[0.222s] Level 1:colcon.colcon_core.package_identification:_identify(yahboomcar_ws/function_package_without_WiFi_module) by extensions ['ignore', 'ignore_ament_install']
[0.222s] Level 1:colcon.colcon_core.package_identification:_identify(yahboomcar_ws/function_package_without_WiFi_module) by extension 'ignore'
[0.222s] Level 1:colcon.colcon_core.package_identification:_identify(yahboomcar_ws/function_package_without_WiFi_module) by extension 'ignore_ament_install'
[0.222s] Level 1:colcon.colcon_core.package_identification:_identify(yahboomcar_ws/function_package_without_WiFi_module) by extensions ['colcon_pkg']
[0.222s] Level 1:colcon.colcon_core.package_identification:_identify(yahboomcar_ws/function_package_without_WiFi_module) by extension 'colcon_pkg'
[0.222s] Level 1:colcon.colcon_core.package_identification:_identify(yahboomcar_ws/function_package_without_WiFi_module) by extensions ['colcon_meta']
[0.222s] Level 1:colcon.colcon_core.package_identification:_identify(yahboomcar_ws/function_package_without_WiFi_module) by extension 'colcon_meta'
[0.222s] Level 1:colcon.colcon_core.package_identification:_identify(yahboomcar_ws/function_package_without_WiFi_module) by extensions ['ros']
[0.222s] Level 1:colcon.colcon_core.package_identification:_identify(yahboomcar_ws/function_package_without_WiFi_module) by extension 'ros'
[0.222s] Level 1:colcon.colcon_core.package_identification:_identify(yahboomcar_ws/function_package_without_WiFi_module) by extensions ['cmake', 'python']
[0.222s] Level 1:colcon.colcon_core.package_identification:_identify(yahboomcar_ws/function_package_without_WiFi_module) by extension 'cmake'
[0.222s] Level 1:colcon.colcon_core.package_identification:_identify(yahboomcar_ws/function_package_without_WiFi_module) by extension 'python'
[0.222s] Level 1:colcon.colcon_core.package_identification:_identify(yahboomcar_ws/function_package_without_WiFi_module) by extensions ['python_setup_py']
[0.222s] Level 1:colcon.colcon_core.package_identification:_identify(yahboomcar_ws/function_package_without_WiFi_module) by extension 'python_setup_py'
[0.222s] Level 1:colcon.colcon_core.package_identification:_identify(yahboomcar_ws/function_package_without_WiFi_module/yahboomcar_ws) by extensions ['ignore', 'ignore_ament_install']
[0.222s] Level 1:colcon.colcon_core.package_identification:_identify(yahboomcar_ws/function_package_without_WiFi_module/yahboomcar_ws) by extension 'ignore'
[0.222s] Level 1:colcon.colcon_core.package_identification:_identify(yahboomcar_ws/function_package_without_WiFi_module/yahboomcar_ws) by extension 'ignore_ament_install'
[0.222s] Level 1:colcon.colcon_core.package_identification:_identify(yahboomcar_ws/function_package_without_WiFi_module/yahboomcar_ws) by extensions ['colcon_pkg']
[0.223s] Level 1:colcon.colcon_core.package_identification:_identify(yahboomcar_ws/function_package_without_WiFi_module/yahboomcar_ws) by extension 'colcon_pkg'
[0.223s] Level 1:colcon.colcon_core.package_identification:_identify(yahboomcar_ws/function_package_without_WiFi_module/yahboomcar_ws) by extensions ['colcon_meta']
[0.223s] Level 1:colcon.colcon_core.package_identification:_identify(yahboomcar_ws/function_package_without_WiFi_module/yahboomcar_ws) by extension 'colcon_meta'
[0.223s] Level 1:colcon.colcon_core.package_identification:_identify(yahboomcar_ws/function_package_without_WiFi_module/yahboomcar_ws) by extensions ['ros']
[0.223s] Level 1:colcon.colcon_core.package_identification:_identify(yahboomcar_ws/function_package_without_WiFi_module/yahboomcar_ws) by extension 'ros'
[0.223s] Level 1:colcon.colcon_core.package_identification:_identify(yahboomcar_ws/function_package_without_WiFi_module/yahboomcar_ws) by extensions ['cmake', 'python']
[0.223s] Level 1:colcon.colcon_core.package_identification:_identify(yahboomcar_ws/function_package_without_WiFi_module/yahboomcar_ws) by extension 'cmake'
[0.223s] Level 1:colcon.colcon_core.package_identification:_identify(yahboomcar_ws/function_package_without_WiFi_module/yahboomcar_ws) by extension 'python'
[0.223s] Level 1:colcon.colcon_core.package_identification:_identify(yahboomcar_ws/function_package_without_WiFi_module/yahboomcar_ws) by extensions ['python_setup_py']
[0.223s] Level 1:colcon.colcon_core.package_identification:_identify(yahboomcar_ws/function_package_without_WiFi_module/yahboomcar_ws) by extension 'python_setup_py'
[0.223s] Level 1:colcon.colcon_core.package_identification:_identify(yahboomcar_ws/function_package_without_WiFi_module/yahboomcar_ws/build) by extensions ['ignore', 'ignore_ament_install']
[0.223s] Level 1:colcon.colcon_core.package_identification:_identify(yahboomcar_ws/function_package_without_WiFi_module/yahboomcar_ws/build) by extension 'ignore'
[0.223s] Level 1:colcon.colcon_core.package_identification:_identify(yahboomcar_ws/function_package_without_WiFi_module/yahboomcar_ws/build) ignored
[0.223s] Level 1:colcon.colcon_core.package_identification:_identify(yahboomcar_ws/function_package_without_WiFi_module/yahboomcar_ws/install) by extensions ['ignore', 'ignore_ament_install']
[0.223s] Level 1:colcon.colcon_core.package_identification:_identify(yahboomcar_ws/function_package_without_WiFi_module/yahboomcar_ws/install) by extension 'ignore'
[0.223s] Level 1:colcon.colcon_core.package_identification:_identify(yahboomcar_ws/function_package_without_WiFi_module/yahboomcar_ws/install) ignored
[0.223s] Level 1:colcon.colcon_core.package_identification:_identify(yahboomcar_ws/function_package_without_WiFi_module/yahboomcar_ws/log) by extensions ['ignore', 'ignore_ament_install']
[0.223s] Level 1:colcon.colcon_core.package_identification:_identify(yahboomcar_ws/function_package_without_WiFi_module/yahboomcar_ws/log) by extension 'ignore'
[0.223s] Level 1:colcon.colcon_core.package_identification:_identify(yahboomcar_ws/function_package_without_WiFi_module/yahboomcar_ws/log) ignored
[0.223s] Level 1:colcon.colcon_core.package_identification:_identify(yahboomcar_ws/function_package_without_WiFi_module/yahboomcar_ws/src) by extensions ['ignore', 'ignore_ament_install']
[0.223s] Level 1:colcon.colcon_core.package_identification:_identify(yahboomcar_ws/function_package_without_WiFi_module/yahboomcar_ws/src) by extension 'ignore'
[0.223s] Level 1:colcon.colcon_core.package_identification:_identify(yahboomcar_ws/function_package_without_WiFi_module/yahboomcar_ws/src) by extension 'ignore_ament_install'
[0.223s] Level 1:colcon.colcon_core.package_identification:_identify(yahboomcar_ws/function_package_without_WiFi_module/yahboomcar_ws/src) by extensions ['colcon_pkg']
[0.223s] Level 1:colcon.colcon_core.package_identification:_identify(yahboomcar_ws/function_package_without_WiFi_module/yahboomcar_ws/src) by extension 'colcon_pkg'
[0.223s] Level 1:colcon.colcon_core.package_identification:_identify(yahboomcar_ws/function_package_without_WiFi_module/yahboomcar_ws/src) by extensions ['colcon_meta']
[0.223s] Level 1:colcon.colcon_core.package_identification:_identify(yahboomcar_ws/function_package_without_WiFi_module/yahboomcar_ws/src) by extension 'colcon_meta'
[0.223s] Level 1:colcon.colcon_core.package_identification:_identify(yahboomcar_ws/function_package_without_WiFi_module/yahboomcar_ws/src) by extensions ['ros']
[0.223s] Level 1:colcon.colcon_core.package_identification:_identify(yahboomcar_ws/function_package_without_WiFi_module/yahboomcar_ws/src) by extension 'ros'
[0.223s] Level 1:colcon.colcon_core.package_identification:_identify(yahboomcar_ws/function_package_without_WiFi_module/yahboomcar_ws/src) by extensions ['cmake', 'python']
[0.223s] Level 1:colcon.colcon_core.package_identification:_identify(yahboomcar_ws/function_package_without_WiFi_module/yahboomcar_ws/src) by extension 'cmake'
[0.223s] Level 1:colcon.colcon_core.package_identification:_identify(yahboomcar_ws/function_package_without_WiFi_module/yahboomcar_ws/src) by extension 'python'
[0.223s] Level 1:colcon.colcon_core.package_identification:_identify(yahboomcar_ws/function_package_without_WiFi_module/yahboomcar_ws/src) by extensions ['python_setup_py']
[0.223s] Level 1:colcon.colcon_core.package_identification:_identify(yahboomcar_ws/function_package_without_WiFi_module/yahboomcar_ws/src) by extension 'python_setup_py'
[0.223s] Level 1:colcon.colcon_core.package_identification:_identify(yahboomcar_ws/function_package_without_WiFi_module/yahboomcar_ws/src/laserscan_to_point_publisher) by extensions ['ignore', 'ignore_ament_install']
[0.224s] Level 1:colcon.colcon_core.package_identification:_identify(yahboomcar_ws/function_package_without_WiFi_module/yahboomcar_ws/src/laserscan_to_point_publisher) by extension 'ignore'
[0.224s] Level 1:colcon.colcon_core.package_identification:_identify(yahboomcar_ws/function_package_without_WiFi_module/yahboomcar_ws/src/laserscan_to_point_publisher) by extension 'ignore_ament_install'
[0.224s] Level 1:colcon.colcon_core.package_identification:_identify(yahboomcar_ws/function_package_without_WiFi_module/yahboomcar_ws/src/laserscan_to_point_publisher) by extensions ['colcon_pkg']
[0.224s] Level 1:colcon.colcon_core.package_identification:_identify(yahboomcar_ws/function_package_without_WiFi_module/yahboomcar_ws/src/laserscan_to_point_publisher) by extension 'colcon_pkg'
[0.224s] Level 1:colcon.colcon_core.package_identification:_identify(yahboomcar_ws/function_package_without_WiFi_module/yahboomcar_ws/src/laserscan_to_point_publisher) by extensions ['colcon_meta']
[0.224s] Level 1:colcon.colcon_core.package_identification:_identify(yahboomcar_ws/function_package_without_WiFi_module/yahboomcar_ws/src/laserscan_to_point_publisher) by extension 'colcon_meta'
[0.224s] Level 1:colcon.colcon_core.package_identification:_identify(yahboomcar_ws/function_package_without_WiFi_module/yahboomcar_ws/src/laserscan_to_point_publisher) by extensions ['ros']
[0.224s] Level 1:colcon.colcon_core.package_identification:_identify(yahboomcar_ws/function_package_without_WiFi_module/yahboomcar_ws/src/laserscan_to_point_publisher) by extension 'ros'
[0.224s] DEBUG:colcon.colcon_core.package_identification:Package 'yahboomcar_ws/function_package_without_WiFi_module/yahboomcar_ws/src/laserscan_to_point_publisher' with type 'ros.ament_python' and name 'laserscan_to_point_publisher'
[0.224s] Level 1:colcon.colcon_core.package_identification:_identify(yahboomcar_ws/function_package_without_WiFi_module/yahboomcar_ws/src/robot_localization) by extensions ['ignore', 'ignore_ament_install']
[0.224s] Level 1:colcon.colcon_core.package_identification:_identify(yahboomcar_ws/function_package_without_WiFi_module/yahboomcar_ws/src/robot_localization) by extension 'ignore'
[0.224s] Level 1:colcon.colcon_core.package_identification:_identify(yahboomcar_ws/function_package_without_WiFi_module/yahboomcar_ws/src/robot_localization) by extension 'ignore_ament_install'
[0.224s] Level 1:colcon.colcon_core.package_identification:_identify(yahboomcar_ws/function_package_without_WiFi_module/yahboomcar_ws/src/robot_localization) by extensions ['colcon_pkg']
[0.224s] Level 1:colcon.colcon_core.package_identification:_identify(yahboomcar_ws/function_package_without_WiFi_module/yahboomcar_ws/src/robot_localization) by extension 'colcon_pkg'
[0.224s] Level 1:colcon.colcon_core.package_identification:_identify(yahboomcar_ws/function_package_without_WiFi_module/yahboomcar_ws/src/robot_localization) by extensions ['colcon_meta']
[0.224s] Level 1:colcon.colcon_core.package_identification:_identify(yahboomcar_ws/function_package_without_WiFi_module/yahboomcar_ws/src/robot_localization) by extension 'colcon_meta'
[0.224s] Level 1:colcon.colcon_core.package_identification:_identify(yahboomcar_ws/function_package_without_WiFi_module/yahboomcar_ws/src/robot_localization) by extensions ['ros']
[0.224s] Level 1:colcon.colcon_core.package_identification:_identify(yahboomcar_ws/function_package_without_WiFi_module/yahboomcar_ws/src/robot_localization) by extension 'ros'
[0.224s] Level 1:colcon.colcon_core.package_identification:_identify(yahboomcar_ws/function_package_without_WiFi_module/yahboomcar_ws/src/robot_localization) by extensions ['cmake', 'python']
[0.224s] Level 1:colcon.colcon_core.package_identification:_identify(yahboomcar_ws/function_package_without_WiFi_module/yahboomcar_ws/src/robot_localization) by extension 'cmake'
[0.224s] Level 1:colcon.colcon_core.package_identification:_identify(yahboomcar_ws/function_package_without_WiFi_module/yahboomcar_ws/src/robot_localization) by extension 'python'
[0.224s] Level 1:colcon.colcon_core.package_identification:_identify(yahboomcar_ws/function_package_without_WiFi_module/yahboomcar_ws/src/robot_localization) by extensions ['python_setup_py']
[0.224s] Level 1:colcon.colcon_core.package_identification:_identify(yahboomcar_ws/function_package_without_WiFi_module/yahboomcar_ws/src/robot_localization) by extension 'python_setup_py'
[0.224s] Level 1:colcon.colcon_core.package_identification:_identify(yahboomcar_ws/function_package_without_WiFi_module/yahboomcar_ws/src/robot_pose_publisher_ros2) by extensions ['ignore', 'ignore_ament_install']
[0.224s] Level 1:colcon.colcon_core.package_identification:_identify(yahboomcar_ws/function_package_without_WiFi_module/yahboomcar_ws/src/robot_pose_publisher_ros2) by extension 'ignore'
[0.224s] Level 1:colcon.colcon_core.package_identification:_identify(yahboomcar_ws/function_package_without_WiFi_module/yahboomcar_ws/src/robot_pose_publisher_ros2) by extension 'ignore_ament_install'
[0.225s] Level 1:colcon.colcon_core.package_identification:_identify(yahboomcar_ws/function_package_without_WiFi_module/yahboomcar_ws/src/robot_pose_publisher_ros2) by extensions ['colcon_pkg']
[0.225s] Level 1:colcon.colcon_core.package_identification:_identify(yahboomcar_ws/function_package_without_WiFi_module/yahboomcar_ws/src/robot_pose_publisher_ros2) by extension 'colcon_pkg'
[0.225s] Level 1:colcon.colcon_core.package_identification:_identify(yahboomcar_ws/function_package_without_WiFi_module/yahboomcar_ws/src/robot_pose_publisher_ros2) by extensions ['colcon_meta']
[0.225s] Level 1:colcon.colcon_core.package_identification:_identify(yahboomcar_ws/function_package_without_WiFi_module/yahboomcar_ws/src/robot_pose_publisher_ros2) by extension 'colcon_meta'
[0.225s] Level 1:colcon.colcon_core.package_identification:_identify(yahboomcar_ws/function_package_without_WiFi_module/yahboomcar_ws/src/robot_pose_publisher_ros2) by extensions ['ros']
[0.225s] Level 1:colcon.colcon_core.package_identification:_identify(yahboomcar_ws/function_package_without_WiFi_module/yahboomcar_ws/src/robot_pose_publisher_ros2) by extension 'ros'
[0.225s] DEBUG:colcon.colcon_core.package_identification:Package 'yahboomcar_ws/function_package_without_WiFi_module/yahboomcar_ws/src/robot_pose_publisher_ros2' with type 'ros.ament_cmake' and name 'robot_pose_publisher_ros2'
[0.225s] Level 1:colcon.colcon_core.package_identification:_identify(yahboomcar_ws/function_package_without_WiFi_module/yahboomcar_ws/src/slam_gmapping) by extensions ['ignore', 'ignore_ament_install']
[0.225s] Level 1:colcon.colcon_core.package_identification:_identify(yahboomcar_ws/function_package_without_WiFi_module/yahboomcar_ws/src/slam_gmapping) by extension 'ignore'
[0.225s] Level 1:colcon.colcon_core.package_identification:_identify(yahboomcar_ws/function_package_without_WiFi_module/yahboomcar_ws/src/slam_gmapping) by extension 'ignore_ament_install'
[0.225s] Level 1:colcon.colcon_core.package_identification:_identify(yahboomcar_ws/function_package_without_WiFi_module/yahboomcar_ws/src/slam_gmapping) by extensions ['colcon_pkg']
[0.225s] Level 1:colcon.colcon_core.package_identification:_identify(yahboomcar_ws/function_package_without_WiFi_module/yahboomcar_ws/src/slam_gmapping) by extension 'colcon_pkg'
[0.225s] Level 1:colcon.colcon_core.package_identification:_identify(yahboomcar_ws/function_package_without_WiFi_module/yahboomcar_ws/src/slam_gmapping) by extensions ['colcon_meta']
[0.225s] Level 1:colcon.colcon_core.package_identification:_identify(yahboomcar_ws/function_package_without_WiFi_module/yahboomcar_ws/src/slam_gmapping) by extension 'colcon_meta'
[0.225s] Level 1:colcon.colcon_core.package_identification:_identify(yahboomcar_ws/function_package_without_WiFi_module/yahboomcar_ws/src/slam_gmapping) by extensions ['ros']
[0.225s] Level 1:colcon.colcon_core.package_identification:_identify(yahboomcar_ws/function_package_without_WiFi_module/yahboomcar_ws/src/slam_gmapping) by extension 'ros'
[0.225s] Level 1:colcon.colcon_core.package_identification:_identify(yahboomcar_ws/function_package_without_WiFi_module/yahboomcar_ws/src/slam_gmapping) by extensions ['cmake', 'python']
[0.225s] Level 1:colcon.colcon_core.package_identification:_identify(yahboomcar_ws/function_package_without_WiFi_module/yahboomcar_ws/src/slam_gmapping) by extension 'cmake'
[0.225s] Level 1:colcon.colcon_core.package_identification:_identify(yahboomcar_ws/function_package_without_WiFi_module/yahboomcar_ws/src/slam_gmapping) by extension 'python'
[0.225s] Level 1:colcon.colcon_core.package_identification:_identify(yahboomcar_ws/function_package_without_WiFi_module/yahboomcar_ws/src/slam_gmapping) by extensions ['python_setup_py']
[0.225s] Level 1:colcon.colcon_core.package_identification:_identify(yahboomcar_ws/function_package_without_WiFi_module/yahboomcar_ws/src/slam_gmapping) by extension 'python_setup_py'
[0.225s] Level 1:colcon.colcon_core.package_identification:_identify(yahboomcar_ws/function_package_without_WiFi_module/yahboomcar_ws/src/slam_gmapping/openslam_gmapping) by extensions ['ignore', 'ignore_ament_install']
[0.225s] Level 1:colcon.colcon_core.package_identification:_identify(yahboomcar_ws/function_package_without_WiFi_module/yahboomcar_ws/src/slam_gmapping/openslam_gmapping) by extension 'ignore'
[0.226s] Level 1:colcon.colcon_core.package_identification:_identify(yahboomcar_ws/function_package_without_WiFi_module/yahboomcar_ws/src/slam_gmapping/openslam_gmapping) by extension 'ignore_ament_install'
[0.226s] Level 1:colcon.colcon_core.package_identification:_identify(yahboomcar_ws/function_package_without_WiFi_module/yahboomcar_ws/src/slam_gmapping/openslam_gmapping) by extensions ['colcon_pkg']
[0.226s] Level 1:colcon.colcon_core.package_identification:_identify(yahboomcar_ws/function_package_without_WiFi_module/yahboomcar_ws/src/slam_gmapping/openslam_gmapping) by extension 'colcon_pkg'
[0.226s] Level 1:colcon.colcon_core.package_identification:_identify(yahboomcar_ws/function_package_without_WiFi_module/yahboomcar_ws/src/slam_gmapping/openslam_gmapping) by extensions ['colcon_meta']
[0.226s] Level 1:colcon.colcon_core.package_identification:_identify(yahboomcar_ws/function_package_without_WiFi_module/yahboomcar_ws/src/slam_gmapping/openslam_gmapping) by extension 'colcon_meta'
[0.226s] Level 1:colcon.colcon_core.package_identification:_identify(yahboomcar_ws/function_package_without_WiFi_module/yahboomcar_ws/src/slam_gmapping/openslam_gmapping) by extensions ['ros']
[0.226s] Level 1:colcon.colcon_core.package_identification:_identify(yahboomcar_ws/function_package_without_WiFi_module/yahboomcar_ws/src/slam_gmapping/openslam_gmapping) by extension 'ros'
[0.226s] DEBUG:colcon.colcon_core.package_identification:Package 'yahboomcar_ws/function_package_without_WiFi_module/yahboomcar_ws/src/slam_gmapping/openslam_gmapping' with type 'ros.ament_cmake' and name 'openslam_gmapping'
[0.226s] Level 1:colcon.colcon_core.package_identification:_identify(yahboomcar_ws/function_package_without_WiFi_module/yahboomcar_ws/src/slam_gmapping/slam_gmapping) by extensions ['ignore', 'ignore_ament_install']
[0.226s] Level 1:colcon.colcon_core.package_identification:_identify(yahboomcar_ws/function_package_without_WiFi_module/yahboomcar_ws/src/slam_gmapping/slam_gmapping) by extension 'ignore'
[0.226s] Level 1:colcon.colcon_core.package_identification:_identify(yahboomcar_ws/function_package_without_WiFi_module/yahboomcar_ws/src/slam_gmapping/slam_gmapping) by extension 'ignore_ament_install'
[0.226s] Level 1:colcon.colcon_core.package_identification:_identify(yahboomcar_ws/function_package_without_WiFi_module/yahboomcar_ws/src/slam_gmapping/slam_gmapping) by extensions ['colcon_pkg']
[0.226s] Level 1:colcon.colcon_core.package_identification:_identify(yahboomcar_ws/function_package_without_WiFi_module/yahboomcar_ws/src/slam_gmapping/slam_gmapping) by extension 'colcon_pkg'
[0.226s] Level 1:colcon.colcon_core.package_identification:_identify(yahboomcar_ws/function_package_without_WiFi_module/yahboomcar_ws/src/slam_gmapping/slam_gmapping) by extensions ['colcon_meta']
[0.226s] Level 1:colcon.colcon_core.package_identification:_identify(yahboomcar_ws/function_package_without_WiFi_module/yahboomcar_ws/src/slam_gmapping/slam_gmapping) by extension 'colcon_meta'
[0.226s] Level 1:colcon.colcon_core.package_identification:_identify(yahboomcar_ws/function_package_without_WiFi_module/yahboomcar_ws/src/slam_gmapping/slam_gmapping) by extensions ['ros']
[0.226s] Level 1:colcon.colcon_core.package_identification:_identify(yahboomcar_ws/function_package_without_WiFi_module/yahboomcar_ws/src/slam_gmapping/slam_gmapping) by extension 'ros'
[0.227s] DEBUG:colcon.colcon_core.package_identification:Package 'yahboomcar_ws/function_package_without_WiFi_module/yahboomcar_ws/src/slam_gmapping/slam_gmapping' with type 'ros.ament_cmake' and name 'slam_gmapping'
[0.227s] Level 1:colcon.colcon_core.package_identification:_identify(yahboomcar_ws/function_package_without_WiFi_module/yahboomcar_ws/src/waypoint_nav) by extensions ['ignore', 'ignore_ament_install']
[0.227s] Level 1:colcon.colcon_core.package_identification:_identify(yahboomcar_ws/function_package_without_WiFi_module/yahboomcar_ws/src/waypoint_nav) by extension 'ignore'
[0.227s] Level 1:colcon.colcon_core.package_identification:_identify(yahboomcar_ws/function_package_without_WiFi_module/yahboomcar_ws/src/waypoint_nav) by extension 'ignore_ament_install'
[0.227s] Level 1:colcon.colcon_core.package_identification:_identify(yahboomcar_ws/function_package_without_WiFi_module/yahboomcar_ws/src/waypoint_nav) by extensions ['colcon_pkg']
[0.227s] Level 1:colcon.colcon_core.package_identification:_identify(yahboomcar_ws/function_package_without_WiFi_module/yahboomcar_ws/src/waypoint_nav) by extension 'colcon_pkg'
[0.227s] Level 1:colcon.colcon_core.package_identification:_identify(yahboomcar_ws/function_package_without_WiFi_module/yahboomcar_ws/src/waypoint_nav) by extensions ['colcon_meta']
[0.227s] Level 1:colcon.colcon_core.package_identification:_identify(yahboomcar_ws/function_package_without_WiFi_module/yahboomcar_ws/src/waypoint_nav) by extension 'colcon_meta'
[0.227s] Level 1:colcon.colcon_core.package_identification:_identify(yahboomcar_ws/function_package_without_WiFi_module/yahboomcar_ws/src/waypoint_nav) by extensions ['ros']
[0.227s] Level 1:colcon.colcon_core.package_identification:_identify(yahboomcar_ws/function_package_without_WiFi_module/yahboomcar_ws/src/waypoint_nav) by extension 'ros'
[0.228s] DEBUG:colcon.colcon_core.package_identification:Package 'yahboomcar_ws/function_package_without_WiFi_module/yahboomcar_ws/src/waypoint_nav' with type 'ros.ament_python' and name 'waypoint_nav'
[0.228s] Level 1:colcon.colcon_core.package_identification:_identify(yahboomcar_ws/function_package_without_WiFi_module/yahboomcar_ws/src/yahboom_app_save_map) by extensions ['ignore', 'ignore_ament_install']
[0.228s] Level 1:colcon.colcon_core.package_identification:_identify(yahboomcar_ws/function_package_without_WiFi_module/yahboomcar_ws/src/yahboom_app_save_map) by extension 'ignore'
[0.228s] Level 1:colcon.colcon_core.package_identification:_identify(yahboomcar_ws/function_package_without_WiFi_module/yahboomcar_ws/src/yahboom_app_save_map) by extension 'ignore_ament_install'
[0.228s] Level 1:colcon.colcon_core.package_identification:_identify(yahboomcar_ws/function_package_without_WiFi_module/yahboomcar_ws/src/yahboom_app_save_map) by extensions ['colcon_pkg']
[0.228s] Level 1:colcon.colcon_core.package_identification:_identify(yahboomcar_ws/function_package_without_WiFi_module/yahboomcar_ws/src/yahboom_app_save_map) by extension 'colcon_pkg'
[0.228s] Level 1:colcon.colcon_core.package_identification:_identify(yahboomcar_ws/function_package_without_WiFi_module/yahboomcar_ws/src/yahboom_app_save_map) by extensions ['colcon_meta']
[0.228s] Level 1:colcon.colcon_core.package_identification:_identify(yahboomcar_ws/function_package_without_WiFi_module/yahboomcar_ws/src/yahboom_app_save_map) by extension 'colcon_meta'
[0.228s] Level 1:colcon.colcon_core.package_identification:_identify(yahboomcar_ws/function_package_without_WiFi_module/yahboomcar_ws/src/yahboom_app_save_map) by extensions ['ros']
[0.228s] Level 1:colcon.colcon_core.package_identification:_identify(yahboomcar_ws/function_package_without_WiFi_module/yahboomcar_ws/src/yahboom_app_save_map) by extension 'ros'
[0.228s] DEBUG:colcon.colcon_core.package_identification:Package 'yahboomcar_ws/function_package_without_WiFi_module/yahboomcar_ws/src/yahboom_app_save_map' with type 'ros.ament_python' and name 'yahboom_app_save_map'
[0.229s] Level 1:colcon.colcon_core.package_identification:_identify(yahboomcar_ws/function_package_without_WiFi_module/yahboomcar_ws/src/yahboom_web_savmap_interfaces) by extensions ['ignore', 'ignore_ament_install']
[0.229s] Level 1:colcon.colcon_core.package_identification:_identify(yahboomcar_ws/function_package_without_WiFi_module/yahboomcar_ws/src/yahboom_web_savmap_interfaces) by extension 'ignore'
[0.229s] Level 1:colcon.colcon_core.package_identification:_identify(yahboomcar_ws/function_package_without_WiFi_module/yahboomcar_ws/src/yahboom_web_savmap_interfaces) by extension 'ignore_ament_install'
[0.229s] Level 1:colcon.colcon_core.package_identification:_identify(yahboomcar_ws/function_package_without_WiFi_module/yahboomcar_ws/src/yahboom_web_savmap_interfaces) by extensions ['colcon_pkg']
[0.229s] Level 1:colcon.colcon_core.package_identification:_identify(yahboomcar_ws/function_package_without_WiFi_module/yahboomcar_ws/src/yahboom_web_savmap_interfaces) by extension 'colcon_pkg'
[0.229s] Level 1:colcon.colcon_core.package_identification:_identify(yahboomcar_ws/function_package_without_WiFi_module/yahboomcar_ws/src/yahboom_web_savmap_interfaces) by extensions ['colcon_meta']
[0.229s] Level 1:colcon.colcon_core.package_identification:_identify(yahboomcar_ws/function_package_without_WiFi_module/yahboomcar_ws/src/yahboom_web_savmap_interfaces) by extension 'colcon_meta'
[0.229s] Level 1:colcon.colcon_core.package_identification:_identify(yahboomcar_ws/function_package_without_WiFi_module/yahboomcar_ws/src/yahboom_web_savmap_interfaces) by extensions ['ros']
[0.229s] Level 1:colcon.colcon_core.package_identification:_identify(yahboomcar_ws/function_package_without_WiFi_module/yahboomcar_ws/src/yahboom_web_savmap_interfaces) by extension 'ros'
[0.229s] DEBUG:colcon.colcon_core.package_identification:Package 'yahboomcar_ws/function_package_without_WiFi_module/yahboomcar_ws/src/yahboom_web_savmap_interfaces' with type 'ros.ament_cmake' and name 'yahboom_web_savmap_interfaces'
[0.229s] Level 1:colcon.colcon_core.package_identification:_identify(yahboomcar_ws/function_package_without_WiFi_module/yahboomcar_ws/src/yahboomcar_base_node) by extensions ['ignore', 'ignore_ament_install']
[0.229s] Level 1:colcon.colcon_core.package_identification:_identify(yahboomcar_ws/function_package_without_WiFi_module/yahboomcar_ws/src/yahboomcar_base_node) by extension 'ignore'
[0.229s] Level 1:colcon.colcon_core.package_identification:_identify(yahboomcar_ws/function_package_without_WiFi_module/yahboomcar_ws/src/yahboomcar_base_node) by extension 'ignore_ament_install'
[0.229s] Level 1:colcon.colcon_core.package_identification:_identify(yahboomcar_ws/function_package_without_WiFi_module/yahboomcar_ws/src/yahboomcar_base_node) by extensions ['colcon_pkg']
[0.229s] Level 1:colcon.colcon_core.package_identification:_identify(yahboomcar_ws/function_package_without_WiFi_module/yahboomcar_ws/src/yahboomcar_base_node) by extension 'colcon_pkg'
[0.229s] Level 1:colcon.colcon_core.package_identification:_identify(yahboomcar_ws/function_package_without_WiFi_module/yahboomcar_ws/src/yahboomcar_base_node) by extensions ['colcon_meta']
[0.229s] Level 1:colcon.colcon_core.package_identification:_identify(yahboomcar_ws/function_package_without_WiFi_module/yahboomcar_ws/src/yahboomcar_base_node) by extension 'colcon_meta'
[0.229s] Level 1:colcon.colcon_core.package_identification:_identify(yahboomcar_ws/function_package_without_WiFi_module/yahboomcar_ws/src/yahboomcar_base_node) by extensions ['ros']
[0.229s] Level 1:colcon.colcon_core.package_identification:_identify(yahboomcar_ws/function_package_without_WiFi_module/yahboomcar_ws/src/yahboomcar_base_node) by extension 'ros'
[0.230s] DEBUG:colcon.colcon_core.package_identification:Package 'yahboomcar_ws/function_package_without_WiFi_module/yahboomcar_ws/src/yahboomcar_base_node' with type 'ros.ament_cmake' and name 'yahboomcar_base_node'
[0.230s] Level 1:colcon.colcon_core.package_identification:_identify(yahboomcar_ws/function_package_without_WiFi_module/yahboomcar_ws/src/yahboomcar_bringup) by extensions ['ignore', 'ignore_ament_install']
[0.230s] Level 1:colcon.colcon_core.package_identification:_identify(yahboomcar_ws/function_package_without_WiFi_module/yahboomcar_ws/src/yahboomcar_bringup) by extension 'ignore'
[0.230s] Level 1:colcon.colcon_core.package_identification:_identify(yahboomcar_ws/function_package_without_WiFi_module/yahboomcar_ws/src/yahboomcar_bringup) by extension 'ignore_ament_install'
[0.230s] Level 1:colcon.colcon_core.package_identification:_identify(yahboomcar_ws/function_package_without_WiFi_module/yahboomcar_ws/src/yahboomcar_bringup) by extensions ['colcon_pkg']
[0.230s] Level 1:colcon.colcon_core.package_identification:_identify(yahboomcar_ws/function_package_without_WiFi_module/yahboomcar_ws/src/yahboomcar_bringup) by extension 'colcon_pkg'
[0.230s] Level 1:colcon.colcon_core.package_identification:_identify(yahboomcar_ws/function_package_without_WiFi_module/yahboomcar_ws/src/yahboomcar_bringup) by extensions ['colcon_meta']
[0.230s] Level 1:colcon.colcon_core.package_identification:_identify(yahboomcar_ws/function_package_without_WiFi_module/yahboomcar_ws/src/yahboomcar_bringup) by extension 'colcon_meta'
[0.230s] Level 1:colcon.colcon_core.package_identification:_identify(yahboomcar_ws/function_package_without_WiFi_module/yahboomcar_ws/src/yahboomcar_bringup) by extensions ['ros']
[0.230s] Level 1:colcon.colcon_core.package_identification:_identify(yahboomcar_ws/function_package_without_WiFi_module/yahboomcar_ws/src/yahboomcar_bringup) by extension 'ros'
[0.231s] DEBUG:colcon.colcon_core.package_identification:Package 'yahboomcar_ws/function_package_without_WiFi_module/yahboomcar_ws/src/yahboomcar_bringup' with type 'ros.ament_python' and name 'yahboomcar_bringup'
[0.231s] Level 1:colcon.colcon_core.package_identification:_identify(yahboomcar_ws/function_package_without_WiFi_module/yahboomcar_ws/src/yahboomcar_ctrl) by extensions ['ignore', 'ignore_ament_install']
[0.231s] Level 1:colcon.colcon_core.package_identification:_identify(yahboomcar_ws/function_package_without_WiFi_module/yahboomcar_ws/src/yahboomcar_ctrl) by extension 'ignore'
[0.231s] Level 1:colcon.colcon_core.package_identification:_identify(yahboomcar_ws/function_package_without_WiFi_module/yahboomcar_ws/src/yahboomcar_ctrl) by extension 'ignore_ament_install'
[0.231s] Level 1:colcon.colcon_core.package_identification:_identify(yahboomcar_ws/function_package_without_WiFi_module/yahboomcar_ws/src/yahboomcar_ctrl) by extensions ['colcon_pkg']
[0.231s] Level 1:colcon.colcon_core.package_identification:_identify(yahboomcar_ws/function_package_without_WiFi_module/yahboomcar_ws/src/yahboomcar_ctrl) by extension 'colcon_pkg'
[0.231s] Level 1:colcon.colcon_core.package_identification:_identify(yahboomcar_ws/function_package_without_WiFi_module/yahboomcar_ws/src/yahboomcar_ctrl) by extensions ['colcon_meta']
[0.231s] Level 1:colcon.colcon_core.package_identification:_identify(yahboomcar_ws/function_package_without_WiFi_module/yahboomcar_ws/src/yahboomcar_ctrl) by extension 'colcon_meta'
[0.231s] Level 1:colcon.colcon_core.package_identification:_identify(yahboomcar_ws/function_package_without_WiFi_module/yahboomcar_ws/src/yahboomcar_ctrl) by extensions ['ros']
[0.231s] Level 1:colcon.colcon_core.package_identification:_identify(yahboomcar_ws/function_package_without_WiFi_module/yahboomcar_ws/src/yahboomcar_ctrl) by extension 'ros'
[0.231s] DEBUG:colcon.colcon_core.package_identification:Package 'yahboomcar_ws/function_package_without_WiFi_module/yahboomcar_ws/src/yahboomcar_ctrl' with type 'ros.ament_python' and name 'yahboomcar_ctrl'
[0.231s] Level 1:colcon.colcon_core.package_identification:_identify(yahboomcar_ws/function_package_without_WiFi_module/yahboomcar_ws/src/yahboomcar_description) by extensions ['ignore', 'ignore_ament_install']
[0.231s] Level 1:colcon.colcon_core.package_identification:_identify(yahboomcar_ws/function_package_without_WiFi_module/yahboomcar_ws/src/yahboomcar_description) by extension 'ignore'
[0.231s] Level 1:colcon.colcon_core.package_identification:_identify(yahboomcar_ws/function_package_without_WiFi_module/yahboomcar_ws/src/yahboomcar_description) by extension 'ignore_ament_install'
[0.231s] Level 1:colcon.colcon_core.package_identification:_identify(yahboomcar_ws/function_package_without_WiFi_module/yahboomcar_ws/src/yahboomcar_description) by extensions ['colcon_pkg']
[0.231s] Level 1:colcon.colcon_core.package_identification:_identify(yahboomcar_ws/function_package_without_WiFi_module/yahboomcar_ws/src/yahboomcar_description) by extension 'colcon_pkg'
[0.231s] Level 1:colcon.colcon_core.package_identification:_identify(yahboomcar_ws/function_package_without_WiFi_module/yahboomcar_ws/src/yahboomcar_description) by extensions ['colcon_meta']
[0.231s] Level 1:colcon.colcon_core.package_identification:_identify(yahboomcar_ws/function_package_without_WiFi_module/yahboomcar_ws/src/yahboomcar_description) by extension 'colcon_meta'
[0.231s] Level 1:colcon.colcon_core.package_identification:_identify(yahboomcar_ws/function_package_without_WiFi_module/yahboomcar_ws/src/yahboomcar_description) by extensions ['ros']
[0.231s] Level 1:colcon.colcon_core.package_identification:_identify(yahboomcar_ws/function_package_without_WiFi_module/yahboomcar_ws/src/yahboomcar_description) by extension 'ros'
[0.232s] DEBUG:colcon.colcon_core.package_identification:Package 'yahboomcar_ws/function_package_without_WiFi_module/yahboomcar_ws/src/yahboomcar_description' with type 'ros.ament_python' and name 'yahboomcar_description'
[0.232s] Level 1:colcon.colcon_core.package_identification:_identify(yahboomcar_ws/function_package_without_WiFi_module/yahboomcar_ws/src/yahboomcar_laser) by extensions ['ignore', 'ignore_ament_install']
[0.232s] Level 1:colcon.colcon_core.package_identification:_identify(yahboomcar_ws/function_package_without_WiFi_module/yahboomcar_ws/src/yahboomcar_laser) by extension 'ignore'
[0.232s] Level 1:colcon.colcon_core.package_identification:_identify(yahboomcar_ws/function_package_without_WiFi_module/yahboomcar_ws/src/yahboomcar_laser) by extension 'ignore_ament_install'
[0.232s] Level 1:colcon.colcon_core.package_identification:_identify(yahboomcar_ws/function_package_without_WiFi_module/yahboomcar_ws/src/yahboomcar_laser) by extensions ['colcon_pkg']
[0.232s] Level 1:colcon.colcon_core.package_identification:_identify(yahboomcar_ws/function_package_without_WiFi_module/yahboomcar_ws/src/yahboomcar_laser) by extension 'colcon_pkg'
[0.232s] Level 1:colcon.colcon_core.package_identification:_identify(yahboomcar_ws/function_package_without_WiFi_module/yahboomcar_ws/src/yahboomcar_laser) by extensions ['colcon_meta']
[0.232s] Level 1:colcon.colcon_core.package_identification:_identify(yahboomcar_ws/function_package_without_WiFi_module/yahboomcar_ws/src/yahboomcar_laser) by extension 'colcon_meta'
[0.232s] Level 1:colcon.colcon_core.package_identification:_identify(yahboomcar_ws/function_package_without_WiFi_module/yahboomcar_ws/src/yahboomcar_laser) by extensions ['ros']
[0.232s] Level 1:colcon.colcon_core.package_identification:_identify(yahboomcar_ws/function_package_without_WiFi_module/yahboomcar_ws/src/yahboomcar_laser) by extension 'ros'
[0.232s] DEBUG:colcon.colcon_core.package_identification:Package 'yahboomcar_ws/function_package_without_WiFi_module/yahboomcar_ws/src/yahboomcar_laser' with type 'ros.ament_python' and name 'yahboomcar_laser'
[0.232s] Level 1:colcon.colcon_core.package_identification:_identify(yahboomcar_ws/function_package_without_WiFi_module/yahboomcar_ws/src/yahboomcar_multi) by extensions ['ignore', 'ignore_ament_install']
[0.232s] Level 1:colcon.colcon_core.package_identification:_identify(yahboomcar_ws/function_package_without_WiFi_module/yahboomcar_ws/src/yahboomcar_multi) by extension 'ignore'
[0.232s] Level 1:colcon.colcon_core.package_identification:_identify(yahboomcar_ws/function_package_without_WiFi_module/yahboomcar_ws/src/yahboomcar_multi) by extension 'ignore_ament_install'
[0.232s] Level 1:colcon.colcon_core.package_identification:_identify(yahboomcar_ws/function_package_without_WiFi_module/yahboomcar_ws/src/yahboomcar_multi) by extensions ['colcon_pkg']
[0.232s] Level 1:colcon.colcon_core.package_identification:_identify(yahboomcar_ws/function_package_without_WiFi_module/yahboomcar_ws/src/yahboomcar_multi) by extension 'colcon_pkg'
[0.232s] Level 1:colcon.colcon_core.package_identification:_identify(yahboomcar_ws/function_package_without_WiFi_module/yahboomcar_ws/src/yahboomcar_multi) by extensions ['colcon_meta']
[0.232s] Level 1:colcon.colcon_core.package_identification:_identify(yahboomcar_ws/function_package_without_WiFi_module/yahboomcar_ws/src/yahboomcar_multi) by extension 'colcon_meta'
[0.232s] Level 1:colcon.colcon_core.package_identification:_identify(yahboomcar_ws/function_package_without_WiFi_module/yahboomcar_ws/src/yahboomcar_multi) by extensions ['ros']
[0.232s] Level 1:colcon.colcon_core.package_identification:_identify(yahboomcar_ws/function_package_without_WiFi_module/yahboomcar_ws/src/yahboomcar_multi) by extension 'ros'
[0.233s] DEBUG:colcon.colcon_core.package_identification:Package 'yahboomcar_ws/function_package_without_WiFi_module/yahboomcar_ws/src/yahboomcar_multi' with type 'ros.ament_python' and name 'yahboomcar_multi'
[0.233s] Level 1:colcon.colcon_core.package_identification:_identify(yahboomcar_ws/function_package_without_WiFi_module/yahboomcar_ws/src/yahboomcar_nav) by extensions ['ignore', 'ignore_ament_install']
[0.233s] Level 1:colcon.colcon_core.package_identification:_identify(yahboomcar_ws/function_package_without_WiFi_module/yahboomcar_ws/src/yahboomcar_nav) by extension 'ignore'
[0.233s] Level 1:colcon.colcon_core.package_identification:_identify(yahboomcar_ws/function_package_without_WiFi_module/yahboomcar_ws/src/yahboomcar_nav) by extension 'ignore_ament_install'
[0.233s] Level 1:colcon.colcon_core.package_identification:_identify(yahboomcar_ws/function_package_without_WiFi_module/yahboomcar_ws/src/yahboomcar_nav) by extensions ['colcon_pkg']
[0.233s] Level 1:colcon.colcon_core.package_identification:_identify(yahboomcar_ws/function_package_without_WiFi_module/yahboomcar_ws/src/yahboomcar_nav) by extension 'colcon_pkg'
[0.233s] Level 1:colcon.colcon_core.package_identification:_identify(yahboomcar_ws/function_package_without_WiFi_module/yahboomcar_ws/src/yahboomcar_nav) by extensions ['colcon_meta']
[0.233s] Level 1:colcon.colcon_core.package_identification:_identify(yahboomcar_ws/function_package_without_WiFi_module/yahboomcar_ws/src/yahboomcar_nav) by extension 'colcon_meta'
[0.233s] Level 1:colcon.colcon_core.package_identification:_identify(yahboomcar_ws/function_package_without_WiFi_module/yahboomcar_ws/src/yahboomcar_nav) by extensions ['ros']
[0.233s] Level 1:colcon.colcon_core.package_identification:_identify(yahboomcar_ws/function_package_without_WiFi_module/yahboomcar_ws/src/yahboomcar_nav) by extension 'ros'
[0.233s] DEBUG:colcon.colcon_core.package_identification:Package 'yahboomcar_ws/function_package_without_WiFi_module/yahboomcar_ws/src/yahboomcar_nav' with type 'ros.ament_python' and name 'yahboomcar_nav'
[0.233s] Level 1:colcon.colcon_core.package_discovery:discover_packages(recursive) using defaults
[0.233s] Level 1:colcon.colcon_core.package_discovery:discover_packages(ignore) discover
[0.233s] Level 1:colcon.colcon_core.package_discovery:discover_packages(ignore) using defaults
[0.233s] Level 1:colcon.colcon_core.package_discovery:discover_packages(path) discover
[0.233s] Level 1:colcon.colcon_core.package_discovery:discover_packages(path) using defaults
[0.251s] Level 1:colcon.colcon_core.package_discovery:discover_packages(prefix_path) check parameters
[0.251s] Level 1:colcon.colcon_core.package_discovery:discover_packages(prefix_path) discover
[0.253s] DEBUG:colcon.colcon_installed_package_information.package_discovery:Found 14 installed packages in /home/natdanai/ROS_Source_Code/yahboomcar_ws/function_package_without_WiFi_module/yahboomcar_ws/install
[0.253s] DEBUG:colcon.colcon_installed_package_information.package_discovery:Found 322 installed packages in /opt/ros/humble
[0.254s] Level 1:colcon.colcon_core.package_discovery:discover_packages(prefix_path) using defaults
[0.278s] ERROR:colcon:colcon build: Duplicate package names not supported:
- openslam_gmapping:
  - gmapping_ws/src/openslam_gmapping
  - yahboomcar_ws/function_package_without_WiFi_module/yahboomcar_ws/src/slam_gmapping/openslam_gmapping
- slam_gmapping:
  - gmapping_ws/src/slam_gmapping
  - yahboomcar_ws/function_package_without_WiFi_module/yahboomcar_ws/src/slam_gmapping/slam_gmapping
