[0.430s] Invoking command in '/home/natdanai/ROS_Source_Code/yahboomcar_ws/function_package_without_WiFi_module/yahboomcar_ws/src/waypoint_nav': PYTHONPATH=/home/natdanai/ROS_Source_Code/yahboomcar_ws/function_package_without_WiFi_module/yahboomcar_ws/build/waypoint_nav/prefix_override:/usr/lib/python3/dist-packages/colcon_core/task/python/colcon_distutils_commands:/home/natdanai/ROS_Source_Code/yahboomcar_ws/function_package_without_WiFi_module/yahboomcar_ws/install/waypoint_nav/lib/python3.10/site-packages:${PYTHONPATH} /usr/bin/python3 -W ignore:setup.py install is deprecated -W ignore:easy_install command is deprecated setup.py egg_info --egg-base ../../build/waypoint_nav build --build-base /home/natdanai/ROS_Source_Code/yahboomcar_ws/function_package_without_WiFi_module/yahboomcar_ws/build/waypoint_nav/build install --record /home/natdanai/ROS_Source_Code/yahboomcar_ws/function_package_without_WiFi_module/yahboomcar_ws/build/waypoint_nav/install.log --single-version-externally-managed install_data
[0.594s] running egg_info
[0.595s] creating ../../build/waypoint_nav/waypoint_nav.egg-info
[0.595s] writing ../../build/waypoint_nav/waypoint_nav.egg-info/PKG-INFO
[0.595s] writing dependency_links to ../../build/waypoint_nav/waypoint_nav.egg-info/dependency_links.txt
[0.595s] writing entry points to ../../build/waypoint_nav/waypoint_nav.egg-info/entry_points.txt
[0.595s] writing requirements to ../../build/waypoint_nav/waypoint_nav.egg-info/requires.txt
[0.595s] writing top-level names to ../../build/waypoint_nav/waypoint_nav.egg-info/top_level.txt
[0.595s] writing manifest file '../../build/waypoint_nav/waypoint_nav.egg-info/SOURCES.txt'
[0.596s] reading manifest file '../../build/waypoint_nav/waypoint_nav.egg-info/SOURCES.txt'
[0.597s] writing manifest file '../../build/waypoint_nav/waypoint_nav.egg-info/SOURCES.txt'
[0.597s] running build
[0.597s] running build_py
[0.597s] creating /home/natdanai/ROS_Source_Code/yahboomcar_ws/function_package_without_WiFi_module/yahboomcar_ws/build/waypoint_nav/build
[0.597s] creating /home/natdanai/ROS_Source_Code/yahboomcar_ws/function_package_without_WiFi_module/yahboomcar_ws/build/waypoint_nav/build/lib
[0.597s] creating /home/natdanai/ROS_Source_Code/yahboomcar_ws/function_package_without_WiFi_module/yahboomcar_ws/build/waypoint_nav/build/lib/waypoint_nav
[0.597s] copying waypoint_nav/__init__.py -> /home/natdanai/ROS_Source_Code/yahboomcar_ws/function_package_without_WiFi_module/yahboomcar_ws/build/waypoint_nav/build/lib/waypoint_nav
[0.597s] copying waypoint_nav/run_waypoints.py -> /home/natdanai/ROS_Source_Code/yahboomcar_ws/function_package_without_WiFi_module/yahboomcar_ws/build/waypoint_nav/build/lib/waypoint_nav
[0.597s] copying waypoint_nav/check_points.py -> /home/natdanai/ROS_Source_Code/yahboomcar_ws/function_package_without_WiFi_module/yahboomcar_ws/build/waypoint_nav/build/lib/waypoint_nav
[0.597s] copying waypoint_nav/collect_points.py -> /home/natdanai/ROS_Source_Code/yahboomcar_ws/function_package_without_WiFi_module/yahboomcar_ws/build/waypoint_nav/build/lib/waypoint_nav
[0.597s] running install
[0.597s] running install_lib
[0.598s] creating /home/natdanai/ROS_Source_Code/yahboomcar_ws/function_package_without_WiFi_module/yahboomcar_ws/install/waypoint_nav/lib/python3.10/site-packages/waypoint_nav
[0.598s] copying /home/natdanai/ROS_Source_Code/yahboomcar_ws/function_package_without_WiFi_module/yahboomcar_ws/build/waypoint_nav/build/lib/waypoint_nav/__init__.py -> /home/natdanai/ROS_Source_Code/yahboomcar_ws/function_package_without_WiFi_module/yahboomcar_ws/install/waypoint_nav/lib/python3.10/site-packages/waypoint_nav
[0.598s] copying /home/natdanai/ROS_Source_Code/yahboomcar_ws/function_package_without_WiFi_module/yahboomcar_ws/build/waypoint_nav/build/lib/waypoint_nav/run_waypoints.py -> /home/natdanai/ROS_Source_Code/yahboomcar_ws/function_package_without_WiFi_module/yahboomcar_ws/install/waypoint_nav/lib/python3.10/site-packages/waypoint_nav
[0.598s] copying /home/natdanai/ROS_Source_Code/yahboomcar_ws/function_package_without_WiFi_module/yahboomcar_ws/build/waypoint_nav/build/lib/waypoint_nav/check_points.py -> /home/natdanai/ROS_Source_Code/yahboomcar_ws/function_package_without_WiFi_module/yahboomcar_ws/install/waypoint_nav/lib/python3.10/site-packages/waypoint_nav
[0.598s] copying /home/natdanai/ROS_Source_Code/yahboomcar_ws/function_package_without_WiFi_module/yahboomcar_ws/build/waypoint_nav/build/lib/waypoint_nav/collect_points.py -> /home/natdanai/ROS_Source_Code/yahboomcar_ws/function_package_without_WiFi_module/yahboomcar_ws/install/waypoint_nav/lib/python3.10/site-packages/waypoint_nav
[0.598s] byte-compiling /home/natdanai/ROS_Source_Code/yahboomcar_ws/function_package_without_WiFi_module/yahboomcar_ws/install/waypoint_nav/lib/python3.10/site-packages/waypoint_nav/__init__.py to __init__.cpython-310.pyc
[0.598s] byte-compiling /home/natdanai/ROS_Source_Code/yahboomcar_ws/function_package_without_WiFi_module/yahboomcar_ws/install/waypoint_nav/lib/python3.10/site-packages/waypoint_nav/run_waypoints.py to run_waypoints.cpython-310.pyc
[0.601s] byte-compiling /home/natdanai/ROS_Source_Code/yahboomcar_ws/function_package_without_WiFi_module/yahboomcar_ws/install/waypoint_nav/lib/python3.10/site-packages/waypoint_nav/check_points.py to check_points.cpython-310.pyc
[0.603s] byte-compiling /home/natdanai/ROS_Source_Code/yahboomcar_ws/function_package_without_WiFi_module/yahboomcar_ws/install/waypoint_nav/lib/python3.10/site-packages/waypoint_nav/collect_points.py to collect_points.cpython-310.pyc
[0.604s] running install_data
[0.604s] creating /home/natdanai/ROS_Source_Code/yahboomcar_ws/function_package_without_WiFi_module/yahboomcar_ws/install/waypoint_nav/share/ament_index
[0.604s] creating /home/natdanai/ROS_Source_Code/yahboomcar_ws/function_package_without_WiFi_module/yahboomcar_ws/install/waypoint_nav/share/ament_index/resource_index
[0.604s] creating /home/natdanai/ROS_Source_Code/yahboomcar_ws/function_package_without_WiFi_module/yahboomcar_ws/install/waypoint_nav/share/ament_index/resource_index/packages
[0.604s] copying resource/waypoint_nav -> /home/natdanai/ROS_Source_Code/yahboomcar_ws/function_package_without_WiFi_module/yahboomcar_ws/install/waypoint_nav/share/ament_index/resource_index/packages
[0.604s] copying package.xml -> /home/natdanai/ROS_Source_Code/yahboomcar_ws/function_package_without_WiFi_module/yahboomcar_ws/install/waypoint_nav/share/waypoint_nav
[0.604s] running install_egg_info
[0.605s] Copying ../../build/waypoint_nav/waypoint_nav.egg-info to /home/natdanai/ROS_Source_Code/yahboomcar_ws/function_package_without_WiFi_module/yahboomcar_ws/install/waypoint_nav/lib/python3.10/site-packages/waypoint_nav-0.0.0-py3.10.egg-info
[0.606s] running install_scripts
[0.619s] Installing check_points script to /home/natdanai/ROS_Source_Code/yahboomcar_ws/function_package_without_WiFi_module/yahboomcar_ws/install/waypoint_nav/lib/waypoint_nav
[0.619s] Installing collect_points script to /home/natdanai/ROS_Source_Code/yahboomcar_ws/function_package_without_WiFi_module/yahboomcar_ws/install/waypoint_nav/lib/waypoint_nav
[0.619s] Installing run_waypoints script to /home/natdanai/ROS_Source_Code/yahboomcar_ws/function_package_without_WiFi_module/yahboomcar_ws/install/waypoint_nav/lib/waypoint_nav
[0.619s] writing list of installed files to '/home/natdanai/ROS_Source_Code/yahboomcar_ws/function_package_without_WiFi_module/yahboomcar_ws/build/waypoint_nav/install.log'
[0.633s] Invoked command in '/home/natdanai/ROS_Source_Code/yahboomcar_ws/function_package_without_WiFi_module/yahboomcar_ws/src/waypoint_nav' returned '0': PYTHONPATH=/home/natdanai/ROS_Source_Code/yahboomcar_ws/function_package_without_WiFi_module/yahboomcar_ws/build/waypoint_nav/prefix_override:/usr/lib/python3/dist-packages/colcon_core/task/python/colcon_distutils_commands:/home/natdanai/ROS_Source_Code/yahboomcar_ws/function_package_without_WiFi_module/yahboomcar_ws/install/waypoint_nav/lib/python3.10/site-packages:${PYTHONPATH} /usr/bin/python3 -W ignore:setup.py install is deprecated -W ignore:easy_install command is deprecated setup.py egg_info --egg-base ../../build/waypoint_nav build --build-base /home/natdanai/ROS_Source_Code/yahboomcar_ws/function_package_without_WiFi_module/yahboomcar_ws/build/waypoint_nav/build install --record /home/natdanai/ROS_Source_Code/yahboomcar_ws/function_package_without_WiFi_module/yahboomcar_ws/build/waypoint_nav/install.log --single-version-externally-managed install_data
